{"timestamp":"2026-04-17 17:57:59","level":"INFO","message":"Environment validation completed successfully"}
{"timestamp":"2026-04-17 17:57:59","level":"INFO","message":"Allowed CORS origins configured","origins":["http://localhost:5173"]}
{"timestamp":"2026-04-17 17:57:59","level":"INFO","message":"Swagger documentation available at /api/docs"}
{"timestamp":"2026-04-17 17:57:59","level":"INFO","message":"Server started successfully","environment":"development","port":"3001","nodeVersion":"v24.14.1"}
{"timestamp":"2026-04-17 17:57:59","level":"INFO","message":"New database connection established","threadId":20}
{"timestamp":"2026-04-17 17:57:59","level":"INFO","message":"Database connected successfully"}
{"timestamp":"2026-04-17 17:57:59","level":"ERROR","message":"Redis Client Error","error":""}
{"timestamp":"2026-04-17 17:58:00","level":"ERROR","message":"Redis Client Error","error":""}
{"timestamp":"2026-04-17 17:58:00","level":"ERROR","message":"Redis Client Error","error":""}
{"timestamp":"2026-04-17 17:58:00","level":"ERROR","message":"Redis Client Error","error":""}
{"timestamp":"2026-04-17 17:58:01","level":"ERROR","message":"Redis Client Error","error":""}
{"timestamp":"2026-04-17 17:58:02","level":"ERROR","message":"Redis Client Error","error":""}
{"timestamp":"2026-04-17 17:58:03","level":"ERROR","message":"Redis Client Error","error":""}
{"timestamp":"2026-04-17 17:58:05","level":"ERROR","message":"Redis Client Error","error":""}
{"timestamp":"2026-04-17 17:58:07","level":"ERROR","message":"Redis Client Error","error":""}
{"timestamp":"2026-04-17 17:58:10","level":"ERROR","message":"Redis Client Error","error":""}
{"timestamp":"2026-04-17 17:58:12","level":"ERROR","message":"Redis Client Error","error":""}
{"timestamp":"2026-04-17 17:58:14","level":"ERROR","message":"Redis Client Error","error":""}
{"timestamp":"2026-04-17 17:58:16","level":"ERROR","message":"Redis Client Error","error":""}
{"timestamp":"2026-04-17 17:58:18","level":"ERROR","message":"Redis Client Error","error":""}
{"timestamp":"2026-04-17 17:58:20","level":"ERROR","message":"Redis Client Error","error":""}
{"timestamp":"2026-04-17 17:58:22","level":"INFO","message":"New database connection established","threadId":22}
{"timestamp":"2026-04-17 17:58:22","level":"INFO","message":"New database connection established","threadId":21}
{"timestamp":"2026-04-17 17:58:22","level":"INFO","message":"New database connection established","threadId":24}
{"timestamp":"2026-04-17 17:58:22","level":"INFO","message":"New database connection established","threadId":23}
{"timestamp":"2026-04-17 17:58:22","level":"INFO","message":"New database connection established","threadId":25}
{"timestamp":"2026-04-17 17:58:22","level":"INFO","message":"New database connection established","threadId":26}
{"timestamp":"2026-04-17 17:58:22","level":"INFO","message":"PERFORMANCE: dashboard.admin-summary","operation":"dashboard.admin-summary","duration":"13ms","cache":"MISS"}
{"timestamp":"2026-04-17 17:58:30","level":"INFO","message":"Environment validation completed successfully"}
{"timestamp":"2026-04-17 17:58:30","level":"INFO","message":"Allowed CORS origins configured","origins":["http://localhost:5173"]}
{"timestamp":"2026-04-17 17:58:30","level":"INFO","message":"Swagger documentation available at /api/docs"}
{"timestamp":"2026-04-17 17:58:30","level":"INFO","message":"Server started successfully","environment":"development","port":"3001","nodeVersion":"v24.14.1"}
{"timestamp":"2026-04-17 17:58:30","level":"INFO","message":"New database connection established","threadId":27}
{"timestamp":"2026-04-17 17:58:30","level":"INFO","message":"Database connected successfully"}
{"timestamp":"2026-04-17 17:58:30","level":"ERROR","message":"Redis Client Error","error":""}
{"timestamp":"2026-04-17 17:58:30","level":"ERROR","message":"Redis Client Error","error":""}
{"timestamp":"2026-04-17 17:58:30","level":"ERROR","message":"Redis Client Error","error":""}
{"timestamp":"2026-04-17 17:58:31","level":"ERROR","message":"Redis Client Error","error":""}
{"timestamp":"2026-04-17 17:58:31","level":"ERROR","message":"Redis Client Error","error":""}
{"timestamp":"2026-04-17 17:58:32","level":"ERROR","message":"Redis Client Error","error":""}
{"timestamp":"2026-04-17 17:58:34","level":"ERROR","message":"Redis Client Error","error":""}
{"timestamp":"2026-04-17 17:58:36","level":"ERROR","message":"Redis Client Error","error":""}
{"timestamp":"2026-04-17 17:58:38","level":"ERROR","message":"Redis Client Error","error":""}
{"timestamp":"2026-04-17 17:58:40","level":"ERROR","message":"Redis Client Error","error":""}
{"timestamp":"2026-04-17 17:58:42","level":"ERROR","message":"Redis Client Error","error":""}
{"timestamp":"2026-04-17 17:58:44","level":"ERROR","message":"Redis Client Error","error":""}
{"timestamp":"2026-04-17 17:58:46","level":"ERROR","message":"Redis Client Error","error":""}
{"timestamp":"2026-04-17 17:58:48","level":"ERROR","message":"Redis Client Error","error":""}
{"timestamp":"2026-04-17 17:58:50","level":"ERROR","message":"Redis Client Error","error":""}
{"timestamp":"2026-04-17 17:58:52","level":"ERROR","message":"Redis Client Error","error":""}
{"timestamp":"2026-04-17 17:58:55","level":"ERROR","message":"Redis Client Error","error":""}
{"timestamp":"2026-04-17 17:58:57","level":"ERROR","message":"Redis Client Error","error":""}
{"timestamp":"2026-04-17 17:58:59","level":"ERROR","message":"Redis Client Error","error":""}
{"timestamp":"2026-04-17 17:59:01","level":"ERROR","message":"Redis Client Error","error":""}
{"timestamp":"2026-04-17 17:59:03","level":"ERROR","message":"Redis Client Error","error":""}
{"timestamp":"2026-04-17 17:59:05","level":"ERROR","message":"Redis Client Error","error":""}
{"timestamp":"2026-04-17 17:59:07","level":"ERROR","message":"Redis Client Error","error":""}
{"timestamp":"2026-04-17 17:59:09","level":"ERROR","message":"Redis Client Error","error":""}
{"timestamp":"2026-04-17 17:59:11","level":"ERROR","message":"Redis Client Error","error":""}
{"timestamp":"2026-04-17 17:59:14","level":"ERROR","message":"Redis Client Error","error":""}
{"timestamp":"2026-04-17 17:59:16","level":"ERROR","message":"Redis Client Error","error":""}
{"timestamp":"2026-04-17 17:59:18","level":"ERROR","message":"Redis Client Error","error":""}
{"timestamp":"2026-04-17 17:59:20","level":"ERROR","message":"Redis Client Error","error":""}
{"timestamp":"2026-04-17 17:59:22","level":"ERROR","message":"Redis Client Error","error":""}
{"timestamp":"2026-04-17 17:59:24","level":"ERROR","message":"Redis Client Error","error":""}
{"timestamp":"2026-04-17 17:59:26","level":"ERROR","message":"Redis Client Error","error":""}
{"timestamp":"2026-04-17 17:59:28","level":"INFO","message":"Environment validation completed successfully"}
{"timestamp":"2026-04-17 17:59:28","level":"INFO","message":"Allowed CORS origins configured","origins":["http://localhost:5173"]}
{"timestamp":"2026-04-17 17:59:28","level":"INFO","message":"Swagger documentation available at /api/docs"}
{"timestamp":"2026-04-17 17:59:29","level":"INFO","message":"Server started successfully","environment":"development","port":"3001","nodeVersion":"v24.14.1"}
{"timestamp":"2026-04-17 17:59:29","level":"ERROR","message":"Redis Client Error","error":""}
{"timestamp":"2026-04-17 17:59:29","level":"INFO","message":"New database connection established","threadId":28}
{"timestamp":"2026-04-17 17:59:29","level":"INFO","message":"Database connected successfully"}
{"timestamp":"2026-04-17 17:59:29","level":"ERROR","message":"Redis Client Error","error":""}
{"timestamp":"2026-04-17 17:59:29","level":"ERROR","message":"Redis Client Error","error":""}
{"timestamp":"2026-04-17 17:59:29","level":"ERROR","message":"Redis Client Error","error":""}
{"timestamp":"2026-04-17 17:59:30","level":"ERROR","message":"Redis Client Error","error":""}
{"timestamp":"2026-04-17 17:59:31","level":"ERROR","message":"Redis Client Error","error":""}
{"timestamp":"2026-04-17 17:59:32","level":"ERROR","message":"Redis Client Error","error":""}
{"timestamp":"2026-04-17 17:59:35","level":"ERROR","message":"Redis Client Error","error":""}
{"timestamp":"2026-04-17 17:59:37","level":"ERROR","message":"Redis Client Error","error":""}
{"timestamp":"2026-04-17 18:03:21","level":"INFO","message":"Environment validation completed successfully"}
{"timestamp":"2026-04-17 18:03:21","level":"INFO","message":"Allowed CORS origins configured","origins":["http://localhost:5173"]}
{"timestamp":"2026-04-17 18:03:21","level":"INFO","message":"Swagger documentation available at /api/docs"}
{"timestamp":"2026-04-17 18:03:21","level":"INFO","message":"Server started successfully","environment":"development","port":"3001","nodeVersion":"v24.14.1"}
{"timestamp":"2026-04-17 18:03:21","level":"INFO","message":"New database connection established","threadId":29}
{"timestamp":"2026-04-17 18:03:21","level":"INFO","message":"Database connected successfully"}
{"timestamp":"2026-04-17 18:03:21","level":"ERROR","message":"Redis Client Error","error":""}
{"timestamp":"2026-04-17 18:03:21","level":"ERROR","message":"Redis Client Error","error":""}
{"timestamp":"2026-04-17 18:03:21","level":"ERROR","message":"Redis Client Error","error":""}
{"timestamp":"2026-04-17 18:03:21","level":"ERROR","message":"Redis Client Error","error":""}
{"timestamp":"2026-04-17 18:03:22","level":"ERROR","message":"Redis Client Error","error":""}
{"timestamp":"2026-04-17 18:03:23","level":"ERROR","message":"Redis Client Error","error":""}
{"timestamp":"2026-04-17 18:03:25","level":"ERROR","message":"Redis Client Error","error":""}
{"timestamp":"2026-04-17 18:03:27","level":"ERROR","message":"Redis Client Error","error":""}
{"timestamp":"2026-04-17 18:03:29","level":"ERROR","message":"Redis Client Error","error":""}
{"timestamp":"2026-04-17 18:03:31","level":"ERROR","message":"Redis Client Error","error":""}
{"timestamp":"2026-04-17 18:03:33","level":"ERROR","message":"Redis Client Error","error":""}
{"timestamp":"2026-04-17 18:03:35","level":"ERROR","message":"Redis Client Error","error":""}
{"timestamp":"2026-04-17 18:03:37","level":"ERROR","message":"Redis Client Error","error":""}
{"timestamp":"2026-04-17 18:03:39","level":"ERROR","message":"Redis Client Error","error":""}
{"timestamp":"2026-04-17 18:03:41","level":"ERROR","message":"Redis Client Error","error":""}
{"timestamp":"2026-04-17 18:03:43","level":"ERROR","message":"Redis Client Error","error":""}
{"timestamp":"2026-04-17 18:03:46","level":"ERROR","message":"Redis Client Error","error":""}
{"timestamp":"2026-04-17 18:03:48","level":"ERROR","message":"Redis Client Error","error":""}
{"timestamp":"2026-04-17 18:03:50","level":"ERROR","message":"Redis Client Error","error":""}
{"timestamp":"2026-04-17 18:03:52","level":"ERROR","message":"Redis Client Error","error":""}
{"timestamp":"2026-04-17 18:03:54","level":"ERROR","message":"Redis Client Error","error":""}
{"timestamp":"2026-04-17 18:03:56","level":"ERROR","message":"Redis Client Error","error":""}
{"timestamp":"2026-04-17 18:03:58","level":"ERROR","message":"Redis Client Error","error":""}
{"timestamp":"2026-04-17 18:04:01","level":"ERROR","message":"Redis Client Error","error":""}
{"timestamp":"2026-04-17 18:04:03","level":"ERROR","message":"Redis Client Error","error":""}
{"timestamp":"2026-04-17 18:04:05","level":"ERROR","message":"Redis Client Error","error":""}
{"timestamp":"2026-04-17 18:04:07","level":"ERROR","message":"Redis Client Error","error":""}
{"timestamp":"2026-04-17 18:04:09","level":"ERROR","message":"Redis Client Error","error":""}
{"timestamp":"2026-04-17 18:04:11","level":"ERROR","message":"Redis Client Error","error":""}
{"timestamp":"2026-04-17 18:04:13","level":"ERROR","message":"Redis Client Error","error":""}
{"timestamp":"2026-04-17 18:04:15","level":"ERROR","message":"Redis Client Error","error":""}
{"timestamp":"2026-04-17 18:04:17","level":"ERROR","message":"Redis Client Error","error":""}
{"timestamp":"2026-04-17 18:04:19","level":"ERROR","message":"Redis Client Error","error":""}
{"timestamp":"2026-04-17 18:04:22","level":"ERROR","message":"Redis Client Error","error":""}
{"timestamp":"2026-04-17 18:04:24","level":"ERROR","message":"Redis Client Error","error":""}
{"timestamp":"2026-04-17 18:04:26","level":"ERROR","message":"Redis Client Error","error":""}
{"timestamp":"2026-04-17 18:04:28","level":"ERROR","message":"Redis Client Error","error":""}
{"timestamp":"2026-04-17 18:04:30","level":"ERROR","message":"Redis Client Error","error":""}
{"timestamp":"2026-04-17 18:04:32","level":"ERROR","message":"Redis Client Error","error":""}
{"timestamp":"2026-04-17 18:04:34","level":"ERROR","message":"Redis Client Error","error":""}
{"timestamp":"2026-04-17 18:04:36","level":"ERROR","message":"Redis Client Error","error":""}
{"timestamp":"2026-04-17 18:04:38","level":"ERROR","message":"Redis Client Error","error":""}
{"timestamp":"2026-04-17 18:04:41","level":"ERROR","message":"Redis Client Error","error":""}
{"timestamp":"2026-04-17 18:04:43","level":"ERROR","message":"Redis Client Error","error":""}
{"timestamp":"2026-04-17 18:04:45","level":"ERROR","message":"Redis Client Error","error":""}
{"timestamp":"2026-04-17 18:04:47","level":"ERROR","message":"Redis Client Error","error":""}
{"timestamp":"2026-04-17 18:04:49","level":"ERROR","message":"Redis Client Error","error":""}
{"timestamp":"2026-04-17 18:04:51","level":"ERROR","message":"Redis Client Error","error":""}
{"timestamp":"2026-04-17 18:04:53","level":"ERROR","message":"Redis Client Error","error":""}
{"timestamp":"2026-04-17 18:04:55","level":"ERROR","message":"Redis Client Error","error":""}
{"timestamp":"2026-04-17 18:04:57","level":"ERROR","message":"Redis Client Error","error":""}
{"timestamp":"2026-04-17 18:04:59","level":"ERROR","message":"Redis Client Error","error":""}
{"timestamp":"2026-04-17 18:05:02","level":"ERROR","message":"Redis Client Error","error":""}
{"timestamp":"2026-04-17 18:05:04","level":"ERROR","message":"Redis Client Error","error":""}
{"timestamp":"2026-04-17 18:05:06","level":"ERROR","message":"Redis Client Error","error":""}
{"timestamp":"2026-04-17 18:05:08","level":"ERROR","message":"Redis Client Error","error":""}
{"timestamp":"2026-04-17 18:05:10","level":"ERROR","message":"Redis Client Error","error":""}
{"timestamp":"2026-04-17 18:05:12","level":"ERROR","message":"Redis Client Error","error":""}
{"timestamp":"2026-04-17 18:05:14","level":"ERROR","message":"Redis Client Error","error":""}
{"timestamp":"2026-04-17 18:05:16","level":"ERROR","message":"Redis Client Error","error":""}
{"timestamp":"2026-04-17 18:05:18","level":"ERROR","message":"Redis Client Error","error":""}
{"timestamp":"2026-04-17 18:05:20","level":"ERROR","message":"Redis Client Error","error":""}
{"timestamp":"2026-04-17 18:05:23","level":"ERROR","message":"Redis Client Error","error":""}
{"timestamp":"2026-04-17 18:05:25","level":"ERROR","message":"Redis Client Error","error":""}
{"timestamp":"2026-04-17 18:05:27","level":"ERROR","message":"Redis Client Error","error":""}
{"timestamp":"2026-04-17 18:05:29","level":"ERROR","message":"Redis Client Error","error":""}
{"timestamp":"2026-04-17 18:05:31","level":"ERROR","message":"Redis Client Error","error":""}
{"timestamp":"2026-04-17 18:05:33","level":"ERROR","message":"Redis Client Error","error":""}
{"timestamp":"2026-04-17 18:05:34","level":"INFO","message":"POST /login","request":{"method":"POST","url":"/api/auth/login","ip":"::1","userAgent":"axios/1.15.0"},"statusCode":400,"duration":"3ms"}
{"timestamp":"2026-04-17 18:05:35","level":"ERROR","message":"Redis Client Error","error":""}
{"timestamp":"2026-04-17 18:05:37","level":"ERROR","message":"Redis Client Error","error":""}
{"timestamp":"2026-04-17 18:05:39","level":"ERROR","message":"Redis Client Error","error":""}
{"timestamp":"2026-04-17 18:05:42","level":"ERROR","message":"Redis Client Error","error":""}
{"timestamp":"2026-04-17 18:05:44","level":"ERROR","message":"Redis Client Error","error":""}
{"timestamp":"2026-04-17 18:05:45","level":"INFO","message":"POST /login","request":{"method":"POST","url":"/api/auth/login","ip":"::1","userAgent":"axios/1.15.0"},"statusCode":401,"duration":"4ms"}
{"timestamp":"2026-04-17 18:05:46","level":"ERROR","message":"Redis Client Error","error":""}
{"timestamp":"2026-04-17 18:05:48","level":"ERROR","message":"Redis Client Error","error":""}
{"timestamp":"2026-04-17 18:05:50","level":"ERROR","message":"Redis Client Error","error":""}
{"timestamp":"2026-04-17 18:05:52","level":"ERROR","message":"Redis Client Error","error":""}
{"timestamp":"2026-04-17 18:05:54","level":"ERROR","message":"Redis Client Error","error":""}
{"timestamp":"2026-04-17 18:05:56","level":"ERROR","message":"Redis Client Error","error":""}
{"timestamp":"2026-04-17 18:05:57","level":"INFO","message":"POST /login","request":{"method":"POST","url":"/api/auth/login","ip":"::1","userAgent":"axios/1.15.0"},"statusCode":401,"duration":"223ms"}
{"timestamp":"2026-04-17 18:05:57","level":"INFO","message":"POST /login","request":{"method":"POST","url":"/api/auth/login","ip":"::1","userAgent":"axios/1.15.0"},"statusCode":401,"duration":"1ms"}
{"timestamp":"2026-04-17 18:05:57","level":"INFO","message":"POST /login","request":{"method":"POST","url":"/api/auth/login","ip":"::1","userAgent":"axios/1.15.0"},"statusCode":401,"duration":"1ms"}
{"timestamp":"2026-04-17 18:05:57","level":"INFO","message":"POST /login","request":{"method":"POST","url":"/api/auth/login","ip":"::1","userAgent":"axios/1.15.0"},"statusCode":401,"duration":"219ms"}
{"timestamp":"2026-04-17 18:05:57","level":"INFO","message":"POST /login","request":{"method":"POST","url":"/api/auth/login","ip":"::1","userAgent":"axios/1.15.0"},"statusCode":401,"duration":"1ms"}
{"timestamp":"2026-04-17 18:05:58","level":"ERROR","message":"Redis Client Error","error":""}
{"timestamp":"2026-04-17 18:06:00","level":"ERROR","message":"Redis Client Error","error":""}
{"timestamp":"2026-04-17 18:06:02","level":"ERROR","message":"Redis Client Error","error":""}
{"timestamp":"2026-04-17 18:06:04","level":"ERROR","message":"Redis Client Error","error":""}
{"timestamp":"2026-04-17 18:06:06","level":"ERROR","message":"Redis Client Error","error":""}
{"timestamp":"2026-04-17 18:06:09","level":"ERROR","message":"Redis Client Error","error":""}
{"timestamp":"2026-04-17 18:06:11","level":"ERROR","message":"Redis Client Error","error":""}
{"timestamp":"2026-04-17 18:06:13","level":"ERROR","message":"Redis Client Error","error":""}
{"timestamp":"2026-04-17 18:06:15","level":"ERROR","message":"Redis Client Error","error":""}
{"timestamp":"2026-04-17 18:06:17","level":"ERROR","message":"Redis Client Error","error":""}
{"timestamp":"2026-04-17 18:06:19","level":"ERROR","message":"Redis Client Error","error":""}
{"timestamp":"2026-04-17 18:06:21","level":"ERROR","message":"Redis Client Error","error":""}
{"timestamp":"2026-04-17 18:06:23","level":"ERROR","message":"Redis Client Error","error":""}
{"timestamp":"2026-04-17 18:06:25","level":"ERROR","message":"Redis Client Error","error":""}
{"timestamp":"2026-04-17 18:06:26","level":"INFO","message":"New database connection established","threadId":30}
{"timestamp":"2026-04-17 18:06:26","level":"INFO","message":"New database connection established","threadId":31}
{"timestamp":"2026-04-17 18:06:26","level":"INFO","message":"New database connection established","threadId":32}
{"timestamp":"2026-04-17 18:06:26","level":"INFO","message":"New database connection established","threadId":34}
{"timestamp":"2026-04-17 18:06:26","level":"INFO","message":"New database connection established","threadId":35}
{"timestamp":"2026-04-17 18:06:26","level":"INFO","message":"New database connection established","threadId":33}
{"timestamp":"2026-04-17 18:06:26","level":"INFO","message":"PERFORMANCE: dashboard.admin-summary","operation":"dashboard.admin-summary","duration":"10ms","cache":"MISS"}
{"timestamp":"2026-04-17 18:06:26","level":"INFO","message":"GET /admin-summary","request":{"method":"GET","url":"/api/dashboard/admin-summary","ip":"::1","userAgent":"axios/1.15.0","userId":1,"userRole":"Admin"},"statusCode":200,"duration":"13ms"}
{"timestamp":"2026-04-17 18:06:26","level":"INFO","message":"PERFORMANCE: dashboard.admin-summary","operation":"dashboard.admin-summary","duration":"1ms","cache":"MISS"}
{"timestamp":"2026-04-17 18:06:26","level":"INFO","message":"GET /admin-summary","request":{"method":"GET","url":"/api/dashboard/admin-summary","ip":"::1","userAgent":"axios/1.15.0","userId":1,"userRole":"Admin"},"statusCode":200,"duration":"3ms"}
{"timestamp":"2026-04-17 18:06:26","level":"INFO","message":"PERFORMANCE: dashboard.admin-summary","operation":"dashboard.admin-summary","duration":"2ms","cache":"BYPASS"}
{"timestamp":"2026-04-17 18:06:26","level":"INFO","message":"GET /admin-summary","request":{"method":"GET","url":"/api/dashboard/admin-summary?refresh=true","ip":"::1","userAgent":"axios/1.15.0","userId":1,"userRole":"Admin"},"statusCode":200,"duration":"3ms"}
{"timestamp":"2026-04-17 18:06:27","level":"ERROR","message":"Redis Client Error","error":""}
{"timestamp":"2026-04-17 18:06:29","level":"ERROR","message":"Redis Client Error","error":""}
{"timestamp":"2026-04-17 18:06:32","level":"ERROR","message":"Redis Client Error","error":""}
{"timestamp":"2026-04-17 18:06:34","level":"ERROR","message":"Redis Client Error","error":""}
{"timestamp":"2026-04-17 18:06:36","level":"ERROR","message":"Redis Client Error","error":""}
