{
  "timestamp": "2026-04-20 00:24:18",
  "level": "INFO",
  "message": "GET /me",
  "statusCode": 401,
  "duration": "1ms",
  "request": {
    "method": "GET",
    "url": "/api/auth/me",
    "ip": "::1",
    "userAgent": "Mozilla/5.0 (Windows NT 10.0; Win64; x64) AppleWebKit/537.36 (KHTML, like Gecko) Chrome/145.0.0.0 Safari/537.36 OPR/129.0.0.0"
  }
}
{
  "timestamp": "2026-04-20 00:24:18",
  "level": "INFO",
  "message": "POST /refresh",
  "statusCode": 200,
  "duration": "3ms",
  "request": {
    "method": "POST",
    "url": "/api/auth/refresh",
    "ip": "::1",
    "userAgent": "Mozilla/5.0 (Windows NT 10.0; Win64; x64) AppleWebKit/537.36 (KHTML, like Gecko) Chrome/145.0.0.0 Safari/537.36 OPR/129.0.0.0"
  }
}
{
  "timestamp": "2026-04-20 00:24:18",
  "level": "INFO",
  "message": "GET /me",
  "statusCode": 200,
  "duration": "2ms",
  "request": {
    "method": "GET",
    "url": "/api/auth/me",
    "ip": "::1",
    "userAgent": "Mozilla/5.0 (Windows NT 10.0; Win64; x64) AppleWebKit/537.36 (KHTML, like Gecko) Chrome/145.0.0.0 Safari/537.36 OPR/129.0.0.0",
    "userId": "70e770f6-1d37-4bbc-8745-e9f8fac346fe",
    "userRole": "Teknisi"
  }
}
{
  "timestamp": "2026-04-20 00:24:18",
  "level": "INFO",
  "message": "GET /",
  "statusCode": 200,
  "duration": "3ms",
  "request": {
    "method": "GET",
    "url": "/api/tickets?page=1&perPage=50&status=Pending&unassigned=true",
    "ip": "::1",
    "userAgent": "Mozilla/5.0 (Windows NT 10.0; Win64; x64) AppleWebKit/537.36 (KHTML, like Gecko) Chrome/145.0.0.0 Safari/537.36 OPR/129.0.0.0",
    "userId": "70e770f6-1d37-4bbc-8745-e9f8fac346fe",
    "userRole": "Teknisi"
  }
}
{
  "timestamp": "2026-04-20 00:24:20",
  "level": "INFO",
  "message": "GET /cc0be4bf-c6fd-4dea-a1cd-f48c7203e3fd",
  "statusCode": 200,
  "duration": "3ms",
  "request": {
    "method": "GET",
    "url": "/api/tickets/cc0be4bf-c6fd-4dea-a1cd-f48c7203e3fd",
    "ip": "::1",
    "userAgent": "Mozilla/5.0 (Windows NT 10.0; Win64; x64) AppleWebKit/537.36 (KHTML, like Gecko) Chrome/145.0.0.0 Safari/537.36 OPR/129.0.0.0",
    "userId": "70e770f6-1d37-4bbc-8745-e9f8fac346fe",
    "userRole": "Teknisi"
  }
}
{
  "timestamp": "2026-04-20 00:24:20",
  "level": "INFO",
  "message": "GET /ticket/cc0be4bf-c6fd-4dea-a1cd-f48c7203e3fd",
  "statusCode": 200,
  "duration": "14ms",
  "request": {
    "method": "GET",
    "url": "/api/uploads/ticket/cc0be4bf-c6fd-4dea-a1cd-f48c7203e3fd",
    "ip": "::1",
    "userAgent": "Mozilla/5.0 (Windows NT 10.0; Win64; x64) AppleWebKit/537.36 (KHTML, like Gecko) Chrome/145.0.0.0 Safari/537.36 OPR/129.0.0.0",
    "userId": "70e770f6-1d37-4bbc-8745-e9f8fac346fe",
    "userRole": "Teknisi"
  }
}
{
  "timestamp": "2026-04-20 00:24:20",
  "level": "INFO",
  "message": "GET /cc0be4bf-c6fd-4dea-a1cd-f48c7203e3fd/notes",
  "statusCode": 200,
  "duration": "10ms",
  "request": {
    "method": "GET",
    "url": "/api/tickets/cc0be4bf-c6fd-4dea-a1cd-f48c7203e3fd/notes",
    "ip": "::1",
    "userAgent": "Mozilla/5.0 (Windows NT 10.0; Win64; x64) AppleWebKit/537.36 (KHTML, like Gecko) Chrome/145.0.0.0 Safari/537.36 OPR/129.0.0.0",
    "userId": "70e770f6-1d37-4bbc-8745-e9f8fac346fe",
    "userRole": "Teknisi"
  }
}
{
  "timestamp": "2026-04-20 00:24:24",
  "level": "INFO",
  "message": "PERFORMANCE: dashboard.technician-summary",
  "operation": "dashboard.technician-summary",
  "duration": "3ms",
  "cache": "MISS"
}
{
  "timestamp": "2026-04-20 00:24:24",
  "level": "INFO",
  "message": "GET /technician-summary",
  "statusCode": 304,
  "duration": "7ms",
  "request": {
    "method": "GET",
    "url": "/api/dashboard/technician-summary",
    "ip": "::1",
    "userAgent": "Mozilla/5.0 (Windows NT 10.0; Win64; x64) AppleWebKit/537.36 (KHTML, like Gecko) Chrome/145.0.0.0 Safari/537.36 OPR/129.0.0.0",
    "userId": "70e770f6-1d37-4bbc-8745-e9f8fac346fe",
    "userRole": "Teknisi"
  }
}
{
  "timestamp": "2026-04-20 00:28:44",
  "level": "INFO",
  "message": "GET /",
  "statusCode": 200,
  "duration": "3ms",
  "request": {
    "method": "GET",
    "url": "/api/tickets?page=1&perPage=50&status=Pending&unassigned=true",
    "ip": "::1",
    "userAgent": "Mozilla/5.0 (Windows NT 10.0; Win64; x64) AppleWebKit/537.36 (KHTML, like Gecko) Chrome/145.0.0.0 Safari/537.36 OPR/129.0.0.0",
    "userId": "70e770f6-1d37-4bbc-8745-e9f8fac346fe",
    "userRole": "Teknisi"
  }
}
{
  "timestamp": "2026-04-20 00:28:51",
  "level": "INFO",
  "message": "PERFORMANCE: dashboard.technician-summary",
  "operation": "dashboard.technician-summary",
  "duration": "1ms",
  "cache": "MISS"
}
{
  "timestamp": "2026-04-20 00:28:51",
  "level": "INFO",
  "message": "GET /technician-summary",
  "statusCode": 304,
  "duration": "6ms",
  "request": {
    "method": "GET",
    "url": "/api/dashboard/technician-summary",
    "ip": "::1",
    "userAgent": "Mozilla/5.0 (Windows NT 10.0; Win64; x64) AppleWebKit/537.36 (KHTML, like Gecko) Chrome/145.0.0.0 Safari/537.36 OPR/129.0.0.0",
    "userId": "70e770f6-1d37-4bbc-8745-e9f8fac346fe",
    "userRole": "Teknisi"
  }
}
{
  "timestamp": "2026-04-20 00:28:51",
  "level": "INFO",
  "message": "GET /",
  "statusCode": 200,
  "duration": "3ms",
  "request": {
    "method": "GET",
    "url": "/api/tickets?page=1&perPage=50&status=Pending&unassigned=true",
    "ip": "::1",
    "userAgent": "Mozilla/5.0 (Windows NT 10.0; Win64; x64) AppleWebKit/537.36 (KHTML, like Gecko) Chrome/145.0.0.0 Safari/537.36 OPR/129.0.0.0",
    "userId": "70e770f6-1d37-4bbc-8745-e9f8fac346fe",
    "userRole": "Teknisi"
  }
}
{
  "timestamp": "2026-04-20 00:28:52",
  "level": "INFO",
  "message": "GET /",
  "statusCode": 200,
  "duration": "2ms",
  "request": {
    "method": "GET",
    "url": "/api/tickets?page=1&perPage=50&technician_id=70e770f6-1d37-4bbc-8745-e9f8fac346fe",
    "ip": "::1",
    "userAgent": "Mozilla/5.0 (Windows NT 10.0; Win64; x64) AppleWebKit/537.36 (KHTML, like Gecko) Chrome/145.0.0.0 Safari/537.36 OPR/129.0.0.0",
    "userId": "70e770f6-1d37-4bbc-8745-e9f8fac346fe",
    "userRole": "Teknisi"
  }
}
{
  "timestamp": "2026-04-20 00:28:52",
  "level": "INFO",
  "message": "User connected to WebSocket",
  "socketId": "cYthXYNpmJsv7peyAAAB"
}
{
  "timestamp": "2026-04-20 00:28:52",
  "level": "INFO",
  "message": "GET /",
  "statusCode": 200,
  "duration": "16ms",
  "request": {
    "method": "GET",
    "url": "/api/chats?page=1&perPage=50",
    "ip": "::1",
    "userAgent": "Mozilla/5.0 (Windows NT 10.0; Win64; x64) AppleWebKit/537.36 (KHTML, like Gecko) Chrome/145.0.0.0 Safari/537.36 OPR/129.0.0.0",
    "userId": "70e770f6-1d37-4bbc-8745-e9f8fac346fe",
    "userRole": "Teknisi"
  }
}
{
  "timestamp": "2026-04-20 00:28:53",
  "level": "INFO",
  "message": "User disconnected from WebSocket",
  "socketId": "cYthXYNpmJsv7peyAAAB"
}
{
  "timestamp": "2026-04-20 00:28:53",
  "level": "WARN",
  "message": "404 Not Found",
  "path": "/api/technician-settings",
  "method": "GET"
}
{
  "timestamp": "2026-04-20 00:28:53",
  "level": "INFO",
  "message": "GET /api/technician-settings",
  "statusCode": 404,
  "duration": "3ms",
  "request": {
    "method": "GET",
    "url": "/api/technician-settings?page=1&perPage=1&filter=user_id+%3D+%2270e770f6-1d37-4bbc-8745-e9f8fac346fe%22",
    "ip": "::1",
    "userAgent": "Mozilla/5.0 (Windows NT 10.0; Win64; x64) AppleWebKit/537.36 (KHTML, like Gecko) Chrome/145.0.0.0 Safari/537.36 OPR/129.0.0.0"
  }
}
{
  "timestamp": "2026-04-20 00:29:58",
  "level": "INFO",
  "message": "PERFORMANCE: dashboard.technician-summary",
  "operation": "dashboard.technician-summary",
  "duration": "3ms",
  "cache": "MISS"
}
{
  "timestamp": "2026-04-20 00:29:58",
  "level": "INFO",
  "message": "GET /technician-summary",
  "statusCode": 304,
  "duration": "10ms",
  "request": {
    "method": "GET",
    "url": "/api/dashboard/technician-summary",
    "ip": "::1",
    "userAgent": "Mozilla/5.0 (Windows NT 10.0; Win64; x64) AppleWebKit/537.36 (KHTML, like Gecko) Chrome/145.0.0.0 Safari/537.36 OPR/129.0.0.0",
    "userId": "70e770f6-1d37-4bbc-8745-e9f8fac346fe",
    "userRole": "Teknisi"
  }
}
{
  "timestamp": "2026-04-20 00:31:12",
  "level": "INFO",
  "message": "GET /",
  "statusCode": 200,
  "duration": "5ms",
  "request": {
    "method": "GET",
    "url": "/api/tickets?page=1&perPage=50&status=Pending&unassigned=true",
    "ip": "::1",
    "userAgent": "Mozilla/5.0 (Windows NT 10.0; Win64; x64) AppleWebKit/537.36 (KHTML, like Gecko) Chrome/145.0.0.0 Safari/537.36 OPR/129.0.0.0",
    "userId": "70e770f6-1d37-4bbc-8745-e9f8fac346fe",
    "userRole": "Teknisi"
  }
}
{
  "timestamp": "2026-04-20 00:31:14",
  "level": "INFO",
  "message": "GET /",
  "statusCode": 200,
  "duration": "4ms",
  "request": {
    "method": "GET",
    "url": "/api/tickets?page=1&perPage=50&technician_id=70e770f6-1d37-4bbc-8745-e9f8fac346fe",
    "ip": "::1",
    "userAgent": "Mozilla/5.0 (Windows NT 10.0; Win64; x64) AppleWebKit/537.36 (KHTML, like Gecko) Chrome/145.0.0.0 Safari/537.36 OPR/129.0.0.0",
    "userId": "70e770f6-1d37-4bbc-8745-e9f8fac346fe",
    "userRole": "Teknisi"
  }
}
{
  "timestamp": "2026-04-20 00:31:15",
  "level": "INFO",
  "message": "GET /",
  "statusCode": 304,
  "duration": "4ms",
  "request": {
    "method": "GET",
    "url": "/api/chats?page=1&perPage=50",
    "ip": "::1",
    "userAgent": "Mozilla/5.0 (Windows NT 10.0; Win64; x64) AppleWebKit/537.36 (KHTML, like Gecko) Chrome/145.0.0.0 Safari/537.36 OPR/129.0.0.0",
    "userId": "70e770f6-1d37-4bbc-8745-e9f8fac346fe",
    "userRole": "Teknisi"
  }
}
{
  "timestamp": "2026-04-20 00:31:15",
  "level": "INFO",
  "message": "User connected to WebSocket",
  "socketId": "8FC4MRJuUgJ59p7jAAAD"
}
{
  "timestamp": "2026-04-20 00:31:51",
  "level": "INFO",
  "message": "User disconnected from WebSocket",
  "socketId": "8FC4MRJuUgJ59p7jAAAD"
}
{
  "timestamp": "2026-04-20 00:31:51",
  "level": "WARN",
  "message": "404 Not Found",
  "path": "/api/technician-settings",
  "method": "GET"
}
{
  "timestamp": "2026-04-20 00:31:51",
  "level": "INFO",
  "message": "GET /api/technician-settings",
  "statusCode": 404,
  "duration": "2ms",
  "request": {
    "method": "GET",
    "url": "/api/technician-settings?page=1&perPage=1&filter=user_id+%3D+%2270e770f6-1d37-4bbc-8745-e9f8fac346fe%22",
    "ip": "::1",
    "userAgent": "Mozilla/5.0 (Windows NT 10.0; Win64; x64) AppleWebKit/537.36 (KHTML, like Gecko) Chrome/145.0.0.0 Safari/537.36 OPR/129.0.0.0"
  }
}
{
  "timestamp": "2026-04-20 20:48:53",
  "level": "INFO",
  "message": "Environment validation completed successfully"
}
{
  "timestamp": "2026-04-20 20:48:53",
  "level": "INFO",
  "message": "Allowed CORS origins configured",
  "origins": [
    "http://localhost:3000",
    "http://localhost:5173"
  ]
}
{
  "timestamp": "2026-04-20 20:48:53",
  "level": "INFO",
  "message": "Swagger documentation available at /api/docs"
}
{
  "timestamp": "2026-04-20 20:48:53",
  "level": "INFO",
  "message": "Server started successfully",
  "environment": "development",
  "port": "3001",
  "nodeVersion": "v24.14.1"
}
{
  "timestamp": "2026-04-20 21:34:35",
  "level": "INFO",
  "message": "Environment validation completed successfully"
}
{
  "timestamp": "2026-04-20 21:34:35",
  "level": "INFO",
  "message": "Allowed CORS origins configured",
  "origins": [
    "http://localhost:3000",
    "http://localhost:5173"
  ]
}
{
  "timestamp": "2026-04-20 21:34:35",
  "level": "INFO",
  "message": "Swagger documentation available at /api/docs"
}
{
  "timestamp": "2026-04-20 21:34:35",
  "level": "INFO",
  "message": "Server started successfully",
  "environment": "development",
  "port": "3001",
  "nodeVersion": "v24.14.1"
}
{
  "timestamp": "2026-04-20 21:34:35",
  "level": "INFO",
  "message": "New database connection established",
  "threadId": 11
}
{
  "timestamp": "2026-04-20 21:34:35",
  "level": "INFO",
  "message": "Database connected successfully"
}
{
  "timestamp": "2026-04-20 21:34:35",
  "level": "WARN",
  "message": "Redis unavailable, running without cache",
  "error": ""
}
{
  "timestamp": "2026-04-20 21:34:52",
  "level": "WARN",
  "message": "Redis reconnect attempts exhausted, cache disabled"
}
{
  "timestamp": "2026-04-20 21:34:52",
  "level": "ERROR",
  "message": "Failed to connect to Redis",
  "error": ""
}
{
  "timestamp": "2026-04-20 21:34:52",
  "level": "INFO",
  "message": "Skipping cache warm-up because Redis is not connected"
}
{
  "timestamp": "2026-04-20 21:35:25",
  "level": "INFO",
  "message": "GET /live",
  "statusCode": 200,
  "duration": "3ms",
  "request": {
    "method": "GET",
    "url": "/api/health/live",
    "ip": "::1",
    "userAgent": "node"
  }
}
{
  "timestamp": "2026-04-20 21:35:25",
  "level": "INFO",
  "message": "GET /metrics",
  "statusCode": 200,
  "duration": "4ms",
  "request": {
    "method": "GET",
    "url": "/api/health/metrics",
    "ip": "::1",
    "userAgent": "node"
  }
}
{
  "timestamp": "2026-04-20 21:35:26",
  "level": "INFO",
  "message": "GET /live",
  "statusCode": 200,
  "duration": "0ms",
  "request": {
    "method": "GET",
    "url": "/api/health/live",
    "ip": "::1",
    "userAgent": "node"
  }
}
{
  "timestamp": "2026-04-20 21:35:26",
  "level": "INFO",
  "message": "GET /metrics",
  "statusCode": 200,
  "duration": "2ms",
  "request": {
    "method": "GET",
    "url": "/api/health/metrics",
    "ip": "::1",
    "userAgent": "node"
  }
}
{
  "timestamp": "2026-04-20 21:35:26",
  "level": "INFO",
  "message": "GET /version",
  "statusCode": 200,
  "duration": "1ms",
  "request": {
    "method": "GET",
    "url": "/api/health/version",
    "ip": "::1",
    "userAgent": "node"
  }
}
{
  "timestamp": "2026-04-20 21:44:12",
  "level": "INFO",
  "message": "Environment validation completed successfully"
}
{
  "timestamp": "2026-04-20 21:44:12",
  "level": "INFO",
  "message": "Allowed CORS origins configured",
  "origins": [
    "http://localhost:3000",
    "http://localhost:5173"
  ]
}
{
  "timestamp": "2026-04-20 21:44:12",
  "level": "INFO",
  "message": "Swagger documentation available at /api/docs"
}
{
  "timestamp": "2026-04-20 21:44:12",
  "level": "INFO",
  "message": "Server started successfully",
  "environment": "test",
  "port": "3001",
  "nodeVersion": "v24.14.1"
}
{
  "timestamp": "2026-04-20 21:44:12",
  "level": "INFO",
  "message": "GET /live",
  "statusCode": 200,
  "duration": "3ms",
  "request": {
    "method": "GET",
    "url": "/api/health/live",
    "ip": "::ffff:127.0.0.1"
  }
}
{
  "timestamp": "2026-04-20 21:44:12",
  "level": "INFO",
  "message": "New database connection established",
  "threadId": 14
}
{
  "timestamp": "2026-04-20 21:44:12",
  "level": "INFO",
  "message": "Database connected successfully"
}
{
  "timestamp": "2026-04-20 21:44:12",
  "level": "WARN",
  "message": "Redis unavailable, running without cache",
  "error": ""
}
{
  "timestamp": "2026-04-20 21:44:13",
  "level": "INFO",
  "message": "POST /login",
  "statusCode": 401,
  "duration": "235ms",
  "request": {
    "method": "POST",
    "url": "/api/auth/login",
    "ip": "::ffff:127.0.0.1"
  }
}
{
  "timestamp": "2026-04-20 21:44:13",
  "level": "INFO",
  "message": "POST /login",
  "statusCode": 401,
  "duration": "223ms",
  "request": {
    "method": "POST",
    "url": "/api/auth/login",
    "ip": "::ffff:127.0.0.1"
  }
}
{
  "timestamp": "2026-04-20 21:44:29",
  "level": "WARN",
  "message": "Redis reconnect attempts exhausted, cache disabled"
}
{
  "timestamp": "2026-04-20 21:44:29",
  "level": "ERROR",
  "message": "Failed to connect to Redis",
  "error": ""
}
{
  "timestamp": "2026-04-20 21:44:29",
  "level": "INFO",
  "message": "Skipping cache warm-up because Redis is not connected"
}
{
  "timestamp": "2026-04-20 21:48:45",
  "level": "INFO",
  "message": "Environment validation completed successfully"
}
{
  "timestamp": "2026-04-20 21:48:45",
  "level": "INFO",
  "message": "Allowed CORS origins configured",
  "origins": [
    "http://localhost:3000",
    "http://localhost:5173"
  ]
}
{
  "timestamp": "2026-04-20 21:48:45",
  "level": "INFO",
  "message": "Swagger documentation available at /api/docs"
}
{
  "timestamp": "2026-04-20 21:48:46",
  "level": "INFO",
  "message": "Server started successfully",
  "environment": "test",
  "port": "3001",
  "nodeVersion": "v24.14.1"
}
{
  "timestamp": "2026-04-20 21:48:46",
  "level": "INFO",
  "message": "New database connection established",
  "threadId": 15
}
{
  "timestamp": "2026-04-20 21:48:46",
  "level": "INFO",
  "message": "Database connected successfully"
}
{
  "timestamp": "2026-04-20 21:48:46",
  "level": "WARN",
  "message": "Redis unavailable, running without cache",
  "error": ""
}
{
  "timestamp": "2026-04-20 21:48:46",
  "level": "INFO",
  "message": "New database connection established",
  "threadId": 16
}
{
  "timestamp": "2026-04-20 21:48:46",
  "level": "INFO",
  "message": "GET /live",
  "statusCode": 200,
  "duration": "3ms",
  "request": {
    "method": "GET",
    "url": "/api/health/live",
    "ip": "::ffff:127.0.0.1"
  }
}
{
  "timestamp": "2026-04-20 21:48:46",
  "level": "INFO",
  "message": "POST /login",
  "statusCode": 200,
  "duration": "65ms",
  "request": {
    "method": "POST",
    "url": "/api/auth/login",
    "ip": "::ffff:127.0.0.1"
  }
}
{
  "timestamp": "2026-04-20 21:48:46",
  "level": "INFO",
  "message": "POST /login",
  "statusCode": 200,
  "duration": "58ms",
  "request": {
    "method": "POST",
    "url": "/api/auth/login",
    "ip": "::ffff:127.0.0.1"
  }
}
{
  "timestamp": "2026-04-20 21:48:46",
  "level": "INFO",
  "message": "GET /me",
  "statusCode": 200,
  "duration": "3ms",
  "request": {
    "method": "GET",
    "url": "/api/auth/me",
    "ip": "::ffff:127.0.0.1",
    "userId": "phase2-contract-user",
    "userRole": "User"
  }
}
{
  "timestamp": "2026-04-20 21:49:02",
  "level": "WARN",
  "message": "Redis reconnect attempts exhausted, cache disabled"
}
{
  "timestamp": "2026-04-20 21:49:02",
  "level": "ERROR",
  "message": "Failed to connect to Redis",
  "error": ""
}
{
  "timestamp": "2026-04-20 21:49:02",
  "level": "INFO",
  "message": "Skipping cache warm-up because Redis is not connected"
}
{
  "timestamp": "2026-04-20 21:55:00",
  "level": "INFO",
  "message": "Environment validation completed successfully"
}
{
  "timestamp": "2026-04-20 21:55:00",
  "level": "INFO",
  "message": "Allowed CORS origins configured",
  "origins": [
    "http://localhost:3000",
    "http://localhost:5173"
  ]
}
{
  "timestamp": "2026-04-20 21:55:00",
  "level": "INFO",
  "message": "Swagger documentation available at /api/docs"
}
{
  "timestamp": "2026-04-20 21:55:00",
  "level": "INFO",
  "message": "Server started successfully",
  "environment": "test",
  "port": "3001",
  "nodeVersion": "v24.14.1"
}
{
  "timestamp": "2026-04-20 21:55:00",
  "level": "INFO",
  "message": "New database connection established",
  "threadId": 17
}
{
  "timestamp": "2026-04-20 21:55:00",
  "level": "INFO",
  "message": "Database connected successfully"
}
{
  "timestamp": "2026-04-20 21:55:00",
  "level": "INFO",
  "message": "New database connection established",
  "threadId": 18
}
{
  "timestamp": "2026-04-20 21:55:00",
  "level": "INFO",
  "message": "GET /live",
  "statusCode": 200,
  "duration": "3ms",
  "request": {
    "method": "GET",
    "url": "/api/health/live",
    "ip": "::ffff:127.0.0.1"
  }
}
{
  "timestamp": "2026-04-20 21:55:00",
  "level": "INFO",
  "message": "POST /login",
  "statusCode": 200,
  "duration": "63ms",
  "request": {
    "method": "POST",
    "url": "/api/auth/login",
    "ip": "::ffff:127.0.0.1"
  }
}
{
  "timestamp": "2026-04-20 21:55:00",
  "level": "INFO",
  "message": "POST /login",
  "statusCode": 200,
  "duration": "57ms",
  "request": {
    "method": "POST",
    "url": "/api/auth/login",
    "ip": "::ffff:127.0.0.1"
  }
}
{
  "timestamp": "2026-04-20 21:55:00",
  "level": "INFO",
  "message": "GET /me",
  "statusCode": 200,
  "duration": "3ms",
  "request": {
    "method": "GET",
    "url": "/api/auth/me",
    "ip": "::ffff:127.0.0.1",
    "userId": "phase2-contract-user",
    "userRole": "User"
  }
}
{
  "timestamp": "2026-04-20 21:57:33",
  "level": "INFO",
  "message": "Environment validation completed successfully"
}
{
  "timestamp": "2026-04-20 21:57:33",
  "level": "INFO",
  "message": "Allowed CORS origins configured",
  "origins": [
    "http://localhost:3000",
    "http://localhost:5173"
  ]
}
{
  "timestamp": "2026-04-20 21:57:33",
  "level": "INFO",
  "message": "Swagger documentation available at /api/docs"
}
{
  "timestamp": "2026-04-20 21:57:33",
  "level": "INFO",
  "message": "Server started successfully",
  "environment": "test",
  "port": "3001",
  "nodeVersion": "v24.14.1"
}
{
  "timestamp": "2026-04-20 21:57:33",
  "level": "INFO",
  "message": "New database connection established",
  "threadId": 19
}
{
  "timestamp": "2026-04-20 21:57:33",
  "level": "INFO",
  "message": "Database connected successfully"
}
{
  "timestamp": "2026-04-20 21:57:33",
  "level": "INFO",
  "message": "New database connection established",
  "threadId": 20
}
{
  "timestamp": "2026-04-20 21:57:33",
  "level": "INFO",
  "message": "GET /live",
  "statusCode": 200,
  "duration": "3ms",
  "request": {
    "method": "GET",
    "url": "/api/health/live",
    "ip": "::ffff:127.0.0.1"
  }
}
{
  "timestamp": "2026-04-20 21:57:33",
  "level": "INFO",
  "message": "POST /login",
  "statusCode": 200,
  "duration": "63ms",
  "request": {
    "method": "POST",
    "url": "/api/auth/login",
    "ip": "::ffff:127.0.0.1"
  }
}
{
  "timestamp": "2026-04-20 21:57:33",
  "level": "INFO",
  "message": "POST /login",
  "statusCode": 200,
  "duration": "58ms",
  "request": {
    "method": "POST",
    "url": "/api/auth/login",
    "ip": "::ffff:127.0.0.1"
  }
}
{
  "timestamp": "2026-04-20 21:57:33",
  "level": "INFO",
  "message": "GET /me",
  "statusCode": 200,
  "duration": "3ms",
  "request": {
    "method": "GET",
    "url": "/api/auth/me",
    "ip": "::ffff:127.0.0.1",
    "userId": "phase2-contract-user",
    "userRole": "User"
  }
}
{
  "timestamp": "2026-04-20 22:26:13",
  "level": "INFO",
  "message": "Environment validation completed successfully"
}
{
  "timestamp": "2026-04-20 22:26:13",
  "level": "INFO",
  "message": "Allowed CORS origins configured",
  "origins": [
    "http://localhost:3000",
    "http://localhost:5173"
  ]
}
{
  "timestamp": "2026-04-20 22:26:13",
  "level": "INFO",
  "message": "Swagger documentation available at /api/docs"
}
{
  "timestamp": "2026-04-20 22:26:14",
  "level": "INFO",
  "message": "Server started successfully",
  "environment": "test",
  "port": "3001",
  "nodeVersion": "v24.14.1"
}
{
  "timestamp": "2026-04-20 22:26:14",
  "level": "INFO",
  "message": "New database connection established",
  "threadId": 21
}
{
  "timestamp": "2026-04-20 22:26:14",
  "level": "INFO",
  "message": "Database connected successfully"
}
{
  "timestamp": "2026-04-20 22:26:14",
  "level": "INFO",
  "message": "New database connection established",
  "threadId": 22
}
{
  "timestamp": "2026-04-20 22:26:14",
  "level": "INFO",
  "message": "POST /login",
  "statusCode": 200,
  "duration": "63ms",
  "request": {
    "method": "POST",
    "url": "/api/auth/login",
    "ip": "::ffff:127.0.0.1"
  }
}
{
  "timestamp": "2026-04-20 22:26:14",
  "level": "INFO",
  "message": "GET /live",
  "statusCode": 200,
  "duration": "0ms",
  "request": {
    "method": "GET",
    "url": "/api/health/live",
    "ip": "::ffff:127.0.0.1"
  }
}
{
  "timestamp": "2026-04-20 22:26:14",
  "level": "INFO",
  "message": "POST /login",
  "statusCode": 200,
  "duration": "58ms",
  "request": {
    "method": "POST",
    "url": "/api/auth/login",
    "ip": "::ffff:127.0.0.1"
  }
}
{
  "timestamp": "2026-04-20 22:26:14",
  "level": "INFO",
  "message": "POST /login",
  "statusCode": 200,
  "duration": "58ms",
  "request": {
    "method": "POST",
    "url": "/api/auth/login",
    "ip": "::ffff:127.0.0.1"
  }
}
{
  "timestamp": "2026-04-20 22:26:14",
  "level": "INFO",
  "message": "GET /me",
  "statusCode": 200,
  "duration": "4ms",
  "request": {
    "method": "GET",
    "url": "/api/auth/me",
    "ip": "::ffff:127.0.0.1",
    "userId": "phase2-contract-user",
    "userRole": "User"
  }
}
{
  "timestamp": "2026-04-20 22:28:08",
  "level": "INFO",
  "message": "Environment validation completed successfully"
}
{
  "timestamp": "2026-04-20 22:28:08",
  "level": "INFO",
  "message": "Allowed CORS origins configured",
  "origins": [
    "http://localhost:3000",
    "http://localhost:5173"
  ]
}
{
  "timestamp": "2026-04-20 22:28:08",
  "level": "INFO",
  "message": "Swagger documentation available at /api/docs"
}
{
  "timestamp": "2026-04-20 22:28:08",
  "level": "INFO",
  "message": "Server started successfully",
  "environment": "test",
  "port": "3001",
  "nodeVersion": "v24.14.1"
}
{
  "timestamp": "2026-04-20 22:28:08",
  "level": "INFO",
  "message": "New database connection established",
  "threadId": 23
}
{
  "timestamp": "2026-04-20 22:28:08",
  "level": "INFO",
  "message": "Database connected successfully"
}
{
  "timestamp": "2026-04-20 22:28:08",
  "level": "INFO",
  "message": "New database connection established",
  "threadId": 24
}
{
  "timestamp": "2026-04-20 22:28:08",
  "level": "INFO",
  "message": "POST /login",
  "statusCode": 200,
  "duration": "64ms",
  "request": {
    "method": "POST",
    "url": "/api/auth/login",
    "ip": "::ffff:127.0.0.1"
  }
}
{
  "timestamp": "2026-04-20 22:28:08",
  "level": "INFO",
  "message": "GET /live",
  "statusCode": 200,
  "duration": "0ms",
  "request": {
    "method": "GET",
    "url": "/api/health/live",
    "ip": "::ffff:127.0.0.1"
  }
}
{
  "timestamp": "2026-04-20 22:28:09",
  "level": "INFO",
  "message": "POST /login",
  "statusCode": 200,
  "duration": "57ms",
  "request": {
    "method": "POST",
    "url": "/api/auth/login",
    "ip": "::ffff:127.0.0.1"
  }
}
{
  "timestamp": "2026-04-20 22:28:09",
  "level": "INFO",
  "message": "POST /login",
  "statusCode": 200,
  "duration": "57ms",
  "request": {
    "method": "POST",
    "url": "/api/auth/login",
    "ip": "::ffff:127.0.0.1"
  }
}
{
  "timestamp": "2026-04-20 22:28:09",
  "level": "INFO",
  "message": "GET /me",
  "statusCode": 200,
  "duration": "3ms",
  "request": {
    "method": "GET",
    "url": "/api/auth/me",
    "ip": "::ffff:127.0.0.1",
    "userId": "phase2-contract-user",
    "userRole": "User"
  }
}
{
  "timestamp": "2026-04-20 22:28:09",
  "level": "INFO",
  "message": "POST /tickets",
  "statusCode": 403,
  "duration": "1ms",
  "request": {
    "method": "POST",
    "url": "/api/tickets",
    "ip": "::ffff:127.0.0.1"
  }
}
{
  "timestamp": "2026-04-20 22:28:09",
  "level": "INFO",
  "message": "GET /undefined",
  "statusCode": 404,
  "duration": "5ms",
  "request": {
    "method": "GET",
    "url": "/api/tickets/undefined",
    "ip": "::ffff:127.0.0.1",
    "userId": "phase2-contract-user",
    "userRole": "User"
  }
}
{
  "timestamp": "2026-04-20 22:28:09",
  "level": "INFO",
  "message": "POST /chats",
  "statusCode": 403,
  "duration": "0ms",
  "request": {
    "method": "POST",
    "url": "/api/chats",
    "ip": "::ffff:127.0.0.1"
  }
}
{
  "timestamp": "2026-04-20 22:50:12",
  "level": "INFO",
  "message": "Environment validation completed successfully"
}
{
  "timestamp": "2026-04-20 22:50:12",
  "level": "INFO",
  "message": "Allowed CORS origins configured",
  "origins": [
    "http://localhost:3000",
    "http://localhost:5173"
  ]
}
{
  "timestamp": "2026-04-20 22:50:12",
  "level": "INFO",
  "message": "Swagger documentation available at /api/docs"
}
{
  "timestamp": "2026-04-20 22:50:12",
  "level": "INFO",
  "message": "Server started successfully",
  "environment": "test",
  "port": "3001",
  "nodeVersion": "v24.14.1"
}
{
  "timestamp": "2026-04-20 22:50:12",
  "level": "INFO",
  "message": "New database connection established",
  "threadId": 25
}
{
  "timestamp": "2026-04-20 22:50:12",
  "level": "INFO",
  "message": "Database connected successfully"
}
{
  "timestamp": "2026-04-20 22:50:12",
  "level": "INFO",
  "message": "New database connection established",
  "threadId": 26
}
{
  "timestamp": "2026-04-20 22:50:12",
  "level": "INFO",
  "message": "POST /login",
  "statusCode": 200,
  "duration": "64ms",
  "request": {
    "method": "POST",
    "url": "/api/auth/login",
    "ip": "::ffff:127.0.0.1"
  }
}
{
  "timestamp": "2026-04-20 22:50:13",
  "level": "INFO",
  "message": "GET /live",
  "statusCode": 200,
  "duration": "1ms",
  "request": {
    "method": "GET",
    "url": "/api/health/live",
    "ip": "::ffff:127.0.0.1"
  }
}
{
  "timestamp": "2026-04-20 22:50:13",
  "level": "INFO",
  "message": "POST /login",
  "statusCode": 200,
  "duration": "58ms",
  "request": {
    "method": "POST",
    "url": "/api/auth/login",
    "ip": "::ffff:127.0.0.1"
  }
}
{
  "timestamp": "2026-04-20 22:50:13",
  "level": "INFO",
  "message": "POST /login",
  "statusCode": 200,
  "duration": "58ms",
  "request": {
    "method": "POST",
    "url": "/api/auth/login",
    "ip": "::ffff:127.0.0.1"
  }
}
{
  "timestamp": "2026-04-20 22:50:13",
  "level": "INFO",
  "message": "GET /me",
  "statusCode": 200,
  "duration": "3ms",
  "request": {
    "method": "GET",
    "url": "/api/auth/me",
    "ip": "::ffff:127.0.0.1",
    "userId": "phase2-contract-user",
    "userRole": "User"
  }
}
{
  "timestamp": "2026-04-20 22:50:13",
  "level": "INFO",
  "message": "POST /tickets",
  "statusCode": 403,
  "duration": "1ms",
  "request": {
    "method": "POST",
    "url": "/api/tickets",
    "ip": "::ffff:127.0.0.1"
  }
}
{
  "timestamp": "2026-04-20 22:50:13",
  "level": "INFO",
  "message": "GET /undefined",
  "statusCode": 404,
  "duration": "3ms",
  "request": {
    "method": "GET",
    "url": "/api/tickets/undefined",
    "ip": "::ffff:127.0.0.1",
    "userId": "phase2-contract-user",
    "userRole": "User"
  }
}
{
  "timestamp": "2026-04-20 22:50:13",
  "level": "INFO",
  "message": "POST /chats",
  "statusCode": 403,
  "duration": "0ms",
  "request": {
    "method": "POST",
    "url": "/api/chats",
    "ip": "::ffff:127.0.0.1"
  }
}
{
  "timestamp": "2026-04-20 22:50:55",
  "level": "INFO",
  "message": "Environment validation completed successfully"
}
{
  "timestamp": "2026-04-20 22:50:55",
  "level": "INFO",
  "message": "Allowed CORS origins configured",
  "origins": [
    "http://localhost:3000",
    "http://localhost:5173"
  ]
}
{
  "timestamp": "2026-04-20 22:50:55",
  "level": "INFO",
  "message": "Swagger documentation available at /api/docs"
}
{
  "timestamp": "2026-04-20 22:50:55",
  "level": "INFO",
  "message": "Server started successfully",
  "environment": "test",
  "port": "3001",
  "nodeVersion": "v24.14.1"
}
{
  "timestamp": "2026-04-20 22:50:55",
  "level": "INFO",
  "message": "New database connection established",
  "threadId": 29
}
{
  "timestamp": "2026-04-20 22:50:55",
  "level": "INFO",
  "message": "Database connected successfully"
}
{
  "timestamp": "2026-04-20 22:50:55",
  "level": "INFO",
  "message": "New database connection established",
  "threadId": 30
}
{
  "timestamp": "2026-04-20 22:50:55",
  "level": "INFO",
  "message": "POST /login",
  "statusCode": 200,
  "duration": "63ms",
  "request": {
    "method": "POST",
    "url": "/api/auth/login",
    "ip": "::ffff:127.0.0.1"
  }
}
{
  "timestamp": "2026-04-20 22:50:55",
  "level": "INFO",
  "message": "GET /live",
  "statusCode": 200,
  "duration": "1ms",
  "request": {
    "method": "GET",
    "url": "/api/health/live",
    "ip": "::ffff:127.0.0.1"
  }
}
{
  "timestamp": "2026-04-20 22:50:55",
  "level": "INFO",
  "message": "POST /login",
  "statusCode": 200,
  "duration": "58ms",
  "request": {
    "method": "POST",
    "url": "/api/auth/login",
    "ip": "::ffff:127.0.0.1"
  }
}
{
  "timestamp": "2026-04-20 22:50:55",
  "level": "INFO",
  "message": "POST /login",
  "statusCode": 200,
  "duration": "57ms",
  "request": {
    "method": "POST",
    "url": "/api/auth/login",
    "ip": "::ffff:127.0.0.1"
  }
}
{
  "timestamp": "2026-04-20 22:50:55",
  "level": "INFO",
  "message": "GET /me",
  "statusCode": 200,
  "duration": "3ms",
  "request": {
    "method": "GET",
    "url": "/api/auth/me",
    "ip": "::ffff:127.0.0.1",
    "userId": "phase2-contract-user",
    "userRole": "User"
  }
}
{
  "timestamp": "2026-04-20 22:50:55",
  "level": "INFO",
  "message": "POST /tickets",
  "statusCode": 403,
  "duration": "0ms",
  "request": {
    "method": "POST",
    "url": "/api/tickets",
    "ip": "::ffff:127.0.0.1"
  }
}
{
  "timestamp": "2026-04-20 22:50:55",
  "level": "INFO",
  "message": "GET /undefined",
  "statusCode": 404,
  "duration": "2ms",
  "request": {
    "method": "GET",
    "url": "/api/tickets/undefined",
    "ip": "::ffff:127.0.0.1",
    "userId": "phase2-contract-user",
    "userRole": "User"
  }
}
{
  "timestamp": "2026-04-20 22:50:55",
  "level": "INFO",
  "message": "POST /chats",
  "statusCode": 403,
  "duration": "0ms",
  "request": {
    "method": "POST",
    "url": "/api/chats",
    "ip": "::ffff:127.0.0.1"
  }
}
{
  "timestamp": "2026-04-20 22:51:29",
  "level": "INFO",
  "message": "Environment validation completed successfully"
}
{
  "timestamp": "2026-04-20 22:51:29",
  "level": "INFO",
  "message": "Allowed CORS origins configured",
  "origins": [
    "http://localhost:3000",
    "http://localhost:5173"
  ]
}
{
  "timestamp": "2026-04-20 22:51:29",
  "level": "INFO",
  "message": "Swagger documentation available at /api/docs"
}
{
  "timestamp": "2026-04-20 22:51:29",
  "level": "INFO",
  "message": "Server started successfully",
  "environment": "test",
  "port": "3001",
  "nodeVersion": "v24.14.1"
}
{
  "timestamp": "2026-04-20 22:51:29",
  "level": "INFO",
  "message": "New database connection established",
  "threadId": 31
}
{
  "timestamp": "2026-04-20 22:51:29",
  "level": "INFO",
  "message": "Database connected successfully"
}
{
  "timestamp": "2026-04-20 22:51:29",
  "level": "INFO",
  "message": "New database connection established",
  "threadId": 32
}
{
  "timestamp": "2026-04-20 22:51:29",
  "level": "INFO",
  "message": "POST /login",
  "statusCode": 200,
  "duration": "62ms",
  "request": {
    "method": "POST",
    "url": "/api/auth/login",
    "ip": "::ffff:127.0.0.1"
  }
}
{
  "timestamp": "2026-04-20 22:51:29",
  "level": "INFO",
  "message": "GET /live",
  "statusCode": 200,
  "duration": "1ms",
  "request": {
    "method": "GET",
    "url": "/api/health/live",
    "ip": "::ffff:127.0.0.1"
  }
}
{
  "timestamp": "2026-04-20 22:51:29",
  "level": "INFO",
  "message": "POST /login",
  "statusCode": 200,
  "duration": "56ms",
  "request": {
    "method": "POST",
    "url": "/api/auth/login",
    "ip": "::ffff:127.0.0.1"
  }
}
{
  "timestamp": "2026-04-20 22:51:30",
  "level": "INFO",
  "message": "POST /login",
  "statusCode": 200,
  "duration": "56ms",
  "request": {
    "method": "POST",
    "url": "/api/auth/login",
    "ip": "::ffff:127.0.0.1"
  }
}
{
  "timestamp": "2026-04-20 22:51:30",
  "level": "INFO",
  "message": "GET /me",
  "statusCode": 200,
  "duration": "2ms",
  "request": {
    "method": "GET",
    "url": "/api/auth/me",
    "ip": "::ffff:127.0.0.1",
    "userId": "phase2-contract-user",
    "userRole": "User"
  }
}
{
  "timestamp": "2026-04-20 22:51:30",
  "level": "INFO",
  "message": "POST /tickets",
  "statusCode": 403,
  "duration": "0ms",
  "request": {
    "method": "POST",
    "url": "/api/tickets",
    "ip": "::ffff:127.0.0.1"
  }
}
{
  "timestamp": "2026-04-20 22:51:30",
  "level": "INFO",
  "message": "GET /undefined",
  "statusCode": 404,
  "duration": "3ms",
  "request": {
    "method": "GET",
    "url": "/api/tickets/undefined",
    "ip": "::ffff:127.0.0.1",
    "userId": "phase2-contract-user",
    "userRole": "User"
  }
}
{
  "timestamp": "2026-04-20 22:51:30",
  "level": "INFO",
  "message": "POST /chats",
  "statusCode": 403,
  "duration": "0ms",
  "request": {
    "method": "POST",
    "url": "/api/chats",
    "ip": "::ffff:127.0.0.1"
  }
}
