{
  "timestamp": "2026-04-19 22:07:05",
  "level": "INFO",
  "message": "Environment validation completed successfully"
}
{
  "timestamp": "2026-04-19 22:07:05",
  "level": "INFO",
  "message": "Allowed CORS origins configured",
  "origins": [
    "http://localhost:3000",
    "http://localhost:5173"
  ]
}
{
  "timestamp": "2026-04-19 22:07:05",
  "level": "INFO",
  "message": "Swagger documentation available at /api/docs"
}
{
  "timestamp": "2026-04-19 22:07:05",
  "level": "INFO",
  "message": "Server started successfully",
  "environment": "development",
  "port": "3001",
  "nodeVersion": "v24.14.1"
}
{
  "timestamp": "2026-04-19 22:07:05",
  "level": "ERROR",
  "message": "Database connection failed",
  "error": ""
}
{
  "timestamp": "2026-04-19 22:08:52",
  "level": "INFO",
  "message": "Environment validation completed successfully"
}
{
  "timestamp": "2026-04-19 22:08:52",
  "level": "INFO",
  "message": "Allowed CORS origins configured",
  "origins": [
    "http://localhost:3000",
    "http://localhost:5173"
  ]
}
{
  "timestamp": "2026-04-19 22:08:52",
  "level": "INFO",
  "message": "Swagger documentation available at /api/docs"
}
{
  "timestamp": "2026-04-19 22:08:52",
  "level": "INFO",
  "message": "Server started successfully",
  "environment": "development",
  "port": "3001",
  "nodeVersion": "v24.14.1"
}
{
  "timestamp": "2026-04-19 22:08:52",
  "level": "ERROR",
  "message": "Database connection failed",
  "error": ""
}
{
  "timestamp": "2026-04-19 22:22:53",
  "level": "INFO",
  "message": "Environment validation completed successfully"
}
{
  "timestamp": "2026-04-19 22:22:53",
  "level": "INFO",
  "message": "Allowed CORS origins configured",
  "origins": [
    "http://localhost:3000",
    "http://localhost:5173"
  ]
}
{
  "timestamp": "2026-04-19 22:22:53",
  "level": "INFO",
  "message": "Swagger documentation available at /api/docs"
}
{
  "timestamp": "2026-04-19 22:22:55",
  "level": "INFO",
  "message": "Server started successfully",
  "environment": "development",
  "port": "3001",
  "nodeVersion": "v22.22.0"
}
{
  "timestamp": "2026-04-19 22:22:56",
  "level": "INFO",
  "message": "New database connection established",
  "threadId": 22
}
{
  "timestamp": "2026-04-19 22:22:56",
  "level": "INFO",
  "message": "Database connected successfully"
}
{
  "timestamp": "2026-04-19 22:22:56",
  "level": "WARN",
  "message": "Redis unavailable, running without cache",
  "error": ""
}
{
  "timestamp": "2026-04-19 22:23:12",
  "level": "WARN",
  "message": "Redis reconnect attempts exhausted, cache disabled"
}
{
  "timestamp": "2026-04-19 22:23:12",
  "level": "ERROR",
  "message": "Failed to connect to Redis",
  "error": ""
}
{
  "timestamp": "2026-04-19 22:23:12",
  "level": "INFO",
  "message": "Skipping cache warm-up because Redis is not connected"
}
{
  "timestamp": "2026-04-19 22:23:18",
  "level": "INFO",
  "message": "GET /me",
  "statusCode": 401,
  "duration": "7ms",
  "request": {
    "method": "GET",
    "url": "/api/auth/me",
    "ip": "::1",
    "userAgent": "Mozilla/5.0 (Windows NT 10.0; Win64; x64) AppleWebKit/537.36 (KHTML, like Gecko) Chrome/145.0.0.0 Safari/537.36 OPR/129.0.0.0"
  }
}
{
  "timestamp": "2026-04-19 22:23:18",
  "level": "INFO",
  "message": "POST /refresh",
  "statusCode": 200,
  "duration": "29ms",
  "request": {
    "method": "POST",
    "url": "/api/auth/refresh",
    "ip": "::1",
    "userAgent": "Mozilla/5.0 (Windows NT 10.0; Win64; x64) AppleWebKit/537.36 (KHTML, like Gecko) Chrome/145.0.0.0 Safari/537.36 OPR/129.0.0.0"
  }
}
{
  "timestamp": "2026-04-19 22:23:18",
  "level": "INFO",
  "message": "GET /me",
  "statusCode": 200,
  "duration": "3ms",
  "request": {
    "method": "GET",
    "url": "/api/auth/me",
    "ip": "::1",
    "userAgent": "Mozilla/5.0 (Windows NT 10.0; Win64; x64) AppleWebKit/537.36 (KHTML, like Gecko) Chrome/145.0.0.0 Safari/537.36 OPR/129.0.0.0",
    "userId": "b7769927-9a3f-4f83-97e5-1a007169c8f7",
    "userRole": "Admin"
  }
}
{
  "timestamp": "2026-04-19 22:23:23",
  "level": "INFO",
  "message": "POST /logout",
  "statusCode": 200,
  "duration": "2ms",
  "request": {
    "method": "POST",
    "url": "/api/auth/logout",
    "ip": "::1",
    "userAgent": "Mozilla/5.0 (Windows NT 10.0; Win64; x64) AppleWebKit/537.36 (KHTML, like Gecko) Chrome/145.0.0.0 Safari/537.36 OPR/129.0.0.0",
    "userId": "b7769927-9a3f-4f83-97e5-1a007169c8f7",
    "userRole": "Admin"
  }
}
{
  "timestamp": "2026-04-19 22:23:30",
  "level": "INFO",
  "message": "POST /login",
  "statusCode": 200,
  "duration": "278ms",
  "request": {
    "method": "POST",
    "url": "/api/auth/login",
    "ip": "::1",
    "userAgent": "Mozilla/5.0 (Windows NT 10.0; Win64; x64) AppleWebKit/537.36 (KHTML, like Gecko) Chrome/145.0.0.0 Safari/537.36 OPR/129.0.0.0"
  }
}
{
  "timestamp": "2026-04-19 22:25:44",
  "level": "INFO",
  "message": "New database connection established",
  "threadId": 23
}
{
  "timestamp": "2026-04-19 22:25:44",
  "level": "INFO",
  "message": "New database connection established",
  "threadId": 24
}
{
  "timestamp": "2026-04-19 22:25:44",
  "level": "INFO",
  "message": "New database connection established",
  "threadId": 25
}
{
  "timestamp": "2026-04-19 22:25:44",
  "level": "INFO",
  "message": "New database connection established",
  "threadId": 26
}
{
  "timestamp": "2026-04-19 22:25:44",
  "level": "INFO",
  "message": "New database connection established",
  "threadId": 27
}
{
  "timestamp": "2026-04-19 22:25:44",
  "level": "INFO",
  "message": "New database connection established",
  "threadId": 28
}
{
  "timestamp": "2026-04-19 22:25:44",
  "level": "INFO",
  "message": "PERFORMANCE: dashboard.admin-summary",
  "operation": "dashboard.admin-summary",
  "duration": "57ms",
  "cache": "MISS"
}
{
  "timestamp": "2026-04-19 22:25:44",
  "level": "INFO",
  "message": "GET /admin-summary",
  "statusCode": 304,
  "duration": "64ms",
  "request": {
    "method": "GET",
    "url": "/api/dashboard/admin-summary",
    "ip": "::1",
    "userAgent": "Mozilla/5.0 (Windows NT 10.0; Win64; x64) AppleWebKit/537.36 (KHTML, like Gecko) Chrome/145.0.0.0 Safari/537.36 OPR/129.0.0.0",
    "userId": "b7769927-9a3f-4f83-97e5-1a007169c8f7",
    "userRole": "Admin"
  }
}
{
  "timestamp": "2026-04-19 22:26:04",
  "level": "INFO",
  "message": "GET /me",
  "statusCode": 200,
  "duration": "3ms",
  "request": {
    "method": "GET",
    "url": "/api/auth/me",
    "ip": "::1",
    "userAgent": "Mozilla/5.0 (Windows NT 10.0; Win64; x64) AppleWebKit/537.36 (KHTML, like Gecko) Chrome/145.0.0.0 Safari/537.36 OPR/129.0.0.0",
    "userId": "b7769927-9a3f-4f83-97e5-1a007169c8f7",
    "userRole": "Admin"
  }
}
{
  "timestamp": "2026-04-19 22:26:04",
  "level": "INFO",
  "message": "PERFORMANCE: dashboard.admin-summary",
  "operation": "dashboard.admin-summary",
  "duration": "4ms",
  "cache": "MISS"
}
{
  "timestamp": "2026-04-19 22:26:04",
  "level": "INFO",
  "message": "GET /admin-summary",
  "statusCode": 304,
  "duration": "10ms",
  "request": {
    "method": "GET",
    "url": "/api/dashboard/admin-summary",
    "ip": "::1",
    "userAgent": "Mozilla/5.0 (Windows NT 10.0; Win64; x64) AppleWebKit/537.36 (KHTML, like Gecko) Chrome/145.0.0.0 Safari/537.36 OPR/129.0.0.0",
    "userId": "b7769927-9a3f-4f83-97e5-1a007169c8f7",
    "userRole": "Admin"
  }
}
{
  "timestamp": "2026-04-19 22:27:08",
  "level": "INFO",
  "message": "GET /me",
  "statusCode": 200,
  "duration": "2ms",
  "request": {
    "method": "GET",
    "url": "/api/auth/me",
    "ip": "::1",
    "userAgent": "Mozilla/5.0 (Windows NT 10.0; Win64; x64) AppleWebKit/537.36 (KHTML, like Gecko) Chrome/145.0.0.0 Safari/537.36 OPR/129.0.0.0",
    "userId": "b7769927-9a3f-4f83-97e5-1a007169c8f7",
    "userRole": "Admin"
  }
}
{
  "timestamp": "2026-04-19 22:27:08",
  "level": "INFO",
  "message": "PERFORMANCE: dashboard.admin-summary",
  "operation": "dashboard.admin-summary",
  "duration": "3ms",
  "cache": "MISS"
}
{
  "timestamp": "2026-04-19 22:27:08",
  "level": "INFO",
  "message": "GET /admin-summary",
  "statusCode": 304,
  "duration": "7ms",
  "request": {
    "method": "GET",
    "url": "/api/dashboard/admin-summary",
    "ip": "::1",
    "userAgent": "Mozilla/5.0 (Windows NT 10.0; Win64; x64) AppleWebKit/537.36 (KHTML, like Gecko) Chrome/145.0.0.0 Safari/537.36 OPR/129.0.0.0",
    "userId": "b7769927-9a3f-4f83-97e5-1a007169c8f7",
    "userRole": "Admin"
  }
}
{
  "timestamp": "2026-04-19 22:27:34",
  "level": "INFO",
  "message": "GET /",
  "statusCode": 400,
  "duration": "3ms",
  "request": {
    "method": "GET",
    "url": "/api/users?role=Teknisi&sort=name&order=asc&perPage=200",
    "ip": "::1",
    "userAgent": "Mozilla/5.0 (Windows NT 10.0; Win64; x64) AppleWebKit/537.36 (KHTML, like Gecko) Chrome/145.0.0.0 Safari/537.36 OPR/129.0.0.0",
    "userId": "b7769927-9a3f-4f83-97e5-1a007169c8f7",
    "userRole": "Admin"
  }
}
{
  "timestamp": "2026-04-19 22:27:34",
  "level": "INFO",
  "message": "GET /",
  "statusCode": 200,
  "duration": "9ms",
  "request": {
    "method": "GET",
    "url": "/api/tickets?page=1&perPage=50",
    "ip": "::1",
    "userAgent": "Mozilla/5.0 (Windows NT 10.0; Win64; x64) AppleWebKit/537.36 (KHTML, like Gecko) Chrome/145.0.0.0 Safari/537.36 OPR/129.0.0.0",
    "userId": "b7769927-9a3f-4f83-97e5-1a007169c8f7",
    "userRole": "Admin"
  }
}
{
  "timestamp": "2026-04-19 22:27:34",
  "level": "INFO",
  "message": "PERFORMANCE: dashboard.admin-summary",
  "operation": "dashboard.admin-summary",
  "duration": "3ms",
  "cache": "MISS"
}
{
  "timestamp": "2026-04-19 22:27:34",
  "level": "INFO",
  "message": "GET /admin-summary",
  "statusCode": 304,
  "duration": "7ms",
  "request": {
    "method": "GET",
    "url": "/api/dashboard/admin-summary",
    "ip": "::1",
    "userAgent": "Mozilla/5.0 (Windows NT 10.0; Win64; x64) AppleWebKit/537.36 (KHTML, like Gecko) Chrome/145.0.0.0 Safari/537.36 OPR/129.0.0.0",
    "userId": "b7769927-9a3f-4f83-97e5-1a007169c8f7",
    "userRole": "Admin"
  }
}
{
  "timestamp": "2026-04-19 22:27:40",
  "level": "INFO",
  "message": "GET /",
  "statusCode": 400,
  "duration": "2ms",
  "request": {
    "method": "GET",
    "url": "/api/users?role=Teknisi&sort=name&order=asc&perPage=200",
    "ip": "::1",
    "userAgent": "Mozilla/5.0 (Windows NT 10.0; Win64; x64) AppleWebKit/537.36 (KHTML, like Gecko) Chrome/145.0.0.0 Safari/537.36 OPR/129.0.0.0",
    "userId": "b7769927-9a3f-4f83-97e5-1a007169c8f7",
    "userRole": "Admin"
  }
}
{
  "timestamp": "2026-04-19 22:27:40",
  "level": "INFO",
  "message": "GET /",
  "statusCode": 400,
  "duration": "1ms",
  "request": {
    "method": "GET",
    "url": "/api/tickets?from=2026-04-01&perPage=500",
    "ip": "::1",
    "userAgent": "Mozilla/5.0 (Windows NT 10.0; Win64; x64) AppleWebKit/537.36 (KHTML, like Gecko) Chrome/145.0.0.0 Safari/537.36 OPR/129.0.0.0",
    "userId": "b7769927-9a3f-4f83-97e5-1a007169c8f7",
    "userRole": "Admin"
  }
}
{
  "timestamp": "2026-04-19 22:27:40",
  "level": "INFO",
  "message": "GET /",
  "statusCode": 200,
  "duration": "12ms",
  "request": {
    "method": "GET",
    "url": "/api/tickets?page=1&perPage=50&status=Selesai",
    "ip": "::1",
    "userAgent": "Mozilla/5.0 (Windows NT 10.0; Win64; x64) AppleWebKit/537.36 (KHTML, like Gecko) Chrome/145.0.0.0 Safari/537.36 OPR/129.0.0.0",
    "userId": "b7769927-9a3f-4f83-97e5-1a007169c8f7",
    "userRole": "Admin"
  }
}
{
  "timestamp": "2026-04-19 22:27:42",
  "level": "INFO",
  "message": "GET /",
  "statusCode": 400,
  "duration": "2ms",
  "request": {
    "method": "GET",
    "url": "/api/users?role=Teknisi&sort=name&order=asc&perPage=200",
    "ip": "::1",
    "userAgent": "Mozilla/5.0 (Windows NT 10.0; Win64; x64) AppleWebKit/537.36 (KHTML, like Gecko) Chrome/145.0.0.0 Safari/537.36 OPR/129.0.0.0",
    "userId": "b7769927-9a3f-4f83-97e5-1a007169c8f7",
    "userRole": "Admin"
  }
}
{
  "timestamp": "2026-04-19 22:27:42",
  "level": "INFO",
  "message": "GET /",
  "statusCode": 200,
  "duration": "2ms",
  "request": {
    "method": "GET",
    "url": "/api/tickets?page=1&perPage=50",
    "ip": "::1",
    "userAgent": "Mozilla/5.0 (Windows NT 10.0; Win64; x64) AppleWebKit/537.36 (KHTML, like Gecko) Chrome/145.0.0.0 Safari/537.36 OPR/129.0.0.0",
    "userId": "b7769927-9a3f-4f83-97e5-1a007169c8f7",
    "userRole": "Admin"
  }
}
{
  "timestamp": "2026-04-19 22:34:22",
  "level": "INFO",
  "message": "GET /me",
  "statusCode": 200,
  "duration": "5ms",
  "request": {
    "method": "GET",
    "url": "/api/auth/me",
    "ip": "::1",
    "userAgent": "Mozilla/5.0 (Windows NT 10.0; Win64; x64) AppleWebKit/537.36 (KHTML, like Gecko) Chrome/145.0.0.0 Safari/537.36 OPR/129.0.0.0",
    "userId": "b7769927-9a3f-4f83-97e5-1a007169c8f7",
    "userRole": "Admin"
  }
}
{
  "timestamp": "2026-04-19 22:34:22",
  "level": "INFO",
  "message": "GET /",
  "statusCode": 400,
  "duration": "1ms",
  "request": {
    "method": "GET",
    "url": "/api/users?role=Teknisi&sort=name&order=asc&perPage=200",
    "ip": "::1",
    "userAgent": "Mozilla/5.0 (Windows NT 10.0; Win64; x64) AppleWebKit/537.36 (KHTML, like Gecko) Chrome/145.0.0.0 Safari/537.36 OPR/129.0.0.0",
    "userId": "b7769927-9a3f-4f83-97e5-1a007169c8f7",
    "userRole": "Admin"
  }
}
{
  "timestamp": "2026-04-19 22:34:22",
  "level": "INFO",
  "message": "GET /",
  "statusCode": 200,
  "duration": "2ms",
  "request": {
    "method": "GET",
    "url": "/api/tickets?page=1&perPage=50",
    "ip": "::1",
    "userAgent": "Mozilla/5.0 (Windows NT 10.0; Win64; x64) AppleWebKit/537.36 (KHTML, like Gecko) Chrome/145.0.0.0 Safari/537.36 OPR/129.0.0.0",
    "userId": "b7769927-9a3f-4f83-97e5-1a007169c8f7",
    "userRole": "Admin"
  }
}
{
  "timestamp": "2026-04-19 22:34:24",
  "level": "INFO",
  "message": "PERFORMANCE: dashboard.admin-summary",
  "operation": "dashboard.admin-summary",
  "duration": "3ms",
  "cache": "MISS"
}
{
  "timestamp": "2026-04-19 22:34:24",
  "level": "INFO",
  "message": "GET /admin-summary",
  "statusCode": 304,
  "duration": "7ms",
  "request": {
    "method": "GET",
    "url": "/api/dashboard/admin-summary",
    "ip": "::1",
    "userAgent": "Mozilla/5.0 (Windows NT 10.0; Win64; x64) AppleWebKit/537.36 (KHTML, like Gecko) Chrome/145.0.0.0 Safari/537.36 OPR/129.0.0.0",
    "userId": "b7769927-9a3f-4f83-97e5-1a007169c8f7",
    "userRole": "Admin"
  }
}
{
  "timestamp": "2026-04-19 22:34:27",
  "level": "INFO",
  "message": "GET /",
  "statusCode": 400,
  "duration": "2ms",
  "request": {
    "method": "GET",
    "url": "/api/users?role=Teknisi&sort=name&order=asc&perPage=200",
    "ip": "::1",
    "userAgent": "Mozilla/5.0 (Windows NT 10.0; Win64; x64) AppleWebKit/537.36 (KHTML, like Gecko) Chrome/145.0.0.0 Safari/537.36 OPR/129.0.0.0",
    "userId": "b7769927-9a3f-4f83-97e5-1a007169c8f7",
    "userRole": "Admin"
  }
}
{
  "timestamp": "2026-04-19 22:34:27",
  "level": "INFO",
  "message": "GET /",
  "statusCode": 200,
  "duration": "3ms",
  "request": {
    "method": "GET",
    "url": "/api/tickets?page=1&perPage=50",
    "ip": "::1",
    "userAgent": "Mozilla/5.0 (Windows NT 10.0; Win64; x64) AppleWebKit/537.36 (KHTML, like Gecko) Chrome/145.0.0.0 Safari/537.36 OPR/129.0.0.0",
    "userId": "b7769927-9a3f-4f83-97e5-1a007169c8f7",
    "userRole": "Admin"
  }
}
{
  "timestamp": "2026-04-19 22:34:28",
  "level": "INFO",
  "message": "PERFORMANCE: dashboard.admin-summary",
  "operation": "dashboard.admin-summary",
  "duration": "4ms",
  "cache": "MISS"
}
{
  "timestamp": "2026-04-19 22:34:28",
  "level": "INFO",
  "message": "GET /admin-summary",
  "statusCode": 304,
  "duration": "7ms",
  "request": {
    "method": "GET",
    "url": "/api/dashboard/admin-summary",
    "ip": "::1",
    "userAgent": "Mozilla/5.0 (Windows NT 10.0; Win64; x64) AppleWebKit/537.36 (KHTML, like Gecko) Chrome/145.0.0.0 Safari/537.36 OPR/129.0.0.0",
    "userId": "b7769927-9a3f-4f83-97e5-1a007169c8f7",
    "userRole": "Admin"
  }
}
{
  "timestamp": "2026-04-19 22:50:40",
  "level": "INFO",
  "message": "GET /me",
  "statusCode": 200,
  "duration": "2ms",
  "request": {
    "method": "GET",
    "url": "/api/auth/me",
    "ip": "::1",
    "userAgent": "Mozilla/5.0 (Windows NT 10.0; Win64; x64) AppleWebKit/537.36 (KHTML, like Gecko) Chrome/145.0.0.0 Safari/537.36 OPR/129.0.0.0",
    "userId": "b7769927-9a3f-4f83-97e5-1a007169c8f7",
    "userRole": "Admin"
  }
}
{
  "timestamp": "2026-04-19 22:50:40",
  "level": "INFO",
  "message": "PERFORMANCE: dashboard.admin-summary",
  "operation": "dashboard.admin-summary",
  "duration": "1ms",
  "cache": "MISS"
}
{
  "timestamp": "2026-04-19 22:50:40",
  "level": "INFO",
  "message": "GET /admin-summary",
  "statusCode": 304,
  "duration": "4ms",
  "request": {
    "method": "GET",
    "url": "/api/dashboard/admin-summary",
    "ip": "::1",
    "userAgent": "Mozilla/5.0 (Windows NT 10.0; Win64; x64) AppleWebKit/537.36 (KHTML, like Gecko) Chrome/145.0.0.0 Safari/537.36 OPR/129.0.0.0",
    "userId": "b7769927-9a3f-4f83-97e5-1a007169c8f7",
    "userRole": "Admin"
  }
}
{
  "timestamp": "2026-04-19 22:50:42",
  "level": "INFO",
  "message": "GET /",
  "statusCode": 400,
  "duration": "2ms",
  "request": {
    "method": "GET",
    "url": "/api/users?role=Teknisi&sort=name&order=asc&perPage=200",
    "ip": "::1",
    "userAgent": "Mozilla/5.0 (Windows NT 10.0; Win64; x64) AppleWebKit/537.36 (KHTML, like Gecko) Chrome/145.0.0.0 Safari/537.36 OPR/129.0.0.0",
    "userId": "b7769927-9a3f-4f83-97e5-1a007169c8f7",
    "userRole": "Admin"
  }
}
{
  "timestamp": "2026-04-19 22:50:42",
  "level": "INFO",
  "message": "GET /",
  "statusCode": 200,
  "duration": "3ms",
  "request": {
    "method": "GET",
    "url": "/api/tickets?page=1&perPage=50",
    "ip": "::1",
    "userAgent": "Mozilla/5.0 (Windows NT 10.0; Win64; x64) AppleWebKit/537.36 (KHTML, like Gecko) Chrome/145.0.0.0 Safari/537.36 OPR/129.0.0.0",
    "userId": "b7769927-9a3f-4f83-97e5-1a007169c8f7",
    "userRole": "Admin"
  }
}
{
  "timestamp": "2026-04-19 22:50:43",
  "level": "INFO",
  "message": "GET /",
  "statusCode": 400,
  "duration": "1ms",
  "request": {
    "method": "GET",
    "url": "/api/users?role=Teknisi&sort=name&order=asc&perPage=200",
    "ip": "::1",
    "userAgent": "Mozilla/5.0 (Windows NT 10.0; Win64; x64) AppleWebKit/537.36 (KHTML, like Gecko) Chrome/145.0.0.0 Safari/537.36 OPR/129.0.0.0",
    "userId": "b7769927-9a3f-4f83-97e5-1a007169c8f7",
    "userRole": "Admin"
  }
}
{
  "timestamp": "2026-04-19 22:50:43",
  "level": "INFO",
  "message": "GET /",
  "statusCode": 400,
  "duration": "1ms",
  "request": {
    "method": "GET",
    "url": "/api/tickets?from=2026-04-01&perPage=500",
    "ip": "::1",
    "userAgent": "Mozilla/5.0 (Windows NT 10.0; Win64; x64) AppleWebKit/537.36 (KHTML, like Gecko) Chrome/145.0.0.0 Safari/537.36 OPR/129.0.0.0",
    "userId": "b7769927-9a3f-4f83-97e5-1a007169c8f7",
    "userRole": "Admin"
  }
}
{
  "timestamp": "2026-04-19 22:50:43",
  "level": "INFO",
  "message": "GET /",
  "statusCode": 200,
  "duration": "3ms",
  "request": {
    "method": "GET",
    "url": "/api/tickets?page=1&perPage=50&status=Selesai",
    "ip": "::1",
    "userAgent": "Mozilla/5.0 (Windows NT 10.0; Win64; x64) AppleWebKit/537.36 (KHTML, like Gecko) Chrome/145.0.0.0 Safari/537.36 OPR/129.0.0.0",
    "userId": "b7769927-9a3f-4f83-97e5-1a007169c8f7",
    "userRole": "Admin"
  }
}
{
  "timestamp": "2026-04-19 22:50:48",
  "level": "INFO",
  "message": "POST /logout",
  "statusCode": 200,
  "duration": "1ms",
  "request": {
    "method": "POST",
    "url": "/api/auth/logout",
    "ip": "::1",
    "userAgent": "Mozilla/5.0 (Windows NT 10.0; Win64; x64) AppleWebKit/537.36 (KHTML, like Gecko) Chrome/145.0.0.0 Safari/537.36 OPR/129.0.0.0",
    "userId": "b7769927-9a3f-4f83-97e5-1a007169c8f7",
    "userRole": "Admin"
  }
}
{
  "timestamp": "2026-04-19 22:50:55",
  "level": "INFO",
  "message": "POST /login",
  "statusCode": 200,
  "duration": "231ms",
  "request": {
    "method": "POST",
    "url": "/api/auth/login",
    "ip": "::1",
    "userAgent": "Mozilla/5.0 (Windows NT 10.0; Win64; x64) AppleWebKit/537.36 (KHTML, like Gecko) Chrome/145.0.0.0 Safari/537.36 OPR/129.0.0.0"
  }
}
{
  "timestamp": "2026-04-19 22:50:55",
  "level": "INFO",
  "message": "PERFORMANCE: dashboard.technician-summary",
  "operation": "dashboard.technician-summary",
  "duration": "5ms",
  "cache": "MISS"
}
{
  "timestamp": "2026-04-19 22:50:55",
  "level": "INFO",
  "message": "GET /technician-summary",
  "statusCode": 200,
  "duration": "9ms",
  "request": {
    "method": "GET",
    "url": "/api/dashboard/technician-summary",
    "ip": "::1",
    "userAgent": "Mozilla/5.0 (Windows NT 10.0; Win64; x64) AppleWebKit/537.36 (KHTML, like Gecko) Chrome/145.0.0.0 Safari/537.36 OPR/129.0.0.0",
    "userId": "70e770f6-1d37-4bbc-8745-e9f8fac346fe",
    "userRole": "Teknisi"
  }
}
{
  "timestamp": "2026-04-19 22:51:01",
  "level": "WARN",
  "message": "404 Not Found",
  "path": "/api/technician-settings",
  "method": "GET"
}
{
  "timestamp": "2026-04-19 22:51:01",
  "level": "INFO",
  "message": "GET /api/technician-settings",
  "statusCode": 404,
  "duration": "3ms",
  "request": {
    "method": "GET",
    "url": "/api/technician-settings?page=1&perPage=1&filter=user_id+%3D+%2270e770f6-1d37-4bbc-8745-e9f8fac346fe%22",
    "ip": "::1",
    "userAgent": "Mozilla/5.0 (Windows NT 10.0; Win64; x64) AppleWebKit/537.36 (KHTML, like Gecko) Chrome/145.0.0.0 Safari/537.36 OPR/129.0.0.0"
  }
}
{
  "timestamp": "2026-04-19 23:41:55",
  "level": "INFO",
  "message": "PERFORMANCE: dashboard.technician-summary",
  "operation": "dashboard.technician-summary",
  "duration": "3ms",
  "cache": "MISS"
}
{
  "timestamp": "2026-04-19 23:41:55",
  "level": "INFO",
  "message": "GET /technician-summary",
  "statusCode": 200,
  "duration": "7ms",
  "request": {
    "method": "GET",
    "url": "/api/dashboard/technician-summary",
    "ip": "::1",
    "userAgent": "Mozilla/5.0 (Windows NT 10.0; Win64; x64) AppleWebKit/537.36 (KHTML, like Gecko) Chrome/145.0.0.0 Safari/537.36 OPR/129.0.0.0",
    "userId": "70e770f6-1d37-4bbc-8745-e9f8fac346fe",
    "userRole": "Teknisi"
  }
}
{
  "timestamp": "2026-04-19 23:41:56",
  "level": "INFO",
  "message": "GET /",
  "statusCode": 200,
  "duration": "4ms",
  "request": {
    "method": "GET",
    "url": "/api/tickets?page=1&perPage=50&status=Pending&unassigned=true",
    "ip": "::1",
    "userAgent": "Mozilla/5.0 (Windows NT 10.0; Win64; x64) AppleWebKit/537.36 (KHTML, like Gecko) Chrome/145.0.0.0 Safari/537.36 OPR/129.0.0.0",
    "userId": "70e770f6-1d37-4bbc-8745-e9f8fac346fe",
    "userRole": "Teknisi"
  }
}
