{
  "timestamp": "2026-04-21 01:11:57",
  "level": "INFO",
  "message": "Environment validation completed successfully"
}
{
  "timestamp": "2026-04-21 01:11:57",
  "level": "INFO",
  "message": "Allowed CORS origins configured",
  "origins": [
    "http://localhost:3000",
    "http://localhost:5173"
  ]
}
{
  "timestamp": "2026-04-21 01:11:57",
  "level": "INFO",
  "message": "Swagger documentation available at /api/docs"
}
{
  "timestamp": "2026-04-21 01:11:58",
  "level": "INFO",
  "message": "Server started successfully",
  "environment": "test",
  "port": "3001",
  "nodeVersion": "v24.14.1"
}
{
  "timestamp": "2026-04-21 01:11:58",
  "level": "INFO",
  "message": "New database connection established",
  "threadId": 33
}
{
  "timestamp": "2026-04-21 01:11:58",
  "level": "INFO",
  "message": "Database connected successfully"
}
{
  "timestamp": "2026-04-21 01:11:58",
  "level": "INFO",
  "message": "New database connection established",
  "threadId": 34
}
{
  "timestamp": "2026-04-21 01:11:58",
  "level": "INFO",
  "message": "POST /login",
  "statusCode": 200,
  "duration": "61ms",
  "request": {
    "method": "POST",
    "url": "/api/auth/login",
    "ip": "::ffff:127.0.0.1"
  }
}
{
  "timestamp": "2026-04-21 01:11:58",
  "level": "INFO",
  "message": "GET /live",
  "statusCode": 200,
  "duration": "1ms",
  "request": {
    "method": "GET",
    "url": "/api/health/live",
    "ip": "::ffff:127.0.0.1"
  }
}
{
  "timestamp": "2026-04-21 01:11:58",
  "level": "INFO",
  "message": "POST /login",
  "statusCode": 200,
  "duration": "54ms",
  "request": {
    "method": "POST",
    "url": "/api/auth/login",
    "ip": "::ffff:127.0.0.1"
  }
}
{
  "timestamp": "2026-04-21 01:11:58",
  "level": "INFO",
  "message": "POST /login",
  "statusCode": 200,
  "duration": "54ms",
  "request": {
    "method": "POST",
    "url": "/api/auth/login",
    "ip": "::ffff:127.0.0.1"
  }
}
{
  "timestamp": "2026-04-21 01:11:58",
  "level": "INFO",
  "message": "GET /me",
  "statusCode": 200,
  "duration": "2ms",
  "request": {
    "method": "GET",
    "url": "/api/auth/me",
    "ip": "::ffff:127.0.0.1",
    "userId": "phase2-contract-user",
    "userRole": "User"
  }
}
{
  "timestamp": "2026-04-21 01:11:58",
  "level": "INFO",
  "message": "POST /tickets",
  "statusCode": 403,
  "duration": "0ms",
  "request": {
    "method": "POST",
    "url": "/api/tickets",
    "ip": "::ffff:127.0.0.1"
  }
}
{
  "timestamp": "2026-04-21 01:11:58",
  "level": "INFO",
  "message": "GET /undefined",
  "statusCode": 404,
  "duration": "2ms",
  "request": {
    "method": "GET",
    "url": "/api/tickets/undefined",
    "ip": "::ffff:127.0.0.1",
    "userId": "phase2-contract-user",
    "userRole": "User"
  }
}
{
  "timestamp": "2026-04-21 01:11:58",
  "level": "INFO",
  "message": "POST /chats",
  "statusCode": 403,
  "duration": "1ms",
  "request": {
    "method": "POST",
    "url": "/api/chats",
    "ip": "::ffff:127.0.0.1"
  }
}
{
  "timestamp": "2026-04-21 01:16:14",
  "level": "INFO",
  "message": "Environment validation completed successfully"
}
{
  "timestamp": "2026-04-21 01:16:14",
  "level": "INFO",
  "message": "Allowed CORS origins configured",
  "origins": [
    "http://localhost:3000",
    "http://localhost:5173"
  ]
}
{
  "timestamp": "2026-04-21 01:16:15",
  "level": "INFO",
  "message": "Swagger documentation available at /api/docs"
}
{
  "timestamp": "2026-04-21 01:16:15",
  "level": "INFO",
  "message": "Server started successfully",
  "environment": "test",
  "port": "3001",
  "nodeVersion": "v24.14.1"
}
{
  "timestamp": "2026-04-21 01:16:15",
  "level": "INFO",
  "message": "New database connection established",
  "threadId": 35
}
{
  "timestamp": "2026-04-21 01:16:15",
  "level": "INFO",
  "message": "Database connected successfully"
}
{
  "timestamp": "2026-04-21 01:16:15",
  "level": "INFO",
  "message": "New database connection established",
  "threadId": 36
}
{
  "timestamp": "2026-04-21 01:16:15",
  "level": "INFO",
  "message": "POST /login",
  "statusCode": 200,
  "duration": "63ms",
  "request": {
    "method": "POST",
    "url": "/api/auth/login",
    "ip": "::ffff:127.0.0.1"
  }
}
{
  "timestamp": "2026-04-21 01:16:15",
  "level": "INFO",
  "message": "GET /live",
  "statusCode": 200,
  "duration": "1ms",
  "request": {
    "method": "GET",
    "url": "/api/health/live",
    "ip": "::ffff:127.0.0.1"
  }
}
{
  "timestamp": "2026-04-21 01:16:15",
  "level": "INFO",
  "message": "POST /login",
  "statusCode": 200,
  "duration": "57ms",
  "request": {
    "method": "POST",
    "url": "/api/auth/login",
    "ip": "::ffff:127.0.0.1"
  }
}
{
  "timestamp": "2026-04-21 01:16:15",
  "level": "INFO",
  "message": "POST /login",
  "statusCode": 200,
  "duration": "57ms",
  "request": {
    "method": "POST",
    "url": "/api/auth/login",
    "ip": "::ffff:127.0.0.1"
  }
}
{
  "timestamp": "2026-04-21 01:16:15",
  "level": "INFO",
  "message": "GET /me",
  "statusCode": 200,
  "duration": "3ms",
  "request": {
    "method": "GET",
    "url": "/api/auth/me",
    "ip": "::ffff:127.0.0.1",
    "userId": "phase2-contract-user",
    "userRole": "User"
  }
}
{
  "timestamp": "2026-04-21 01:16:15",
  "level": "INFO",
  "message": "POST /tickets",
  "statusCode": 403,
  "duration": "0ms",
  "request": {
    "method": "POST",
    "url": "/api/tickets",
    "ip": "::ffff:127.0.0.1"
  }
}
{
  "timestamp": "2026-04-21 01:16:15",
  "level": "INFO",
  "message": "GET /undefined",
  "statusCode": 404,
  "duration": "2ms",
  "request": {
    "method": "GET",
    "url": "/api/tickets/undefined",
    "ip": "::ffff:127.0.0.1",
    "userId": "phase2-contract-user",
    "userRole": "User"
  }
}
{
  "timestamp": "2026-04-21 01:16:15",
  "level": "INFO",
  "message": "POST /chats",
  "statusCode": 403,
  "duration": "0ms",
  "request": {
    "method": "POST",
    "url": "/api/chats",
    "ip": "::ffff:127.0.0.1"
  }
}
{
  "timestamp": "2026-04-21 01:17:51",
  "level": "INFO",
  "message": "Environment validation completed successfully"
}
{
  "timestamp": "2026-04-21 01:17:51",
  "level": "INFO",
  "message": "Allowed CORS origins configured",
  "origins": [
    "http://localhost:3000",
    "http://localhost:5173"
  ]
}
{
  "timestamp": "2026-04-21 01:17:51",
  "level": "INFO",
  "message": "Swagger documentation available at /api/docs"
}
{
  "timestamp": "2026-04-21 01:17:51",
  "level": "INFO",
  "message": "Server started successfully",
  "environment": "test",
  "port": "3001",
  "nodeVersion": "v24.14.1"
}
{
  "timestamp": "2026-04-21 01:17:51",
  "level": "INFO",
  "message": "New database connection established",
  "threadId": 37
}
{
  "timestamp": "2026-04-21 01:17:51",
  "level": "INFO",
  "message": "Database connected successfully"
}
{
  "timestamp": "2026-04-21 01:17:51",
  "level": "INFO",
  "message": "New database connection established",
  "threadId": 38
}
{
  "timestamp": "2026-04-21 01:17:51",
  "level": "INFO",
  "message": "POST /login",
  "statusCode": 200,
  "duration": "63ms",
  "request": {
    "method": "POST",
    "url": "/api/auth/login",
    "ip": "::ffff:127.0.0.1"
  }
}
{
  "timestamp": "2026-04-21 01:17:51",
  "level": "INFO",
  "message": "GET /live",
  "statusCode": 200,
  "duration": "1ms",
  "request": {
    "method": "GET",
    "url": "/api/health/live",
    "ip": "::ffff:127.0.0.1"
  }
}
{
  "timestamp": "2026-04-21 01:17:51",
  "level": "INFO",
  "message": "POST /login",
  "statusCode": 200,
  "duration": "56ms",
  "request": {
    "method": "POST",
    "url": "/api/auth/login",
    "ip": "::ffff:127.0.0.1"
  }
}
{
  "timestamp": "2026-04-21 01:17:51",
  "level": "INFO",
  "message": "POST /login",
  "statusCode": 200,
  "duration": "57ms",
  "request": {
    "method": "POST",
    "url": "/api/auth/login",
    "ip": "::ffff:127.0.0.1"
  }
}
{
  "timestamp": "2026-04-21 01:17:51",
  "level": "INFO",
  "message": "GET /me",
  "statusCode": 200,
  "duration": "2ms",
  "request": {
    "method": "GET",
    "url": "/api/auth/me",
    "ip": "::ffff:127.0.0.1",
    "userId": "phase2-contract-user",
    "userRole": "User"
  }
}
{
  "timestamp": "2026-04-21 01:17:51",
  "level": "INFO",
  "message": "POST /tickets",
  "statusCode": 403,
  "duration": "1ms",
  "request": {
    "method": "POST",
    "url": "/api/tickets",
    "ip": "::ffff:127.0.0.1"
  }
}
{
  "timestamp": "2026-04-21 01:17:51",
  "level": "INFO",
  "message": "GET /undefined",
  "statusCode": 404,
  "duration": "1ms",
  "request": {
    "method": "GET",
    "url": "/api/tickets/undefined",
    "ip": "::ffff:127.0.0.1",
    "userId": "phase2-contract-user",
    "userRole": "User"
  }
}
{
  "timestamp": "2026-04-21 01:17:51",
  "level": "INFO",
  "message": "POST /chats",
  "statusCode": 403,
  "duration": "0ms",
  "request": {
    "method": "POST",
    "url": "/api/chats",
    "ip": "::ffff:127.0.0.1"
  }
}
{
  "timestamp": "2026-04-21 01:21:38",
  "level": "INFO",
  "message": "Environment validation completed successfully"
}
{
  "timestamp": "2026-04-21 01:21:38",
  "level": "INFO",
  "message": "Allowed CORS origins configured",
  "origins": [
    "http://localhost:3000",
    "http://localhost:5173"
  ]
}
{
  "timestamp": "2026-04-21 01:21:38",
  "level": "INFO",
  "message": "Swagger documentation available at /api/docs"
}
{
  "timestamp": "2026-04-21 01:21:38",
  "level": "INFO",
  "message": "Server started successfully",
  "environment": "test",
  "port": "3001",
  "nodeVersion": "v24.14.1"
}
{
  "timestamp": "2026-04-21 01:21:38",
  "level": "INFO",
  "message": "New database connection established",
  "threadId": 8
}
{
  "timestamp": "2026-04-21 01:21:38",
  "level": "INFO",
  "message": "Database connected successfully"
}
{
  "timestamp": "2026-04-21 01:21:38",
  "level": "INFO",
  "message": "New database connection established",
  "threadId": 9
}
{
  "timestamp": "2026-04-21 01:21:38",
  "level": "INFO",
  "message": "POST /login",
  "statusCode": 200,
  "duration": "67ms",
  "request": {
    "method": "POST",
    "url": "/api/auth/login",
    "ip": "::ffff:127.0.0.1"
  }
}
{
  "timestamp": "2026-04-21 01:21:38",
  "level": "INFO",
  "message": "GET /live",
  "statusCode": 200,
  "duration": "1ms",
  "request": {
    "method": "GET",
    "url": "/api/health/live",
    "ip": "::ffff:127.0.0.1"
  }
}
{
  "timestamp": "2026-04-21 01:21:38",
  "level": "INFO",
  "message": "POST /login",
  "statusCode": 200,
  "duration": "58ms",
  "request": {
    "method": "POST",
    "url": "/api/auth/login",
    "ip": "::ffff:127.0.0.1"
  }
}
{
  "timestamp": "2026-04-21 01:21:38",
  "level": "INFO",
  "message": "POST /login",
  "statusCode": 200,
  "duration": "59ms",
  "request": {
    "method": "POST",
    "url": "/api/auth/login",
    "ip": "::ffff:127.0.0.1"
  }
}
{
  "timestamp": "2026-04-21 01:21:38",
  "level": "INFO",
  "message": "GET /me",
  "statusCode": 200,
  "duration": "4ms",
  "request": {
    "method": "GET",
    "url": "/api/auth/me",
    "ip": "::ffff:127.0.0.1",
    "userId": "phase2-contract-user",
    "userRole": "User"
  }
}
{
  "timestamp": "2026-04-21 01:21:38",
  "level": "INFO",
  "message": "[DEBUG] POST /api/tickets payload",
  "body": {
    "title": "Contract Test Ticket",
    "description": "Test ticket for contract",
    "urgency": "Sedang",
    "category": "General"
  },
  "user": {
    "id": "phase2-contract-user",
    "role": "User",
    "name": "Phase 2 Contract User",
    "email": "phase2.contract@test.local",
    "iat": 1776705698,
    "exp": 1776709298
  }
}
{
  "timestamp": "2026-04-21 01:21:38",
  "level": "ERROR",
  "message": "[DEBUG] Error creating ticket",
  "error": "Unknown column 'category' in 'field list'",
  "stack": "Error: Unknown column 'category' in 'field list'\n    at C:\\laragon\\www\\projectpolda\\backend\\node_modules\\mysql2\\lib\\promise\\make_done_cb.js:6:24\n    at Query.cmdQuery.onResult (C:\\laragon\\www\\projectpolda\\backend\\node_modules\\mysql2\\lib\\base\\pool.js:237:13)\n    at Query.execute (C:\\laragon\\www\\projectpolda\\backend\\node_modules\\mysql2\\lib\\commands\\command.js:36:14)\n    at PoolConnection.handlePacket (C:\\laragon\\www\\projectpolda\\backend\\node_modules\\mysql2\\lib\\base\\connection.js:552:34)\n    at PacketParser.onPacket (C:\\laragon\\www\\projectpolda\\backend\\node_modules\\mysql2\\lib\\base\\connection.js:102:12)\n    at PacketParser.executeStart (C:\\laragon\\www\\projectpolda\\backend\\node_modules\\mysql2\\lib\\packet_parser.js:75:16)\n    at Socket.<anonymous> (C:\\laragon\\www\\projectpolda\\backend\\node_modules\\mysql2\\lib\\base\\connection.js:109:25)\n    at Socket.emit (node:events:508:28)\n    at addChunk (node:internal/streams/readable:563:12)\n    at readableAddChunkPushByteMode (node:internal/streams/readable:514:3)\n    at Socket.Readable.push (node:internal/streams/readable:394:5)\n    at TCP.onStreamRead (node:internal/stream_base_commons:189:23)",
  "body": {
    "title": "Contract Test Ticket",
    "description": "Test ticket for contract",
    "urgency": "Sedang",
    "category": "General"
  },
  "user": {
    "id": "phase2-contract-user",
    "role": "User",
    "name": "Phase 2 Contract User",
    "email": "phase2.contract@test.local",
    "iat": 1776705698,
    "exp": 1776709298
  }
}
{
  "timestamp": "2026-04-21 01:21:38",
  "level": "ERROR",
  "message": "Unhandled error",
  "error": "Unknown column 'category' in 'field list'",
  "stack": "Error: Unknown column 'category' in 'field list'\n    at C:\\laragon\\www\\projectpolda\\backend\\node_modules\\mysql2\\lib\\promise\\make_done_cb.js:6:24\n    at Query.cmdQuery.onResult (C:\\laragon\\www\\projectpolda\\backend\\node_modules\\mysql2\\lib\\base\\pool.js:237:13)\n    at Query.execute (C:\\laragon\\www\\projectpolda\\backend\\node_modules\\mysql2\\lib\\commands\\command.js:36:14)\n    at PoolConnection.handlePacket (C:\\laragon\\www\\projectpolda\\backend\\node_modules\\mysql2\\lib\\base\\connection.js:552:34)\n    at PacketParser.onPacket (C:\\laragon\\www\\projectpolda\\backend\\node_modules\\mysql2\\lib\\base\\connection.js:102:12)\n    at PacketParser.executeStart (C:\\laragon\\www\\projectpolda\\backend\\node_modules\\mysql2\\lib\\packet_parser.js:75:16)\n    at Socket.<anonymous> (C:\\laragon\\www\\projectpolda\\backend\\node_modules\\mysql2\\lib\\base\\connection.js:109:25)\n    at Socket.emit (node:events:508:28)\n    at addChunk (node:internal/streams/readable:563:12)\n    at readableAddChunkPushByteMode (node:internal/streams/readable:514:3)\n    at Socket.Readable.push (node:internal/streams/readable:394:5)\n    at TCP.onStreamRead (node:internal/stream_base_commons:189:23)",
  "request": {
    "method": "POST",
    "url": "/api/tickets",
    "ip": "::ffff:127.0.0.1",
    "userId": "phase2-contract-user",
    "userRole": "User"
  }
}
{
  "timestamp": "2026-04-21 01:21:38",
  "level": "INFO",
  "message": "POST /api/tickets",
  "statusCode": 500,
  "duration": "9ms",
  "request": {
    "method": "POST",
    "url": "/api/tickets",
    "ip": "::ffff:127.0.0.1",
    "userId": "phase2-contract-user",
    "userRole": "User"
  }
}
{
  "timestamp": "2026-04-21 01:21:38",
  "level": "INFO",
  "message": "GET /undefined",
  "statusCode": 404,
  "duration": "2ms",
  "request": {
    "method": "GET",
    "url": "/api/tickets/undefined",
    "ip": "::ffff:127.0.0.1",
    "userId": "phase2-contract-user",
    "userRole": "User"
  }
}
{
  "timestamp": "2026-04-21 01:21:38",
  "level": "INFO",
  "message": "POST /chats",
  "statusCode": 403,
  "duration": "1ms",
  "request": {
    "method": "POST",
    "url": "/api/chats",
    "ip": "::ffff:127.0.0.1"
  }
}
{
  "timestamp": "2026-04-21 01:23:23",
  "level": "INFO",
  "message": "Environment validation completed successfully"
}
{
  "timestamp": "2026-04-21 01:23:23",
  "level": "INFO",
  "message": "Allowed CORS origins configured",
  "origins": [
    "http://localhost:3000",
    "http://localhost:5173"
  ]
}
{
  "timestamp": "2026-04-21 01:23:23",
  "level": "INFO",
  "message": "Swagger documentation available at /api/docs"
}
{
  "timestamp": "2026-04-21 01:23:23",
  "level": "INFO",
  "message": "Server started successfully",
  "environment": "test",
  "port": "3001",
  "nodeVersion": "v24.14.1"
}
{
  "timestamp": "2026-04-21 01:23:23",
  "level": "INFO",
  "message": "New database connection established",
  "threadId": 13
}
{
  "timestamp": "2026-04-21 01:23:23",
  "level": "INFO",
  "message": "Database connected successfully"
}
{
  "timestamp": "2026-04-21 01:23:23",
  "level": "INFO",
  "message": "New database connection established",
  "threadId": 14
}
{
  "timestamp": "2026-04-21 01:23:23",
  "level": "INFO",
  "message": "POST /login",
  "statusCode": 200,
  "duration": "63ms",
  "request": {
    "method": "POST",
    "url": "/api/auth/login",
    "ip": "::ffff:127.0.0.1"
  }
}
{
  "timestamp": "2026-04-21 01:23:23",
  "level": "INFO",
  "message": "GET /live",
  "statusCode": 200,
  "duration": "1ms",
  "request": {
    "method": "GET",
    "url": "/api/health/live",
    "ip": "::ffff:127.0.0.1"
  }
}
{
  "timestamp": "2026-04-21 01:23:23",
  "level": "INFO",
  "message": "POST /login",
  "statusCode": 200,
  "duration": "57ms",
  "request": {
    "method": "POST",
    "url": "/api/auth/login",
    "ip": "::ffff:127.0.0.1"
  }
}
{
  "timestamp": "2026-04-21 01:23:23",
  "level": "INFO",
  "message": "POST /login",
  "statusCode": 200,
  "duration": "57ms",
  "request": {
    "method": "POST",
    "url": "/api/auth/login",
    "ip": "::ffff:127.0.0.1"
  }
}
{
  "timestamp": "2026-04-21 01:23:23",
  "level": "INFO",
  "message": "GET /me",
  "statusCode": 200,
  "duration": "3ms",
  "request": {
    "method": "GET",
    "url": "/api/auth/me",
    "ip": "::ffff:127.0.0.1",
    "userId": "phase2-contract-user",
    "userRole": "User"
  }
}
{
  "timestamp": "2026-04-21 01:23:23",
  "level": "INFO",
  "message": "[DEBUG] POST /api/tickets payload",
  "body": {
    "title": "Contract Test Ticket",
    "description": "Test ticket for contract",
    "urgency": "Sedang",
    "category": "General"
  },
  "user": {
    "id": "phase2-contract-user",
    "role": "User",
    "name": "Phase 2 Contract User",
    "email": "phase2.contract@test.local",
    "iat": 1776705803,
    "exp": 1776709403
  }
}
{
  "timestamp": "2026-04-21 01:23:23",
  "level": "ERROR",
  "message": "[DEBUG] Error creating ticket",
  "error": "Unknown column 'category' in 'field list'",
  "stack": "Error: Unknown column 'category' in 'field list'\n    at C:\\laragon\\www\\projectpolda\\backend\\node_modules\\mysql2\\lib\\promise\\make_done_cb.js:6:24\n    at Query.cmdQuery.onResult (C:\\laragon\\www\\projectpolda\\backend\\node_modules\\mysql2\\lib\\base\\pool.js:237:13)\n    at Query.execute (C:\\laragon\\www\\projectpolda\\backend\\node_modules\\mysql2\\lib\\commands\\command.js:36:14)\n    at PoolConnection.handlePacket (C:\\laragon\\www\\projectpolda\\backend\\node_modules\\mysql2\\lib\\base\\connection.js:552:34)\n    at PacketParser.onPacket (C:\\laragon\\www\\projectpolda\\backend\\node_modules\\mysql2\\lib\\base\\connection.js:102:12)\n    at PacketParser.executeStart (C:\\laragon\\www\\projectpolda\\backend\\node_modules\\mysql2\\lib\\packet_parser.js:75:16)\n    at Socket.<anonymous> (C:\\laragon\\www\\projectpolda\\backend\\node_modules\\mysql2\\lib\\base\\connection.js:109:25)\n    at Socket.emit (node:events:508:28)\n    at addChunk (node:internal/streams/readable:563:12)\n    at readableAddChunkPushByteMode (node:internal/streams/readable:514:3)\n    at Socket.Readable.push (node:internal/streams/readable:394:5)\n    at TCP.onStreamRead (node:internal/stream_base_commons:189:23)",
  "body": {
    "title": "Contract Test Ticket",
    "description": "Test ticket for contract",
    "urgency": "Sedang",
    "category": "General"
  },
  "user": {
    "id": "phase2-contract-user",
    "role": "User",
    "name": "Phase 2 Contract User",
    "email": "phase2.contract@test.local",
    "iat": 1776705803,
    "exp": 1776709403
  }
}
{
  "timestamp": "2026-04-21 01:23:23",
  "level": "ERROR",
  "message": "Unhandled error",
  "error": "Unknown column 'category' in 'field list'",
  "stack": "Error: Unknown column 'category' in 'field list'\n    at C:\\laragon\\www\\projectpolda\\backend\\node_modules\\mysql2\\lib\\promise\\make_done_cb.js:6:24\n    at Query.cmdQuery.onResult (C:\\laragon\\www\\projectpolda\\backend\\node_modules\\mysql2\\lib\\base\\pool.js:237:13)\n    at Query.execute (C:\\laragon\\www\\projectpolda\\backend\\node_modules\\mysql2\\lib\\commands\\command.js:36:14)\n    at PoolConnection.handlePacket (C:\\laragon\\www\\projectpolda\\backend\\node_modules\\mysql2\\lib\\base\\connection.js:552:34)\n    at PacketParser.onPacket (C:\\laragon\\www\\projectpolda\\backend\\node_modules\\mysql2\\lib\\base\\connection.js:102:12)\n    at PacketParser.executeStart (C:\\laragon\\www\\projectpolda\\backend\\node_modules\\mysql2\\lib\\packet_parser.js:75:16)\n    at Socket.<anonymous> (C:\\laragon\\www\\projectpolda\\backend\\node_modules\\mysql2\\lib\\base\\connection.js:109:25)\n    at Socket.emit (node:events:508:28)\n    at addChunk (node:internal/streams/readable:563:12)\n    at readableAddChunkPushByteMode (node:internal/streams/readable:514:3)\n    at Socket.Readable.push (node:internal/streams/readable:394:5)\n    at TCP.onStreamRead (node:internal/stream_base_commons:189:23)",
  "request": {
    "method": "POST",
    "url": "/api/tickets",
    "ip": "::ffff:127.0.0.1",
    "userId": "phase2-contract-user",
    "userRole": "User"
  }
}
{
  "timestamp": "2026-04-21 01:23:23",
  "level": "INFO",
  "message": "POST /api/tickets",
  "statusCode": 500,
  "duration": "7ms",
  "request": {
    "method": "POST",
    "url": "/api/tickets",
    "ip": "::ffff:127.0.0.1",
    "userId": "phase2-contract-user",
    "userRole": "User"
  }
}
{
  "timestamp": "2026-04-21 01:23:23",
  "level": "INFO",
  "message": "GET /undefined",
  "statusCode": 404,
  "duration": "2ms",
  "request": {
    "method": "GET",
    "url": "/api/tickets/undefined",
    "ip": "::ffff:127.0.0.1",
    "userId": "phase2-contract-user",
    "userRole": "User"
  }
}
{
  "timestamp": "2026-04-21 01:23:23",
  "level": "INFO",
  "message": "POST /chats",
  "statusCode": 403,
  "duration": "0ms",
  "request": {
    "method": "POST",
    "url": "/api/chats",
    "ip": "::ffff:127.0.0.1"
  }
}
{
  "timestamp": "2026-04-21 01:23:29",
  "level": "INFO",
  "message": "Environment validation completed successfully"
}
{
  "timestamp": "2026-04-21 01:23:29",
  "level": "INFO",
  "message": "Allowed CORS origins configured",
  "origins": [
    "http://localhost:3000",
    "http://localhost:5173"
  ]
}
{
  "timestamp": "2026-04-21 01:23:29",
  "level": "INFO",
  "message": "Swagger documentation available at /api/docs"
}
{
  "timestamp": "2026-04-21 01:23:32",
  "level": "INFO",
  "message": "Server started successfully",
  "environment": "development",
  "port": "3001",
  "nodeVersion": "v22.22.0"
}
{
  "timestamp": "2026-04-21 01:23:32",
  "level": "INFO",
  "message": "New database connection established",
  "threadId": 15
}
{
  "timestamp": "2026-04-21 01:23:32",
  "level": "INFO",
  "message": "Database connected successfully"
}
{
  "timestamp": "2026-04-21 01:23:32",
  "level": "WARN",
  "message": "Redis unavailable, running without cache",
  "error": ""
}
{
  "timestamp": "2026-04-21 01:23:44",
  "level": "INFO",
  "message": "GET /me",
  "statusCode": 401,
  "duration": "7ms",
  "request": {
    "method": "GET",
    "url": "/api/auth/me",
    "ip": "::1",
    "userAgent": "Mozilla/5.0 (Windows NT 10.0; Win64; x64) AppleWebKit/537.36 (KHTML, like Gecko) Chrome/145.0.0.0 Safari/537.36 OPR/129.0.0.0"
  }
}
{
  "timestamp": "2026-04-21 01:23:44",
  "level": "INFO",
  "message": "POST /refresh",
  "statusCode": 200,
  "duration": "10ms",
  "request": {
    "method": "POST",
    "url": "/api/auth/refresh",
    "ip": "::1",
    "userAgent": "Mozilla/5.0 (Windows NT 10.0; Win64; x64) AppleWebKit/537.36 (KHTML, like Gecko) Chrome/145.0.0.0 Safari/537.36 OPR/129.0.0.0"
  }
}
{
  "timestamp": "2026-04-21 01:23:44",
  "level": "INFO",
  "message": "GET /me",
  "statusCode": 200,
  "duration": "3ms",
  "request": {
    "method": "GET",
    "url": "/api/auth/me",
    "ip": "::1",
    "userAgent": "Mozilla/5.0 (Windows NT 10.0; Win64; x64) AppleWebKit/537.36 (KHTML, like Gecko) Chrome/145.0.0.0 Safari/537.36 OPR/129.0.0.0",
    "userId": "70e770f6-1d37-4bbc-8745-e9f8fac346fe",
    "userRole": "Teknisi"
  }
}
{
  "timestamp": "2026-04-21 01:23:44",
  "level": "INFO",
  "message": "New database connection established",
  "threadId": 16
}
{
  "timestamp": "2026-04-21 01:23:44",
  "level": "INFO",
  "message": "New database connection established",
  "threadId": 17
}
{
  "timestamp": "2026-04-21 01:23:44",
  "level": "INFO",
  "message": "New database connection established",
  "threadId": 18
}
{
  "timestamp": "2026-04-21 01:23:44",
  "level": "INFO",
  "message": "PERFORMANCE: dashboard.technician-summary",
  "operation": "dashboard.technician-summary",
  "duration": "22ms",
  "cache": "MISS"
}
{
  "timestamp": "2026-04-21 01:23:44",
  "level": "INFO",
  "message": "GET /technician-summary",
  "statusCode": 200,
  "duration": "27ms",
  "request": {
    "method": "GET",
    "url": "/api/dashboard/technician-summary",
    "ip": "::1",
    "userAgent": "Mozilla/5.0 (Windows NT 10.0; Win64; x64) AppleWebKit/537.36 (KHTML, like Gecko) Chrome/145.0.0.0 Safari/537.36 OPR/129.0.0.0",
    "userId": "70e770f6-1d37-4bbc-8745-e9f8fac346fe",
    "userRole": "Teknisi"
  }
}
{
  "timestamp": "2026-04-21 01:23:49",
  "level": "WARN",
  "message": "Redis reconnect attempts exhausted, cache disabled"
}
{
  "timestamp": "2026-04-21 01:23:49",
  "level": "ERROR",
  "message": "Failed to connect to Redis",
  "error": ""
}
{
  "timestamp": "2026-04-21 01:23:49",
  "level": "INFO",
  "message": "Skipping cache warm-up because Redis is not connected"
}
{
  "timestamp": "2026-04-21 01:24:03",
  "level": "INFO",
  "message": "POST /logout",
  "statusCode": 200,
  "duration": "2ms",
  "request": {
    "method": "POST",
    "url": "/api/auth/logout",
    "ip": "::1",
    "userAgent": "Mozilla/5.0 (Windows NT 10.0; Win64; x64) AppleWebKit/537.36 (KHTML, like Gecko) Chrome/145.0.0.0 Safari/537.36 OPR/129.0.0.0",
    "userId": "70e770f6-1d37-4bbc-8745-e9f8fac346fe",
    "userRole": "Teknisi"
  }
}
{
  "timestamp": "2026-04-21 01:24:21",
  "level": "INFO",
  "message": "POST /login",
  "statusCode": 200,
  "duration": "290ms",
  "request": {
    "method": "POST",
    "url": "/api/auth/login",
    "ip": "::1",
    "userAgent": "Mozilla/5.0 (Windows NT 10.0; Win64; x64) AppleWebKit/537.36 (KHTML, like Gecko) Chrome/145.0.0.0 Safari/537.36 OPR/129.0.0.0"
  }
}
{
  "timestamp": "2026-04-21 01:24:21",
  "level": "INFO",
  "message": "New database connection established",
  "threadId": 35
}
{
  "timestamp": "2026-04-21 01:24:21",
  "level": "INFO",
  "message": "New database connection established",
  "threadId": 36
}
{
  "timestamp": "2026-04-21 01:24:21",
  "level": "INFO",
  "message": "New database connection established",
  "threadId": 37
}
{
  "timestamp": "2026-04-21 01:24:21",
  "level": "INFO",
  "message": "PERFORMANCE: dashboard.admin-summary",
  "operation": "dashboard.admin-summary",
  "duration": "25ms",
  "cache": "MISS"
}
{
  "timestamp": "2026-04-21 01:24:21",
  "level": "INFO",
  "message": "GET /admin-summary",
  "statusCode": 304,
  "duration": "30ms",
  "request": {
    "method": "GET",
    "url": "/api/dashboard/admin-summary",
    "ip": "::1",
    "userAgent": "Mozilla/5.0 (Windows NT 10.0; Win64; x64) AppleWebKit/537.36 (KHTML, like Gecko) Chrome/145.0.0.0 Safari/537.36 OPR/129.0.0.0",
    "userId": "b7769927-9a3f-4f83-97e5-1a007169c8f7",
    "userRole": "Admin"
  }
}
{
  "timestamp": "2026-04-21 01:24:46",
  "level": "INFO",
  "message": "GET /",
  "statusCode": 400,
  "duration": "2ms",
  "request": {
    "method": "GET",
    "url": "/api/users?role=Teknisi&sort=name&order=asc&perPage=200",
    "ip": "::1",
    "userAgent": "Mozilla/5.0 (Windows NT 10.0; Win64; x64) AppleWebKit/537.36 (KHTML, like Gecko) Chrome/145.0.0.0 Safari/537.36 OPR/129.0.0.0",
    "userId": "b7769927-9a3f-4f83-97e5-1a007169c8f7",
    "userRole": "Admin"
  }
}
{
  "timestamp": "2026-04-21 01:24:46",
  "level": "INFO",
  "message": "GET /",
  "statusCode": 200,
  "duration": "7ms",
  "request": {
    "method": "GET",
    "url": "/api/tickets?page=1&perPage=50",
    "ip": "::1",
    "userAgent": "Mozilla/5.0 (Windows NT 10.0; Win64; x64) AppleWebKit/537.36 (KHTML, like Gecko) Chrome/145.0.0.0 Safari/537.36 OPR/129.0.0.0",
    "userId": "b7769927-9a3f-4f83-97e5-1a007169c8f7",
    "userRole": "Admin"
  }
}
{
  "timestamp": "2026-04-21 01:24:47",
  "level": "INFO",
  "message": "GET /",
  "statusCode": 400,
  "duration": "2ms",
  "request": {
    "method": "GET",
    "url": "/api/users?role=Teknisi&sort=name&order=asc&perPage=200",
    "ip": "::1",
    "userAgent": "Mozilla/5.0 (Windows NT 10.0; Win64; x64) AppleWebKit/537.36 (KHTML, like Gecko) Chrome/145.0.0.0 Safari/537.36 OPR/129.0.0.0",
    "userId": "b7769927-9a3f-4f83-97e5-1a007169c8f7",
    "userRole": "Admin"
  }
}
{
  "timestamp": "2026-04-21 01:24:47",
  "level": "INFO",
  "message": "GET /",
  "statusCode": 400,
  "duration": "2ms",
  "request": {
    "method": "GET",
    "url": "/api/tickets?from=2026-04-01&perPage=500",
    "ip": "::1",
    "userAgent": "Mozilla/5.0 (Windows NT 10.0; Win64; x64) AppleWebKit/537.36 (KHTML, like Gecko) Chrome/145.0.0.0 Safari/537.36 OPR/129.0.0.0",
    "userId": "b7769927-9a3f-4f83-97e5-1a007169c8f7",
    "userRole": "Admin"
  }
}
{
  "timestamp": "2026-04-21 01:24:47",
  "level": "INFO",
  "message": "GET /",
  "statusCode": 200,
  "duration": "3ms",
  "request": {
    "method": "GET",
    "url": "/api/tickets?page=1&perPage=50&status=Selesai",
    "ip": "::1",
    "userAgent": "Mozilla/5.0 (Windows NT 10.0; Win64; x64) AppleWebKit/537.36 (KHTML, like Gecko) Chrome/145.0.0.0 Safari/537.36 OPR/129.0.0.0",
    "userId": "b7769927-9a3f-4f83-97e5-1a007169c8f7",
    "userRole": "Admin"
  }
}
{
  "timestamp": "2026-04-21 01:24:48",
  "level": "INFO",
  "message": "GET /",
  "statusCode": 200,
  "duration": "12ms",
  "request": {
    "method": "GET",
    "url": "/api/users?sort=created_at&order=desc",
    "ip": "::1",
    "userAgent": "Mozilla/5.0 (Windows NT 10.0; Win64; x64) AppleWebKit/537.36 (KHTML, like Gecko) Chrome/145.0.0.0 Safari/537.36 OPR/129.0.0.0",
    "userId": "b7769927-9a3f-4f83-97e5-1a007169c8f7",
    "userRole": "Admin"
  }
}
{
  "timestamp": "2026-04-21 01:24:51",
  "level": "INFO",
  "message": "GET /",
  "statusCode": 200,
  "duration": "3ms",
  "request": {
    "method": "GET",
    "url": "/api/technicians",
    "ip": "::1",
    "userAgent": "Mozilla/5.0 (Windows NT 10.0; Win64; x64) AppleWebKit/537.36 (KHTML, like Gecko) Chrome/145.0.0.0 Safari/537.36 OPR/129.0.0.0",
    "userId": "b7769927-9a3f-4f83-97e5-1a007169c8f7",
    "userRole": "Admin"
  }
}
{
  "timestamp": "2026-04-21 01:24:52",
  "level": "INFO",
  "message": "GET /",
  "statusCode": 200,
  "duration": "5ms",
  "request": {
    "method": "GET",
    "url": "/api/chats?page=1&perPage=50",
    "ip": "::1",
    "userAgent": "Mozilla/5.0 (Windows NT 10.0; Win64; x64) AppleWebKit/537.36 (KHTML, like Gecko) Chrome/145.0.0.0 Safari/537.36 OPR/129.0.0.0",
    "userId": "b7769927-9a3f-4f83-97e5-1a007169c8f7",
    "userRole": "Admin"
  }
}
{
  "timestamp": "2026-04-21 01:25:00",
  "level": "INFO",
  "message": "GET /activity-logs",
  "statusCode": 200,
  "duration": "5ms",
  "request": {
    "method": "GET",
    "url": "/api/settings/activity-logs?page=1&perPage=50",
    "ip": "::1",
    "userAgent": "Mozilla/5.0 (Windows NT 10.0; Win64; x64) AppleWebKit/537.36 (KHTML, like Gecko) Chrome/145.0.0.0 Safari/537.36 OPR/129.0.0.0",
    "userId": "b7769927-9a3f-4f83-97e5-1a007169c8f7",
    "userRole": "Admin"
  }
}
{
  "timestamp": "2026-04-21 01:25:01",
  "level": "INFO",
  "message": "GET /",
  "statusCode": 304,
  "duration": "3ms",
  "request": {
    "method": "GET",
    "url": "/api/chats?page=1&perPage=50",
    "ip": "::1",
    "userAgent": "Mozilla/5.0 (Windows NT 10.0; Win64; x64) AppleWebKit/537.36 (KHTML, like Gecko) Chrome/145.0.0.0 Safari/537.36 OPR/129.0.0.0",
    "userId": "b7769927-9a3f-4f83-97e5-1a007169c8f7",
    "userRole": "Admin"
  }
}
{
  "timestamp": "2026-04-21 01:25:07",
  "level": "INFO",
  "message": "Environment validation completed successfully"
}
{
  "timestamp": "2026-04-21 01:25:07",
  "level": "INFO",
  "message": "Allowed CORS origins configured",
  "origins": [
    "http://localhost:3000",
    "http://localhost:5173"
  ]
}
{
  "timestamp": "2026-04-21 01:25:07",
  "level": "INFO",
  "message": "Swagger documentation available at /api/docs"
}
{
  "timestamp": "2026-04-21 01:25:07",
  "level": "INFO",
  "message": "Server started successfully",
  "environment": "development",
  "port": "3001",
  "nodeVersion": "v22.22.0"
}
{
  "timestamp": "2026-04-21 01:25:07",
  "level": "INFO",
  "message": "New database connection established",
  "threadId": 39
}
{
  "timestamp": "2026-04-21 01:25:07",
  "level": "INFO",
  "message": "Database connected successfully"
}
{
  "timestamp": "2026-04-21 01:25:07",
  "level": "WARN",
  "message": "Redis unavailable, running without cache",
  "error": ""
}
{
  "timestamp": "2026-04-21 01:25:09",
  "level": "INFO",
  "message": "Environment validation completed successfully"
}
{
  "timestamp": "2026-04-21 01:25:09",
  "level": "INFO",
  "message": "Allowed CORS origins configured",
  "origins": [
    "http://localhost:3000",
    "http://localhost:5173"
  ]
}
{
  "timestamp": "2026-04-21 01:25:09",
  "level": "INFO",
  "message": "Swagger documentation available at /api/docs"
}
{
  "timestamp": "2026-04-21 01:25:10",
  "level": "INFO",
  "message": "Server started successfully",
  "environment": "development",
  "port": "3001",
  "nodeVersion": "v22.22.0"
}
{
  "timestamp": "2026-04-21 01:25:10",
  "level": "INFO",
  "message": "New database connection established",
  "threadId": 40
}
{
  "timestamp": "2026-04-21 01:25:10",
  "level": "INFO",
  "message": "Database connected successfully"
}
{
  "timestamp": "2026-04-21 01:25:10",
  "level": "WARN",
  "message": "Redis unavailable, running without cache",
  "error": ""
}
{
  "timestamp": "2026-04-21 01:25:20",
  "level": "INFO",
  "message": "Environment validation completed successfully"
}
{
  "timestamp": "2026-04-21 01:25:20",
  "level": "INFO",
  "message": "Allowed CORS origins configured",
  "origins": [
    "http://localhost:3000",
    "http://localhost:5173"
  ]
}
{
  "timestamp": "2026-04-21 01:25:20",
  "level": "INFO",
  "message": "Swagger documentation available at /api/docs"
}
{
  "timestamp": "2026-04-21 01:25:20",
  "level": "INFO",
  "message": "New database connection established",
  "threadId": 41
}
{
  "timestamp": "2026-04-21 01:25:20",
  "level": "INFO",
  "message": "Database connected successfully"
}
{
  "timestamp": "2026-04-21 01:25:20",
  "level": "INFO",
  "message": "New database connection established",
  "threadId": 42
}
{
  "timestamp": "2026-04-21 01:25:20",
  "level": "INFO",
  "message": "Server started successfully",
  "environment": "test",
  "port": "3001",
  "nodeVersion": "v24.14.1"
}
{
  "timestamp": "2026-04-21 01:25:20",
  "level": "INFO",
  "message": "POST /login",
  "statusCode": 200,
  "duration": "62ms",
  "request": {
    "method": "POST",
    "url": "/api/auth/login",
    "ip": "::ffff:127.0.0.1"
  }
}
{
  "timestamp": "2026-04-21 01:25:20",
  "level": "INFO",
  "message": "GET /live",
  "statusCode": 200,
  "duration": "1ms",
  "request": {
    "method": "GET",
    "url": "/api/health/live",
    "ip": "::ffff:127.0.0.1"
  }
}
{
  "timestamp": "2026-04-21 01:25:20",
  "level": "INFO",
  "message": "POST /login",
  "statusCode": 200,
  "duration": "56ms",
  "request": {
    "method": "POST",
    "url": "/api/auth/login",
    "ip": "::ffff:127.0.0.1"
  }
}
{
  "timestamp": "2026-04-21 01:25:20",
  "level": "INFO",
  "message": "POST /login",
  "statusCode": 200,
  "duration": "56ms",
  "request": {
    "method": "POST",
    "url": "/api/auth/login",
    "ip": "::ffff:127.0.0.1"
  }
}
{
  "timestamp": "2026-04-21 01:25:20",
  "level": "INFO",
  "message": "GET /me",
  "statusCode": 200,
  "duration": "2ms",
  "request": {
    "method": "GET",
    "url": "/api/auth/me",
    "ip": "::ffff:127.0.0.1",
    "userId": "phase2-contract-user",
    "userRole": "User"
  }
}
{
  "timestamp": "2026-04-21 01:25:20",
  "level": "INFO",
  "message": "[DEBUG] POST /api/tickets payload",
  "body": {
    "title": "Contract Test Ticket",
    "description": "Test ticket for contract",
    "urgency": "Sedang",
    "category": "General"
  },
  "user": {
    "id": "phase2-contract-user",
    "role": "User",
    "name": "Phase 2 Contract User",
    "email": "phase2.contract@test.local",
    "iat": 1776705920,
    "exp": 1776709520
  }
}
{
  "timestamp": "2026-04-21 01:25:20",
  "level": "ERROR",
  "message": "[DEBUG] Error creating ticket",
  "error": "Unknown column 'category' in 'field list'",
  "stack": "Error: Unknown column 'category' in 'field list'\n    at C:\\laragon\\www\\projectpolda\\backend\\node_modules\\mysql2\\lib\\promise\\make_done_cb.js:6:24\n    at Query.cmdQuery.onResult (C:\\laragon\\www\\projectpolda\\backend\\node_modules\\mysql2\\lib\\base\\pool.js:237:13)\n    at Query.execute (C:\\laragon\\www\\projectpolda\\backend\\node_modules\\mysql2\\lib\\commands\\command.js:36:14)\n    at PoolConnection.handlePacket (C:\\laragon\\www\\projectpolda\\backend\\node_modules\\mysql2\\lib\\base\\connection.js:552:34)\n    at PacketParser.onPacket (C:\\laragon\\www\\projectpolda\\backend\\node_modules\\mysql2\\lib\\base\\connection.js:102:12)\n    at PacketParser.executeStart (C:\\laragon\\www\\projectpolda\\backend\\node_modules\\mysql2\\lib\\packet_parser.js:75:16)\n    at Socket.<anonymous> (C:\\laragon\\www\\projectpolda\\backend\\node_modules\\mysql2\\lib\\base\\connection.js:109:25)\n    at Socket.emit (node:events:508:28)\n    at addChunk (node:internal/streams/readable:563:12)\n    at readableAddChunkPushByteMode (node:internal/streams/readable:514:3)\n    at Socket.Readable.push (node:internal/streams/readable:394:5)\n    at TCP.onStreamRead (node:internal/stream_base_commons:189:23)",
  "body": {
    "title": "Contract Test Ticket",
    "description": "Test ticket for contract",
    "urgency": "Sedang",
    "category": "General"
  },
  "user": {
    "id": "phase2-contract-user",
    "role": "User",
    "name": "Phase 2 Contract User",
    "email": "phase2.contract@test.local",
    "iat": 1776705920,
    "exp": 1776709520
  }
}
{
  "timestamp": "2026-04-21 01:25:20",
  "level": "ERROR",
  "message": "Unhandled error",
  "error": "Unknown column 'category' in 'field list'",
  "stack": "Error: Unknown column 'category' in 'field list'\n    at C:\\laragon\\www\\projectpolda\\backend\\node_modules\\mysql2\\lib\\promise\\make_done_cb.js:6:24\n    at Query.cmdQuery.onResult (C:\\laragon\\www\\projectpolda\\backend\\node_modules\\mysql2\\lib\\base\\pool.js:237:13)\n    at Query.execute (C:\\laragon\\www\\projectpolda\\backend\\node_modules\\mysql2\\lib\\commands\\command.js:36:14)\n    at PoolConnection.handlePacket (C:\\laragon\\www\\projectpolda\\backend\\node_modules\\mysql2\\lib\\base\\connection.js:552:34)\n    at PacketParser.onPacket (C:\\laragon\\www\\projectpolda\\backend\\node_modules\\mysql2\\lib\\base\\connection.js:102:12)\n    at PacketParser.executeStart (C:\\laragon\\www\\projectpolda\\backend\\node_modules\\mysql2\\lib\\packet_parser.js:75:16)\n    at Socket.<anonymous> (C:\\laragon\\www\\projectpolda\\backend\\node_modules\\mysql2\\lib\\base\\connection.js:109:25)\n    at Socket.emit (node:events:508:28)\n    at addChunk (node:internal/streams/readable:563:12)\n    at readableAddChunkPushByteMode (node:internal/streams/readable:514:3)\n    at Socket.Readable.push (node:internal/streams/readable:394:5)\n    at TCP.onStreamRead (node:internal/stream_base_commons:189:23)",
  "request": {
    "method": "POST",
    "url": "/api/tickets",
    "ip": "::ffff:127.0.0.1",
    "userId": "phase2-contract-user",
    "userRole": "User"
  }
}
{
  "timestamp": "2026-04-21 01:25:20",
  "level": "INFO",
  "message": "POST /api/tickets",
  "statusCode": 500,
  "duration": "6ms",
  "request": {
    "method": "POST",
    "url": "/api/tickets",
    "ip": "::ffff:127.0.0.1",
    "userId": "phase2-contract-user",
    "userRole": "User"
  }
}
{
  "timestamp": "2026-04-21 01:25:20",
  "level": "INFO",
  "message": "GET /undefined",
  "statusCode": 404,
  "duration": "2ms",
  "request": {
    "method": "GET",
    "url": "/api/tickets/undefined",
    "ip": "::ffff:127.0.0.1",
    "userId": "phase2-contract-user",
    "userRole": "User"
  }
}
{
  "timestamp": "2026-04-21 01:25:20",
  "level": "INFO",
  "message": "POST /",
  "statusCode": 201,
  "duration": "12ms",
  "request": {
    "method": "POST",
    "url": "/api/chats",
    "ip": "::ffff:127.0.0.1",
    "userId": "phase2-contract-user",
    "userRole": "User"
  }
}
{
  "timestamp": "2026-04-21 01:25:20",
  "level": "INFO",
  "message": "GET /94d48dd2-0ec7-4129-96cc-9fd9adfabe06",
  "statusCode": 200,
  "duration": "2ms",
  "request": {
    "method": "GET",
    "url": "/api/chats/94d48dd2-0ec7-4129-96cc-9fd9adfabe06",
    "ip": "::ffff:127.0.0.1",
    "userId": "phase2-contract-user",
    "userRole": "User"
  }
}
{
  "timestamp": "2026-04-21 01:25:20",
  "level": "INFO",
  "message": "POST /messages",
  "statusCode": 403,
  "duration": "0ms",
  "request": {
    "method": "POST",
    "url": "/api/messages",
    "ip": "::ffff:127.0.0.1"
  }
}
{
  "timestamp": "2026-04-21 01:25:20",
  "level": "INFO",
  "message": "GET /",
  "statusCode": 200,
  "duration": "4ms",
  "request": {
    "method": "GET",
    "url": "/api/messages?chat_id=94d48dd2-0ec7-4129-96cc-9fd9adfabe06",
    "ip": "::ffff:127.0.0.1",
    "userId": "phase2-contract-user",
    "userRole": "User"
  }
}
{
  "timestamp": "2026-04-21 01:25:26",
  "level": "WARN",
  "message": "Redis reconnect attempts exhausted, cache disabled"
}
{
  "timestamp": "2026-04-21 01:25:26",
  "level": "ERROR",
  "message": "Failed to connect to Redis",
  "error": ""
}
{
  "timestamp": "2026-04-21 01:25:26",
  "level": "INFO",
  "message": "Skipping cache warm-up because Redis is not connected"
}
{
  "timestamp": "2026-04-21 01:25:45",
  "level": "INFO",
  "message": "Environment validation completed successfully"
}
{
  "timestamp": "2026-04-21 01:25:45",
  "level": "INFO",
  "message": "Allowed CORS origins configured",
  "origins": [
    "http://localhost:3000",
    "http://localhost:5173"
  ]
}
{
  "timestamp": "2026-04-21 01:25:45",
  "level": "INFO",
  "message": "Swagger documentation available at /api/docs"
}
{
  "timestamp": "2026-04-21 01:25:45",
  "level": "INFO",
  "message": "Server started successfully",
  "environment": "development",
  "port": "3001",
  "nodeVersion": "v22.22.0"
}
{
  "timestamp": "2026-04-21 01:25:45",
  "level": "INFO",
  "message": "New database connection established",
  "threadId": 43
}
{
  "timestamp": "2026-04-21 01:25:45",
  "level": "INFO",
  "message": "Database connected successfully"
}
{
  "timestamp": "2026-04-21 01:25:45",
  "level": "WARN",
  "message": "Redis unavailable, running without cache",
  "error": ""
}
{
  "timestamp": "2026-04-21 01:25:58",
  "level": "INFO",
  "message": "Environment validation completed successfully"
}
{
  "timestamp": "2026-04-21 01:25:58",
  "level": "INFO",
  "message": "Allowed CORS origins configured",
  "origins": [
    "http://localhost:3000",
    "http://localhost:5173"
  ]
}
{
  "timestamp": "2026-04-21 01:25:58",
  "level": "INFO",
  "message": "Swagger documentation available at /api/docs"
}
{
  "timestamp": "2026-04-21 01:25:58",
  "level": "INFO",
  "message": "Server started successfully",
  "environment": "development",
  "port": "3001",
  "nodeVersion": "v22.22.0"
}
{
  "timestamp": "2026-04-21 01:25:58",
  "level": "INFO",
  "message": "New database connection established",
  "threadId": 48
}
{
  "timestamp": "2026-04-21 01:25:58",
  "level": "INFO",
  "message": "Database connected successfully"
}
{
  "timestamp": "2026-04-21 01:25:58",
  "level": "WARN",
  "message": "Redis unavailable, running without cache",
  "error": ""
}
{
  "timestamp": "2026-04-21 01:26:15",
  "level": "WARN",
  "message": "Redis reconnect attempts exhausted, cache disabled"
}
{
  "timestamp": "2026-04-21 01:26:15",
  "level": "ERROR",
  "message": "Failed to connect to Redis",
  "error": ""
}
{
  "timestamp": "2026-04-21 01:26:15",
  "level": "INFO",
  "message": "Skipping cache warm-up because Redis is not connected"
}
{
  "timestamp": "2026-04-21 01:28:51",
  "level": "INFO",
  "message": "Environment validation completed successfully"
}
{
  "timestamp": "2026-04-21 01:28:51",
  "level": "INFO",
  "message": "Allowed CORS origins configured",
  "origins": [
    "http://localhost:3000",
    "http://localhost:5173"
  ]
}
{
  "timestamp": "2026-04-21 01:28:51",
  "level": "INFO",
  "message": "Swagger documentation available at /api/docs"
}
{
  "timestamp": "2026-04-21 01:28:52",
  "level": "INFO",
  "message": "New database connection established",
  "threadId": 81
}
{
  "timestamp": "2026-04-21 01:28:52",
  "level": "INFO",
  "message": "Database connected successfully"
}
{
  "timestamp": "2026-04-21 01:28:52",
  "level": "INFO",
  "message": "New database connection established",
  "threadId": 82
}
{
  "timestamp": "2026-04-21 01:28:52",
  "level": "INFO",
  "message": "Server started successfully",
  "environment": "test",
  "port": "3001",
  "nodeVersion": "v24.14.1"
}
{
  "timestamp": "2026-04-21 01:28:52",
  "level": "INFO",
  "message": "POST /login",
  "statusCode": 200,
  "duration": "63ms",
  "request": {
    "method": "POST",
    "url": "/api/auth/login",
    "ip": "::ffff:127.0.0.1"
  }
}
{
  "timestamp": "2026-04-21 01:28:52",
  "level": "INFO",
  "message": "GET /live",
  "statusCode": 200,
  "duration": "1ms",
  "request": {
    "method": "GET",
    "url": "/api/health/live",
    "ip": "::ffff:127.0.0.1"
  }
}
{
  "timestamp": "2026-04-21 01:28:52",
  "level": "INFO",
  "message": "POST /login",
  "statusCode": 200,
  "duration": "56ms",
  "request": {
    "method": "POST",
    "url": "/api/auth/login",
    "ip": "::ffff:127.0.0.1"
  }
}
{
  "timestamp": "2026-04-21 01:28:52",
  "level": "INFO",
  "message": "POST /login",
  "statusCode": 200,
  "duration": "57ms",
  "request": {
    "method": "POST",
    "url": "/api/auth/login",
    "ip": "::ffff:127.0.0.1"
  }
}
{
  "timestamp": "2026-04-21 01:28:52",
  "level": "INFO",
  "message": "GET /me",
  "statusCode": 200,
  "duration": "2ms",
  "request": {
    "method": "GET",
    "url": "/api/auth/me",
    "ip": "::ffff:127.0.0.1",
    "userId": "phase2-contract-user",
    "userRole": "User"
  }
}
{
  "timestamp": "2026-04-21 01:28:52",
  "level": "INFO",
  "message": "[DEBUG] POST /api/tickets payload",
  "body": {
    "title": "Contract Test Ticket",
    "description": "Test ticket for contract",
    "urgency": "Sedang",
    "category": "General"
  },
  "user": {
    "id": "phase2-contract-user",
    "role": "User",
    "name": "Phase 2 Contract User",
    "email": "phase2.contract@test.local",
    "iat": 1776706132,
    "exp": 1776709732
  }
}
{
  "timestamp": "2026-04-21 01:28:52",
  "level": "INFO",
  "message": "[DEBUG] Ticket created",
  "id": "4cfb5416-9f34-4755-b4bd-246740a0d577",
  "ticket_number": "TKT-23478666"
}
{
  "timestamp": "2026-04-21 01:28:52",
  "level": "INFO",
  "message": "POST /",
  "statusCode": 201,
  "duration": "11ms",
  "request": {
    "method": "POST",
    "url": "/api/tickets",
    "ip": "::ffff:127.0.0.1",
    "userId": "phase2-contract-user",
    "userRole": "User"
  }
}
{
  "timestamp": "2026-04-21 01:28:52",
  "level": "INFO",
  "message": "GET /4cfb5416-9f34-4755-b4bd-246740a0d577",
  "statusCode": 200,
  "duration": "2ms",
  "request": {
    "method": "GET",
    "url": "/api/tickets/4cfb5416-9f34-4755-b4bd-246740a0d577",
    "ip": "::ffff:127.0.0.1",
    "userId": "phase2-contract-user",
    "userRole": "User"
  }
}
{
  "timestamp": "2026-04-21 01:28:52",
  "level": "INFO",
  "message": "POST /",
  "statusCode": 201,
  "duration": "9ms",
  "request": {
    "method": "POST",
    "url": "/api/chats",
    "ip": "::ffff:127.0.0.1",
    "userId": "phase2-contract-user",
    "userRole": "User"
  }
}
{
  "timestamp": "2026-04-21 01:28:52",
  "level": "INFO",
  "message": "GET /2075da8c-22eb-49fb-bf88-f1d1ee2985ec",
  "statusCode": 200,
  "duration": "2ms",
  "request": {
    "method": "GET",
    "url": "/api/chats/2075da8c-22eb-49fb-bf88-f1d1ee2985ec",
    "ip": "::ffff:127.0.0.1",
    "userId": "phase2-contract-user",
    "userRole": "User"
  }
}
{
  "timestamp": "2026-04-21 01:28:52",
  "level": "INFO",
  "message": "POST /",
  "statusCode": 201,
  "duration": "16ms",
  "request": {
    "method": "POST",
    "url": "/api/messages",
    "ip": "::ffff:127.0.0.1",
    "userId": "phase2-contract-user",
    "userRole": "User"
  }
}
{
  "timestamp": "2026-04-21 01:28:52",
  "level": "INFO",
  "message": "GET /",
  "statusCode": 200,
  "duration": "2ms",
  "request": {
    "method": "GET",
    "url": "/api/messages?chat_id=2075da8c-22eb-49fb-bf88-f1d1ee2985ec",
    "ip": "::ffff:127.0.0.1",
    "userId": "phase2-contract-user",
    "userRole": "User"
  }
}
{
  "timestamp": "2026-04-21 01:28:52",
  "level": "INFO",
  "message": "POST /uploads/ticket/4cfb5416-9f34-4755-b4bd-246740a0d577",
  "statusCode": 403,
  "duration": "0ms",
  "request": {
    "method": "POST",
    "url": "/api/uploads/ticket/4cfb5416-9f34-4755-b4bd-246740a0d577",
    "ip": "::ffff:127.0.0.1"
  }
}
{
  "timestamp": "2026-04-21 01:32:49",
  "level": "INFO",
  "message": "Environment validation completed successfully"
}
{
  "timestamp": "2026-04-21 01:32:49",
  "level": "INFO",
  "message": "Allowed CORS origins configured",
  "origins": [
    "http://localhost:3000",
    "http://localhost:5173"
  ]
}
{
  "timestamp": "2026-04-21 01:32:49",
  "level": "INFO",
  "message": "Swagger documentation available at /api/docs"
}
{
  "timestamp": "2026-04-21 01:32:49",
  "level": "INFO",
  "message": "Server started successfully",
  "environment": "development",
  "port": "3001",
  "nodeVersion": "v22.22.0"
}
{
  "timestamp": "2026-04-21 01:32:49",
  "level": "INFO",
  "message": "New database connection established",
  "threadId": 83
}
{
  "timestamp": "2026-04-21 01:32:49",
  "level": "INFO",
  "message": "Database connected successfully"
}
{
  "timestamp": "2026-04-21 01:32:49",
  "level": "WARN",
  "message": "Redis unavailable, running without cache",
  "error": ""
}
{
  "timestamp": "2026-04-21 01:32:59",
  "level": "INFO",
  "message": "Environment validation completed successfully"
}
{
  "timestamp": "2026-04-21 01:32:59",
  "level": "INFO",
  "message": "Allowed CORS origins configured",
  "origins": [
    "http://localhost:3000",
    "http://localhost:5173"
  ]
}
{
  "timestamp": "2026-04-21 01:32:59",
  "level": "INFO",
  "message": "Swagger documentation available at /api/docs"
}
{
  "timestamp": "2026-04-21 01:32:59",
  "level": "INFO",
  "message": "Server started successfully",
  "environment": "development",
  "port": "3001",
  "nodeVersion": "v22.22.0"
}
{
  "timestamp": "2026-04-21 01:32:59",
  "level": "INFO",
  "message": "New database connection established",
  "threadId": 84
}
{
  "timestamp": "2026-04-21 01:32:59",
  "level": "INFO",
  "message": "Database connected successfully"
}
{
  "timestamp": "2026-04-21 01:32:59",
  "level": "WARN",
  "message": "Redis unavailable, running without cache",
  "error": ""
}
{
  "timestamp": "2026-04-21 01:33:15",
  "level": "WARN",
  "message": "Redis reconnect attempts exhausted, cache disabled"
}
{
  "timestamp": "2026-04-21 01:33:15",
  "level": "ERROR",
  "message": "Failed to connect to Redis",
  "error": ""
}
{
  "timestamp": "2026-04-21 01:33:15",
  "level": "INFO",
  "message": "Skipping cache warm-up because Redis is not connected"
}
{
  "timestamp": "2026-04-21 07:08:14",
  "level": "INFO",
  "message": "Environment validation completed successfully"
}
{
  "timestamp": "2026-04-21 07:08:14",
  "level": "INFO",
  "message": "Allowed CORS origins configured",
  "origins": [
    "http://localhost:3000",
    "http://localhost:5173"
  ]
}
{
  "timestamp": "2026-04-21 07:08:14",
  "level": "INFO",
  "message": "Swagger documentation available at /api/docs"
}
{
  "timestamp": "2026-04-21 07:08:15",
  "level": "INFO",
  "message": "New database connection established",
  "threadId": 85
}
{
  "timestamp": "2026-04-21 07:08:15",
  "level": "INFO",
  "message": "Database connected successfully"
}
{
  "timestamp": "2026-04-21 07:08:15",
  "level": "INFO",
  "message": "New database connection established",
  "threadId": 86
}
{
  "timestamp": "2026-04-21 07:08:15",
  "level": "INFO",
  "message": "Server started successfully",
  "environment": "test",
  "port": "3001",
  "nodeVersion": "v24.14.1"
}
{
  "timestamp": "2026-04-21 07:08:15",
  "level": "INFO",
  "message": "POST /login",
  "statusCode": 200,
  "duration": "61ms",
  "request": {
    "method": "POST",
    "url": "/api/auth/login",
    "ip": "::ffff:127.0.0.1"
  }
}
{
  "timestamp": "2026-04-21 07:08:15",
  "level": "INFO",
  "message": "GET /live",
  "statusCode": 200,
  "duration": "1ms",
  "request": {
    "method": "GET",
    "url": "/api/health/live",
    "ip": "::ffff:127.0.0.1"
  }
}
{
  "timestamp": "2026-04-21 07:08:15",
  "level": "INFO",
  "message": "POST /login",
  "statusCode": 200,
  "duration": "57ms",
  "request": {
    "method": "POST",
    "url": "/api/auth/login",
    "ip": "::ffff:127.0.0.1"
  }
}
{
  "timestamp": "2026-04-21 07:08:15",
  "level": "INFO",
  "message": "POST /login",
  "statusCode": 200,
  "duration": "55ms",
  "request": {
    "method": "POST",
    "url": "/api/auth/login",
    "ip": "::ffff:127.0.0.1"
  }
}
{
  "timestamp": "2026-04-21 07:08:15",
  "level": "INFO",
  "message": "GET /me",
  "statusCode": 200,
  "duration": "2ms",
  "request": {
    "method": "GET",
    "url": "/api/auth/me",
    "ip": "::ffff:127.0.0.1",
    "userId": "phase2-contract-user",
    "userRole": "User"
  }
}
{
  "timestamp": "2026-04-21 07:08:15",
  "level": "INFO",
  "message": "[DEBUG] POST /api/tickets payload",
  "body": {
    "title": "Contract Test Ticket",
    "description": "Test ticket for contract",
    "urgency": "Sedang",
    "category": "General"
  },
  "user": {
    "id": "phase2-contract-user",
    "role": "User",
    "name": "Phase 2 Contract User",
    "email": "phase2.contract@test.local",
    "iat": 1776726495,
    "exp": 1776730095
  }
}
{
  "timestamp": "2026-04-21 07:08:15",
  "level": "INFO",
  "message": "[DEBUG] Ticket created",
  "id": "1c77e85b-9802-4f26-8eec-57e7be279522",
  "ticket_number": "TKT-53692958"
}
{
  "timestamp": "2026-04-21 07:08:15",
  "level": "INFO",
  "message": "POST /",
  "statusCode": 201,
  "duration": "9ms",
  "request": {
    "method": "POST",
    "url": "/api/tickets",
    "ip": "::ffff:127.0.0.1",
    "userId": "phase2-contract-user",
    "userRole": "User"
  }
}
{
  "timestamp": "2026-04-21 07:08:15",
  "level": "INFO",
  "message": "GET /1c77e85b-9802-4f26-8eec-57e7be279522",
  "statusCode": 200,
  "duration": "2ms",
  "request": {
    "method": "GET",
    "url": "/api/tickets/1c77e85b-9802-4f26-8eec-57e7be279522",
    "ip": "::ffff:127.0.0.1",
    "userId": "phase2-contract-user",
    "userRole": "User"
  }
}
{
  "timestamp": "2026-04-21 07:08:15",
  "level": "INFO",
  "message": "POST /",
  "statusCode": 201,
  "duration": "8ms",
  "request": {
    "method": "POST",
    "url": "/api/chats",
    "ip": "::ffff:127.0.0.1",
    "userId": "phase2-contract-user",
    "userRole": "User"
  }
}
{
  "timestamp": "2026-04-21 07:08:15",
  "level": "INFO",
  "message": "GET /f3287b3c-d6a4-4e1c-896a-934caf410400",
  "statusCode": 200,
  "duration": "2ms",
  "request": {
    "method": "GET",
    "url": "/api/chats/f3287b3c-d6a4-4e1c-896a-934caf410400",
    "ip": "::ffff:127.0.0.1",
    "userId": "phase2-contract-user",
    "userRole": "User"
  }
}
{
  "timestamp": "2026-04-21 07:08:15",
  "level": "INFO",
  "message": "POST /",
  "statusCode": 201,
  "duration": "25ms",
  "request": {
    "method": "POST",
    "url": "/api/messages",
    "ip": "::ffff:127.0.0.1",
    "userId": "phase2-contract-user",
    "userRole": "User"
  }
}
{
  "timestamp": "2026-04-21 07:08:15",
  "level": "INFO",
  "message": "GET /",
  "statusCode": 200,
  "duration": "3ms",
  "request": {
    "method": "GET",
    "url": "/api/messages?chat_id=f3287b3c-d6a4-4e1c-896a-934caf410400",
    "ip": "::ffff:127.0.0.1",
    "userId": "phase2-contract-user",
    "userRole": "User"
  }
}
{
  "timestamp": "2026-04-21 07:08:15",
  "level": "INFO",
  "message": "POST /uploads/ticket/1c77e85b-9802-4f26-8eec-57e7be279522",
  "statusCode": 403,
  "duration": "0ms",
  "request": {
    "method": "POST",
    "url": "/api/uploads/ticket/1c77e85b-9802-4f26-8eec-57e7be279522",
    "ip": "::ffff:127.0.0.1"
  }
}
{
  "timestamp": "2026-04-21 07:08:53",
  "level": "INFO",
  "message": "Environment validation completed successfully"
}
{
  "timestamp": "2026-04-21 07:08:53",
  "level": "INFO",
  "message": "Allowed CORS origins configured",
  "origins": [
    "http://localhost:3000",
    "http://localhost:5173"
  ]
}
{
  "timestamp": "2026-04-21 07:08:54",
  "level": "INFO",
  "message": "Swagger documentation available at /api/docs"
}
{
  "timestamp": "2026-04-21 07:08:54",
  "level": "INFO",
  "message": "Server started successfully",
  "environment": "development",
  "port": "3001",
  "nodeVersion": "v22.22.0"
}
{
  "timestamp": "2026-04-21 07:08:54",
  "level": "INFO",
  "message": "New database connection established",
  "threadId": 87
}
{
  "timestamp": "2026-04-21 07:08:54",
  "level": "INFO",
  "message": "Database connected successfully"
}
{
  "timestamp": "2026-04-21 07:08:54",
  "level": "WARN",
  "message": "Redis unavailable, running without cache",
  "error": ""
}
{
  "timestamp": "2026-04-21 07:09:02",
  "level": "INFO",
  "message": "Environment validation completed successfully"
}
{
  "timestamp": "2026-04-21 07:09:02",
  "level": "INFO",
  "message": "Allowed CORS origins configured",
  "origins": [
    "http://localhost:3000",
    "http://localhost:5173"
  ]
}
{
  "timestamp": "2026-04-21 07:09:02",
  "level": "INFO",
  "message": "Swagger documentation available at /api/docs"
}
{
  "timestamp": "2026-04-21 07:09:02",
  "level": "INFO",
  "message": "New database connection established",
  "threadId": 88
}
{
  "timestamp": "2026-04-21 07:09:02",
  "level": "INFO",
  "message": "Database connected successfully"
}
{
  "timestamp": "2026-04-21 07:09:02",
  "level": "INFO",
  "message": "New database connection established",
  "threadId": 89
}
{
  "timestamp": "2026-04-21 07:09:02",
  "level": "INFO",
  "message": "Server started successfully",
  "environment": "test",
  "port": "3001",
  "nodeVersion": "v24.14.1"
}
{
  "timestamp": "2026-04-21 07:09:02",
  "level": "INFO",
  "message": "POST /login",
  "statusCode": 200,
  "duration": "62ms",
  "request": {
    "method": "POST",
    "url": "/api/auth/login",
    "ip": "::ffff:127.0.0.1"
  }
}
{
  "timestamp": "2026-04-21 07:09:02",
  "level": "INFO",
  "message": "GET /live",
  "statusCode": 200,
  "duration": "0ms",
  "request": {
    "method": "GET",
    "url": "/api/health/live",
    "ip": "::ffff:127.0.0.1"
  }
}
{
  "timestamp": "2026-04-21 07:09:02",
  "level": "INFO",
  "message": "POST /login",
  "statusCode": 200,
  "duration": "56ms",
  "request": {
    "method": "POST",
    "url": "/api/auth/login",
    "ip": "::ffff:127.0.0.1"
  }
}
{
  "timestamp": "2026-04-21 07:09:02",
  "level": "INFO",
  "message": "POST /login",
  "statusCode": 200,
  "duration": "57ms",
  "request": {
    "method": "POST",
    "url": "/api/auth/login",
    "ip": "::ffff:127.0.0.1"
  }
}
{
  "timestamp": "2026-04-21 07:09:02",
  "level": "INFO",
  "message": "GET /me",
  "statusCode": 200,
  "duration": "3ms",
  "request": {
    "method": "GET",
    "url": "/api/auth/me",
    "ip": "::ffff:127.0.0.1",
    "userId": "phase2-contract-user",
    "userRole": "User"
  }
}
{
  "timestamp": "2026-04-21 07:09:02",
  "level": "INFO",
  "message": "[DEBUG] POST /api/tickets payload",
  "body": {
    "title": "Contract Test Ticket",
    "description": "Test ticket for contract",
    "urgency": "Sedang",
    "category": "General"
  },
  "user": {
    "id": "phase2-contract-user",
    "role": "User",
    "name": "Phase 2 Contract User",
    "email": "phase2.contract@test.local",
    "iat": 1776726542,
    "exp": 1776730142
  }
}
{
  "timestamp": "2026-04-21 07:09:02",
  "level": "INFO",
  "message": "[DEBUG] Ticket created",
  "id": "3841e9e2-74dd-4cb3-9ba8-58b95b4e4dc8",
  "ticket_number": "TKT-28188278"
}
{
  "timestamp": "2026-04-21 07:09:02",
  "level": "INFO",
  "message": "POST /",
  "statusCode": 201,
  "duration": "10ms",
  "request": {
    "method": "POST",
    "url": "/api/tickets",
    "ip": "::ffff:127.0.0.1",
    "userId": "phase2-contract-user",
    "userRole": "User"
  }
}
{
  "timestamp": "2026-04-21 07:09:02",
  "level": "INFO",
  "message": "GET /3841e9e2-74dd-4cb3-9ba8-58b95b4e4dc8",
  "statusCode": 200,
  "duration": "2ms",
  "request": {
    "method": "GET",
    "url": "/api/tickets/3841e9e2-74dd-4cb3-9ba8-58b95b4e4dc8",
    "ip": "::ffff:127.0.0.1",
    "userId": "phase2-contract-user",
    "userRole": "User"
  }
}
{
  "timestamp": "2026-04-21 07:09:02",
  "level": "INFO",
  "message": "POST /",
  "statusCode": 201,
  "duration": "8ms",
  "request": {
    "method": "POST",
    "url": "/api/chats",
    "ip": "::ffff:127.0.0.1",
    "userId": "phase2-contract-user",
    "userRole": "User"
  }
}
{
  "timestamp": "2026-04-21 07:09:02",
  "level": "INFO",
  "message": "GET /648fe4c0-ad45-4047-b2a7-de8f15bea9dc",
  "statusCode": 200,
  "duration": "2ms",
  "request": {
    "method": "GET",
    "url": "/api/chats/648fe4c0-ad45-4047-b2a7-de8f15bea9dc",
    "ip": "::ffff:127.0.0.1",
    "userId": "phase2-contract-user",
    "userRole": "User"
  }
}
{
  "timestamp": "2026-04-21 07:09:02",
  "level": "INFO",
  "message": "POST /",
  "statusCode": 201,
  "duration": "13ms",
  "request": {
    "method": "POST",
    "url": "/api/messages",
    "ip": "::ffff:127.0.0.1",
    "userId": "phase2-contract-user",
    "userRole": "User"
  }
}
{
  "timestamp": "2026-04-21 07:09:02",
  "level": "INFO",
  "message": "GET /",
  "statusCode": 200,
  "duration": "4ms",
  "request": {
    "method": "GET",
    "url": "/api/messages?chat_id=648fe4c0-ad45-4047-b2a7-de8f15bea9dc",
    "ip": "::ffff:127.0.0.1",
    "userId": "phase2-contract-user",
    "userRole": "User"
  }
}
{
  "timestamp": "2026-04-21 07:09:02",
  "level": "INFO",
  "message": "POST /ticket/3841e9e2-74dd-4cb3-9ba8-58b95b4e4dc8",
  "statusCode": 201,
  "duration": "12ms",
  "request": {
    "method": "POST",
    "url": "/api/uploads/ticket/3841e9e2-74dd-4cb3-9ba8-58b95b4e4dc8",
    "ip": "::ffff:127.0.0.1",
    "userId": "phase2-contract-user",
    "userRole": "User"
  }
}
{
  "timestamp": "2026-04-21 07:09:10",
  "level": "INFO",
  "message": "Environment validation completed successfully"
}
{
  "timestamp": "2026-04-21 07:09:10",
  "level": "INFO",
  "message": "Allowed CORS origins configured",
  "origins": [
    "http://localhost:3000",
    "http://localhost:5173"
  ]
}
{
  "timestamp": "2026-04-21 07:09:10",
  "level": "INFO",
  "message": "Swagger documentation available at /api/docs"
}
{
  "timestamp": "2026-04-21 07:09:10",
  "level": "INFO",
  "message": "Server started successfully",
  "environment": "development",
  "port": "3001",
  "nodeVersion": "v22.22.0"
}
{
  "timestamp": "2026-04-21 07:09:10",
  "level": "INFO",
  "message": "New database connection established",
  "threadId": 90
}
{
  "timestamp": "2026-04-21 07:09:10",
  "level": "INFO",
  "message": "Database connected successfully"
}
{
  "timestamp": "2026-04-21 07:09:10",
  "level": "WARN",
  "message": "Redis unavailable, running without cache",
  "error": ""
}
{
  "timestamp": "2026-04-21 07:09:27",
  "level": "WARN",
  "message": "Redis reconnect attempts exhausted, cache disabled"
}
{
  "timestamp": "2026-04-21 07:09:27",
  "level": "ERROR",
  "message": "Failed to connect to Redis",
  "error": ""
}
{
  "timestamp": "2026-04-21 07:09:27",
  "level": "INFO",
  "message": "Skipping cache warm-up because Redis is not connected"
}
{
  "timestamp": "2026-04-21 07:09:45",
  "level": "INFO",
  "message": "Environment validation completed successfully"
}
{
  "timestamp": "2026-04-21 07:09:45",
  "level": "INFO",
  "message": "Allowed CORS origins configured",
  "origins": [
    "http://localhost:3000",
    "http://localhost:5173"
  ]
}
{
  "timestamp": "2026-04-21 07:09:45",
  "level": "INFO",
  "message": "Swagger documentation available at /api/docs"
}
{
  "timestamp": "2026-04-21 07:09:45",
  "level": "INFO",
  "message": "Server started successfully",
  "environment": "development",
  "port": "3001",
  "nodeVersion": "v22.22.0"
}
{
  "timestamp": "2026-04-21 07:09:45",
  "level": "INFO",
  "message": "New database connection established",
  "threadId": 91
}
{
  "timestamp": "2026-04-21 07:09:45",
  "level": "INFO",
  "message": "Database connected successfully"
}
{
  "timestamp": "2026-04-21 07:09:45",
  "level": "WARN",
  "message": "Redis unavailable, running without cache",
  "error": ""
}
{
  "timestamp": "2026-04-21 07:09:51",
  "level": "INFO",
  "message": "Environment validation completed successfully"
}
{
  "timestamp": "2026-04-21 07:09:51",
  "level": "INFO",
  "message": "Allowed CORS origins configured",
  "origins": [
    "http://localhost:3000",
    "http://localhost:5173"
  ]
}
{
  "timestamp": "2026-04-21 07:09:51",
  "level": "INFO",
  "message": "Swagger documentation available at /api/docs"
}
{
  "timestamp": "2026-04-21 07:09:51",
  "level": "INFO",
  "message": "Server started successfully",
  "environment": "development",
  "port": "3001",
  "nodeVersion": "v22.22.0"
}
{
  "timestamp": "2026-04-21 07:09:51",
  "level": "INFO",
  "message": "New database connection established",
  "threadId": 92
}
{
  "timestamp": "2026-04-21 07:09:51",
  "level": "INFO",
  "message": "Database connected successfully"
}
{
  "timestamp": "2026-04-21 07:09:51",
  "level": "WARN",
  "message": "Redis unavailable, running without cache",
  "error": ""
}
{
  "timestamp": "2026-04-21 07:09:58",
  "level": "INFO",
  "message": "Environment validation completed successfully"
}
{
  "timestamp": "2026-04-21 07:09:58",
  "level": "INFO",
  "message": "Allowed CORS origins configured",
  "origins": [
    "http://localhost:3000",
    "http://localhost:5173"
  ]
}
{
  "timestamp": "2026-04-21 07:09:58",
  "level": "INFO",
  "message": "Swagger documentation available at /api/docs"
}
{
  "timestamp": "2026-04-21 07:09:58",
  "level": "INFO",
  "message": "Server initialized in test mode without binding network port"
}
{
  "timestamp": "2026-04-21 07:09:58",
  "level": "INFO",
  "message": "New database connection established",
  "threadId": 93
}
{
  "timestamp": "2026-04-21 07:09:58",
  "level": "INFO",
  "message": "Database connected successfully"
}
{
  "timestamp": "2026-04-21 07:09:58",
  "level": "INFO",
  "message": "New database connection established",
  "threadId": 94
}
{
  "timestamp": "2026-04-21 07:09:58",
  "level": "INFO",
  "message": "POST /login",
  "statusCode": 200,
  "duration": "63ms",
  "request": {
    "method": "POST",
    "url": "/api/auth/login",
    "ip": "::ffff:127.0.0.1"
  }
}
{
  "timestamp": "2026-04-21 07:09:58",
  "level": "INFO",
  "message": "GET /live",
  "statusCode": 200,
  "duration": "1ms",
  "request": {
    "method": "GET",
    "url": "/api/health/live",
    "ip": "::ffff:127.0.0.1"
  }
}
{
  "timestamp": "2026-04-21 07:09:59",
  "level": "INFO",
  "message": "POST /login",
  "statusCode": 200,
  "duration": "57ms",
  "request": {
    "method": "POST",
    "url": "/api/auth/login",
    "ip": "::ffff:127.0.0.1"
  }
}
{
  "timestamp": "2026-04-21 07:09:59",
  "level": "INFO",
  "message": "POST /login",
  "statusCode": 200,
  "duration": "56ms",
  "request": {
    "method": "POST",
    "url": "/api/auth/login",
    "ip": "::ffff:127.0.0.1"
  }
}
{
  "timestamp": "2026-04-21 07:09:59",
  "level": "INFO",
  "message": "GET /me",
  "statusCode": 200,
  "duration": "3ms",
  "request": {
    "method": "GET",
    "url": "/api/auth/me",
    "ip": "::ffff:127.0.0.1",
    "userId": "phase2-contract-user",
    "userRole": "User"
  }
}
{
  "timestamp": "2026-04-21 07:09:59",
  "level": "INFO",
  "message": "[DEBUG] POST /api/tickets payload",
  "body": {
    "title": "Contract Test Ticket",
    "description": "Test ticket for contract",
    "urgency": "Sedang",
    "category": "General"
  },
  "user": {
    "id": "phase2-contract-user",
    "role": "User",
    "name": "Phase 2 Contract User",
    "email": "phase2.contract@test.local",
    "iat": 1776726599,
    "exp": 1776730199
  }
}
{
  "timestamp": "2026-04-21 07:09:59",
  "level": "INFO",
  "message": "[DEBUG] Ticket created",
  "id": "ee2459b9-01e7-4551-a568-845bf10bbe3f",
  "ticket_number": "TKT-91273980"
}
{
  "timestamp": "2026-04-21 07:09:59",
  "level": "INFO",
  "message": "POST /",
  "statusCode": 201,
  "duration": "9ms",
  "request": {
    "method": "POST",
    "url": "/api/tickets",
    "ip": "::ffff:127.0.0.1",
    "userId": "phase2-contract-user",
    "userRole": "User"
  }
}
{
  "timestamp": "2026-04-21 07:09:59",
  "level": "INFO",
  "message": "GET /ee2459b9-01e7-4551-a568-845bf10bbe3f",
  "statusCode": 200,
  "duration": "2ms",
  "request": {
    "method": "GET",
    "url": "/api/tickets/ee2459b9-01e7-4551-a568-845bf10bbe3f",
    "ip": "::ffff:127.0.0.1",
    "userId": "phase2-contract-user",
    "userRole": "User"
  }
}
{
  "timestamp": "2026-04-21 07:09:59",
  "level": "INFO",
  "message": "POST /",
  "statusCode": 201,
  "duration": "7ms",
  "request": {
    "method": "POST",
    "url": "/api/chats",
    "ip": "::ffff:127.0.0.1",
    "userId": "phase2-contract-user",
    "userRole": "User"
  }
}
{
  "timestamp": "2026-04-21 07:09:59",
  "level": "INFO",
  "message": "GET /4a54f97f-861e-46b1-8653-6ce455f81c90",
  "statusCode": 200,
  "duration": "1ms",
  "request": {
    "method": "GET",
    "url": "/api/chats/4a54f97f-861e-46b1-8653-6ce455f81c90",
    "ip": "::ffff:127.0.0.1",
    "userId": "phase2-contract-user",
    "userRole": "User"
  }
}
{
  "timestamp": "2026-04-21 07:09:59",
  "level": "INFO",
  "message": "POST /",
  "statusCode": 201,
  "duration": "13ms",
  "request": {
    "method": "POST",
    "url": "/api/messages",
    "ip": "::ffff:127.0.0.1",
    "userId": "phase2-contract-user",
    "userRole": "User"
  }
}
{
  "timestamp": "2026-04-21 07:09:59",
  "level": "INFO",
  "message": "GET /",
  "statusCode": 200,
  "duration": "3ms",
  "request": {
    "method": "GET",
    "url": "/api/messages?chat_id=4a54f97f-861e-46b1-8653-6ce455f81c90",
    "ip": "::ffff:127.0.0.1",
    "userId": "phase2-contract-user",
    "userRole": "User"
  }
}
{
  "timestamp": "2026-04-21 07:09:59",
  "level": "INFO",
  "message": "POST /ticket/ee2459b9-01e7-4551-a568-845bf10bbe3f",
  "statusCode": 201,
  "duration": "12ms",
  "request": {
    "method": "POST",
    "url": "/api/uploads/ticket/ee2459b9-01e7-4551-a568-845bf10bbe3f",
    "ip": "::ffff:127.0.0.1",
    "userId": "phase2-contract-user",
    "userRole": "User"
  }
}
{
  "timestamp": "2026-04-21 07:09:59",
  "level": "INFO",
  "message": "GET /ticket/ee2459b9-01e7-4551-a568-845bf10bbe3f",
  "statusCode": 200,
  "duration": "1ms",
  "request": {
    "method": "GET",
    "url": "/api/uploads/ticket/ee2459b9-01e7-4551-a568-845bf10bbe3f",
    "ip": "::ffff:127.0.0.1",
    "userId": "phase2-contract-user",
    "userRole": "User"
  }
}
{
  "timestamp": "2026-04-21 07:10:08",
  "level": "WARN",
  "message": "Redis reconnect attempts exhausted, cache disabled"
}
{
  "timestamp": "2026-04-21 07:10:08",
  "level": "ERROR",
  "message": "Failed to connect to Redis",
  "error": ""
}
{
  "timestamp": "2026-04-21 07:10:08",
  "level": "INFO",
  "message": "Skipping cache warm-up because Redis is not connected"
}
{
  "timestamp": "2026-04-21 07:10:26",
  "level": "INFO",
  "message": "Environment validation completed successfully"
}
{
  "timestamp": "2026-04-21 07:10:26",
  "level": "INFO",
  "message": "Allowed CORS origins configured",
  "origins": [
    "http://localhost:3000",
    "http://localhost:5173"
  ]
}
{
  "timestamp": "2026-04-21 07:10:26",
  "level": "INFO",
  "message": "Swagger documentation available at /api/docs"
}
{
  "timestamp": "2026-04-21 07:10:26",
  "level": "INFO",
  "message": "Server started successfully",
  "environment": "development",
  "port": "3001",
  "nodeVersion": "v22.22.0"
}
{
  "timestamp": "2026-04-21 07:10:26",
  "level": "INFO",
  "message": "New database connection established",
  "threadId": 95
}
{
  "timestamp": "2026-04-21 07:10:26",
  "level": "INFO",
  "message": "Database connected successfully"
}
{
  "timestamp": "2026-04-21 07:10:26",
  "level": "WARN",
  "message": "Redis unavailable, running without cache",
  "error": ""
}
{
  "timestamp": "2026-04-21 07:10:42",
  "level": "WARN",
  "message": "Redis reconnect attempts exhausted, cache disabled"
}
{
  "timestamp": "2026-04-21 07:10:42",
  "level": "ERROR",
  "message": "Failed to connect to Redis",
  "error": ""
}
{
  "timestamp": "2026-04-21 07:10:42",
  "level": "INFO",
  "message": "Skipping cache warm-up because Redis is not connected"
}
{
  "timestamp": "2026-04-21 07:10:50",
  "level": "INFO",
  "message": "Environment validation completed successfully"
}
{
  "timestamp": "2026-04-21 07:10:50",
  "level": "INFO",
  "message": "Allowed CORS origins configured",
  "origins": [
    "http://localhost:3000",
    "http://localhost:5173"
  ]
}
{
  "timestamp": "2026-04-21 07:10:50",
  "level": "INFO",
  "message": "Swagger documentation available at /api/docs"
}
{
  "timestamp": "2026-04-21 07:10:51",
  "level": "INFO",
  "message": "Server started successfully",
  "environment": "development",
  "port": "3001",
  "nodeVersion": "v22.22.0"
}
{
  "timestamp": "2026-04-21 07:10:51",
  "level": "INFO",
  "message": "New database connection established",
  "threadId": 96
}
{
  "timestamp": "2026-04-21 07:10:51",
  "level": "INFO",
  "message": "Database connected successfully"
}
{
  "timestamp": "2026-04-21 07:10:51",
  "level": "WARN",
  "message": "Redis unavailable, running without cache",
  "error": ""
}
{
  "timestamp": "2026-04-21 07:11:02",
  "level": "INFO",
  "message": "Environment validation completed successfully"
}
{
  "timestamp": "2026-04-21 07:11:02",
  "level": "INFO",
  "message": "Allowed CORS origins configured",
  "origins": [
    "http://localhost:3000",
    "http://localhost:5173"
  ]
}
{
  "timestamp": "2026-04-21 07:11:02",
  "level": "INFO",
  "message": "Swagger documentation available at /api/docs"
}
{
  "timestamp": "2026-04-21 07:11:03",
  "level": "INFO",
  "message": "Server started successfully",
  "environment": "development",
  "port": "3001",
  "nodeVersion": "v22.22.0"
}
{
  "timestamp": "2026-04-21 07:11:03",
  "level": "INFO",
  "message": "New database connection established",
  "threadId": 97
}
{
  "timestamp": "2026-04-21 07:11:03",
  "level": "INFO",
  "message": "Database connected successfully"
}
{
  "timestamp": "2026-04-21 07:11:03",
  "level": "WARN",
  "message": "Redis unavailable, running without cache",
  "error": ""
}
{
  "timestamp": "2026-04-21 07:11:19",
  "level": "WARN",
  "message": "Redis reconnect attempts exhausted, cache disabled"
}
{
  "timestamp": "2026-04-21 07:11:19",
  "level": "ERROR",
  "message": "Failed to connect to Redis",
  "error": ""
}
{
  "timestamp": "2026-04-21 07:11:19",
  "level": "INFO",
  "message": "Skipping cache warm-up because Redis is not connected"
}
{
  "timestamp": "2026-04-21 07:11:25",
  "level": "INFO",
  "message": "Environment validation completed successfully"
}
{
  "timestamp": "2026-04-21 07:11:25",
  "level": "INFO",
  "message": "Allowed CORS origins configured",
  "origins": [
    "http://localhost:3000",
    "http://localhost:5173"
  ]
}
{
  "timestamp": "2026-04-21 07:11:25",
  "level": "INFO",
  "message": "Swagger documentation available at /api/docs"
}
{
  "timestamp": "2026-04-21 07:11:25",
  "level": "INFO",
  "message": "Server initialized in test mode without binding network port"
}
{
  "timestamp": "2026-04-21 07:11:25",
  "level": "INFO",
  "message": "New database connection established",
  "threadId": 98
}
{
  "timestamp": "2026-04-21 07:11:25",
  "level": "INFO",
  "message": "Database connected successfully"
}
{
  "timestamp": "2026-04-21 07:11:25",
  "level": "INFO",
  "message": "New database connection established",
  "threadId": 99
}
{
  "timestamp": "2026-04-21 07:11:25",
  "level": "INFO",
  "message": "POST /login",
  "statusCode": 200,
  "duration": "63ms",
  "request": {
    "method": "POST",
    "url": "/api/auth/login",
    "ip": "::ffff:127.0.0.1"
  }
}
{
  "timestamp": "2026-04-21 07:11:25",
  "level": "INFO",
  "message": "GET /live",
  "statusCode": 200,
  "duration": "1ms",
  "request": {
    "method": "GET",
    "url": "/api/health/live",
    "ip": "::ffff:127.0.0.1"
  }
}
{
  "timestamp": "2026-04-21 07:11:25",
  "level": "INFO",
  "message": "POST /login",
  "statusCode": 200,
  "duration": "57ms",
  "request": {
    "method": "POST",
    "url": "/api/auth/login",
    "ip": "::ffff:127.0.0.1"
  }
}
{
  "timestamp": "2026-04-21 07:11:25",
  "level": "INFO",
  "message": "POST /login",
  "statusCode": 200,
  "duration": "56ms",
  "request": {
    "method": "POST",
    "url": "/api/auth/login",
    "ip": "::ffff:127.0.0.1"
  }
}
{
  "timestamp": "2026-04-21 07:11:25",
  "level": "INFO",
  "message": "GET /me",
  "statusCode": 200,
  "duration": "2ms",
  "request": {
    "method": "GET",
    "url": "/api/auth/me",
    "ip": "::ffff:127.0.0.1",
    "userId": "phase2-contract-user",
    "userRole": "User"
  }
}
{
  "timestamp": "2026-04-21 07:11:25",
  "level": "INFO",
  "message": "POST /",
  "statusCode": 201,
  "duration": "7ms",
  "request": {
    "method": "POST",
    "url": "/api/tickets",
    "ip": "::ffff:127.0.0.1",
    "userId": "phase2-contract-user",
    "userRole": "User"
  }
}
{
  "timestamp": "2026-04-21 07:11:25",
  "level": "INFO",
  "message": "GET /4bb8af33-95ff-43bf-ba8e-8048a310930e",
  "statusCode": 200,
  "duration": "1ms",
  "request": {
    "method": "GET",
    "url": "/api/tickets/4bb8af33-95ff-43bf-ba8e-8048a310930e",
    "ip": "::ffff:127.0.0.1",
    "userId": "phase2-contract-user",
    "userRole": "User"
  }
}
{
  "timestamp": "2026-04-21 07:11:25",
  "level": "INFO",
  "message": "POST /",
  "statusCode": 201,
  "duration": "9ms",
  "request": {
    "method": "POST",
    "url": "/api/chats",
    "ip": "::ffff:127.0.0.1",
    "userId": "phase2-contract-user",
    "userRole": "User"
  }
}
{
  "timestamp": "2026-04-21 07:11:25",
  "level": "INFO",
  "message": "GET /7b500bed-cdd1-4228-bd7c-6a715c6fee40",
  "statusCode": 200,
  "duration": "2ms",
  "request": {
    "method": "GET",
    "url": "/api/chats/7b500bed-cdd1-4228-bd7c-6a715c6fee40",
    "ip": "::ffff:127.0.0.1",
    "userId": "phase2-contract-user",
    "userRole": "User"
  }
}
{
  "timestamp": "2026-04-21 07:11:25",
  "level": "INFO",
  "message": "POST /",
  "statusCode": 201,
  "duration": "14ms",
  "request": {
    "method": "POST",
    "url": "/api/messages",
    "ip": "::ffff:127.0.0.1",
    "userId": "phase2-contract-user",
    "userRole": "User"
  }
}
{
  "timestamp": "2026-04-21 07:11:25",
  "level": "INFO",
  "message": "GET /",
  "statusCode": 200,
  "duration": "3ms",
  "request": {
    "method": "GET",
    "url": "/api/messages?chat_id=7b500bed-cdd1-4228-bd7c-6a715c6fee40",
    "ip": "::ffff:127.0.0.1",
    "userId": "phase2-contract-user",
    "userRole": "User"
  }
}
{
  "timestamp": "2026-04-21 07:11:25",
  "level": "INFO",
  "message": "POST /ticket/4bb8af33-95ff-43bf-ba8e-8048a310930e",
  "statusCode": 201,
  "duration": "11ms",
  "request": {
    "method": "POST",
    "url": "/api/uploads/ticket/4bb8af33-95ff-43bf-ba8e-8048a310930e",
    "ip": "::ffff:127.0.0.1",
    "userId": "phase2-contract-user",
    "userRole": "User"
  }
}
{
  "timestamp": "2026-04-21 07:11:25",
  "level": "INFO",
  "message": "GET /ticket/4bb8af33-95ff-43bf-ba8e-8048a310930e",
  "statusCode": 200,
  "duration": "1ms",
  "request": {
    "method": "GET",
    "url": "/api/uploads/ticket/4bb8af33-95ff-43bf-ba8e-8048a310930e",
    "ip": "::ffff:127.0.0.1",
    "userId": "phase2-contract-user",
    "userRole": "User"
  }
}
{
  "timestamp": "2026-04-21 07:12:16",
  "level": "INFO",
  "message": "Environment validation completed successfully"
}
{
  "timestamp": "2026-04-21 07:12:16",
  "level": "INFO",
  "message": "Allowed CORS origins configured",
  "origins": [
    "http://localhost:3000",
    "http://localhost:5173"
  ]
}
{
  "timestamp": "2026-04-21 07:12:16",
  "level": "INFO",
  "message": "Swagger documentation available at /api/docs"
}
{
  "timestamp": "2026-04-21 07:12:16",
  "level": "INFO",
  "message": "Server started successfully",
  "environment": "development",
  "port": "3001",
  "nodeVersion": "v22.22.0"
}
{
  "timestamp": "2026-04-21 07:12:16",
  "level": "INFO",
  "message": "New database connection established",
  "threadId": 100
}
{
  "timestamp": "2026-04-21 07:12:16",
  "level": "INFO",
  "message": "Database connected successfully"
}
{
  "timestamp": "2026-04-21 07:12:16",
  "level": "WARN",
  "message": "Redis unavailable, running without cache",
  "error": ""
}
{
  "timestamp": "2026-04-21 07:12:33",
  "level": "WARN",
  "message": "Redis reconnect attempts exhausted, cache disabled"
}
{
  "timestamp": "2026-04-21 07:12:33",
  "level": "ERROR",
  "message": "Failed to connect to Redis",
  "error": ""
}
{
  "timestamp": "2026-04-21 07:12:33",
  "level": "INFO",
  "message": "Skipping cache warm-up because Redis is not connected"
}
{
  "timestamp": "2026-04-21 07:12:42",
  "level": "INFO",
  "message": "Environment validation completed successfully"
}
{
  "timestamp": "2026-04-21 07:12:42",
  "level": "INFO",
  "message": "Allowed CORS origins configured",
  "origins": [
    "http://localhost:3000",
    "http://localhost:5173"
  ]
}
{
  "timestamp": "2026-04-21 07:12:42",
  "level": "INFO",
  "message": "Swagger documentation available at /api/docs"
}
{
  "timestamp": "2026-04-21 07:12:42",
  "level": "INFO",
  "message": "Server started successfully",
  "environment": "development",
  "port": "3001",
  "nodeVersion": "v22.22.0"
}
{
  "timestamp": "2026-04-21 07:12:42",
  "level": "ERROR",
  "message": "Database connection failed",
  "error": ""
}
