{
  "timestamp": "2026-04-18 00:05:39",
  "level": "ERROR",
  "message": "Failed to connect to Redis",
  "error": ""
}
{
  "timestamp": "2026-04-18 00:05:56",
  "level": "ERROR",
  "message": "Failed to connect to Redis",
  "error": ""
}
{
  "timestamp": "2026-04-18 00:53:52",
  "level": "ERROR",
  "message": "Failed to connect to Redis",
  "error": ""
}
{
  "timestamp": "2026-04-18 00:58:16",
  "level": "ERROR",
  "message": "Failed to connect to Redis",
  "error": ""
}
{
  "timestamp": "2026-04-18 01:08:24",
  "level": "ERROR",
  "message": "Failed to connect to Redis",
  "error": ""
}
{
  "timestamp": "2026-04-18 01:08:50",
  "level": "ERROR",
  "message": "Failed to connect to Redis",
  "error": ""
}
{
  "timestamp": "2026-04-18 01:42:15",
  "level": "ERROR",
  "message": "Failed to connect to Redis",
  "error": ""
}
{
  "timestamp": "2026-04-18 01:44:49",
  "level": "ERROR",
  "message": "Failed to connect to Redis",
  "error": ""
}
{
  "timestamp": "2026-04-18 01:45:12",
  "level": "ERROR",
  "message": "Failed to connect to Redis",
  "error": ""
}
{
  "timestamp": "2026-04-18 01:53:06",
  "level": "ERROR",
  "message": "Failed to connect to Redis",
  "error": ""
}
{
  "timestamp": "2026-04-18 01:58:45",
  "level": "ERROR",
  "message": "Failed to connect to Redis",
  "error": ""
}
{
  "timestamp": "2026-04-18 02:02:55",
  "level": "ERROR",
  "message": "Failed to connect to Redis",
  "error": ""
}
{
  "timestamp": "2026-04-18 02:07:02",
  "level": "ERROR",
  "message": "Failed to connect to Redis",
  "error": ""
}
{
  "timestamp": "2026-04-18 02:47:25",
  "level": "ERROR",
  "message": "Failed to connect to Redis",
  "error": ""
}
{
  "timestamp": "2026-04-18 02:57:35",
  "level": "ERROR",
  "message": "Unhandled error",
  "error": "qb.orderBy is not a function",
  "stack": "TypeError: qb.orderBy is not a function\n    at C:\\laragon\\www\\projectpolda\\backend\\src\\routes\\chats.js:68:6\n    at C:\\laragon\\www\\projectpolda\\backend\\src\\middleware\\errorHandler.js:66:19\n    at Layer.handle [as handle_request] (C:\\laragon\\www\\projectpolda\\backend\\node_modules\\express\\lib\\router\\layer.js:95:5)\n    at next (C:\\laragon\\www\\projectpolda\\backend\\node_modules\\express\\lib\\router\\route.js:149:13)\n    at auth (C:\\laragon\\www\\projectpolda\\backend\\src\\middleware\\auth.js:58:5)\n    at Layer.handle [as handle_request] (C:\\laragon\\www\\projectpolda\\backend\\node_modules\\express\\lib\\router\\layer.js:95:5)\n    at next (C:\\laragon\\www\\projectpolda\\backend\\node_modules\\express\\lib\\router\\route.js:149:13)\n    at Route.dispatch (C:\\laragon\\www\\projectpolda\\backend\\node_modules\\express\\lib\\router\\route.js:119:3)\n    at Layer.handle [as handle_request] (C:\\laragon\\www\\projectpolda\\backend\\node_modules\\express\\lib\\router\\layer.js:95:5)\n    at C:\\laragon\\www\\projectpolda\\backend\\node_modules\\express\\lib\\router\\index.js:284:15",
  "request": {
    "method": "GET",
    "url": "/api/chats?page=1&perPage=50&filter=id+!%3D+%22%22&sort=-updated",
    "ip": "::1",
    "userAgent": "Mozilla/5.0 (Windows NT 10.0; Win64; x64) AppleWebKit/537.36 (KHTML, like Gecko) Chrome/145.0.0.0 Safari/537.36 OPR/129.0.0.0",
    "userId": "b7769927-9a3f-4f83-97e5-1a007169c8f7",
    "userRole": "User"
  }
}
{
  "timestamp": "2026-04-18 02:57:35",
  "level": "ERROR",
  "message": "Global error handler qb.orderBy is not a function",
  "statusCode": 500,
  "path": "/api/chats",
  "method": "GET",
  "stack": "TypeError: qb.orderBy is not a function\n    at C:\\laragon\\www\\projectpolda\\backend\\src\\routes\\chats.js:68:6\n    at C:\\laragon\\www\\projectpolda\\backend\\src\\middleware\\errorHandler.js:66:19\n    at Layer.handle [as handle_request] (C:\\laragon\\www\\projectpolda\\backend\\node_modules\\express\\lib\\router\\layer.js:95:5)\n    at next (C:\\laragon\\www\\projectpolda\\backend\\node_modules\\express\\lib\\router\\route.js:149:13)\n    at auth (C:\\laragon\\www\\projectpolda\\backend\\src\\middleware\\auth.js:58:5)\n    at Layer.handle [as handle_request] (C:\\laragon\\www\\projectpolda\\backend\\node_modules\\express\\lib\\router\\layer.js:95:5)\n    at next (C:\\laragon\\www\\projectpolda\\backend\\node_modules\\express\\lib\\router\\route.js:149:13)\n    at Route.dispatch (C:\\laragon\\www\\projectpolda\\backend\\node_modules\\express\\lib\\router\\route.js:119:3)\n    at Layer.handle [as handle_request] (C:\\laragon\\www\\projectpolda\\backend\\node_modules\\express\\lib\\router\\layer.js:95:5)\n    at C:\\laragon\\www\\projectpolda\\backend\\node_modules\\express\\lib\\router\\index.js:284:15"
}
{
  "timestamp": "2026-04-18 02:58:02",
  "level": "ERROR",
  "message": "Failed to connect to Redis",
  "error": ""
}
{
  "timestamp": "2026-04-18 03:21:24",
  "level": "ERROR",
  "message": "Unhandled error",
  "error": "qb.orderBy is not a function",
  "stack": "TypeError: qb.orderBy is not a function\n    at C:\\laragon\\www\\projectpolda\\backend\\src\\routes\\chats.js:68:6\n    at C:\\laragon\\www\\projectpolda\\backend\\src\\middleware\\errorHandler.js:66:19\n    at Layer.handle [as handle_request] (C:\\laragon\\www\\projectpolda\\backend\\node_modules\\express\\lib\\router\\layer.js:95:5)\n    at next (C:\\laragon\\www\\projectpolda\\backend\\node_modules\\express\\lib\\router\\route.js:149:13)\n    at auth (C:\\laragon\\www\\projectpolda\\backend\\src\\middleware\\auth.js:58:5)\n    at Layer.handle [as handle_request] (C:\\laragon\\www\\projectpolda\\backend\\node_modules\\express\\lib\\router\\layer.js:95:5)\n    at next (C:\\laragon\\www\\projectpolda\\backend\\node_modules\\express\\lib\\router\\route.js:149:13)\n    at Route.dispatch (C:\\laragon\\www\\projectpolda\\backend\\node_modules\\express\\lib\\router\\route.js:119:3)\n    at Layer.handle [as handle_request] (C:\\laragon\\www\\projectpolda\\backend\\node_modules\\express\\lib\\router\\layer.js:95:5)\n    at C:\\laragon\\www\\projectpolda\\backend\\node_modules\\express\\lib\\router\\index.js:284:15",
  "request": {
    "method": "GET",
    "url": "/api/chats?page=1&perPage=50&filter=id+!%3D+%22%22&sort=-updated",
    "ip": "::1",
    "userAgent": "Mozilla/5.0 (Windows NT 10.0; Win64; x64) AppleWebKit/537.36 (KHTML, like Gecko) Chrome/145.0.0.0 Safari/537.36 OPR/129.0.0.0",
    "userId": "b7769927-9a3f-4f83-97e5-1a007169c8f7",
    "userRole": "Admin"
  }
}
{
  "timestamp": "2026-04-18 03:21:24",
  "level": "ERROR",
  "message": "Global error handler qb.orderBy is not a function",
  "statusCode": 500,
  "path": "/api/chats",
  "method": "GET",
  "stack": "TypeError: qb.orderBy is not a function\n    at C:\\laragon\\www\\projectpolda\\backend\\src\\routes\\chats.js:68:6\n    at C:\\laragon\\www\\projectpolda\\backend\\src\\middleware\\errorHandler.js:66:19\n    at Layer.handle [as handle_request] (C:\\laragon\\www\\projectpolda\\backend\\node_modules\\express\\lib\\router\\layer.js:95:5)\n    at next (C:\\laragon\\www\\projectpolda\\backend\\node_modules\\express\\lib\\router\\route.js:149:13)\n    at auth (C:\\laragon\\www\\projectpolda\\backend\\src\\middleware\\auth.js:58:5)\n    at Layer.handle [as handle_request] (C:\\laragon\\www\\projectpolda\\backend\\node_modules\\express\\lib\\router\\layer.js:95:5)\n    at next (C:\\laragon\\www\\projectpolda\\backend\\node_modules\\express\\lib\\router\\route.js:149:13)\n    at Route.dispatch (C:\\laragon\\www\\projectpolda\\backend\\node_modules\\express\\lib\\router\\route.js:119:3)\n    at Layer.handle [as handle_request] (C:\\laragon\\www\\projectpolda\\backend\\node_modules\\express\\lib\\router\\layer.js:95:5)\n    at C:\\laragon\\www\\projectpolda\\backend\\node_modules\\express\\lib\\router\\index.js:284:15"
}
{
  "timestamp": "2026-04-18 03:21:25",
  "level": "ERROR",
  "message": "Unhandled error",
  "error": "qb.orderBy is not a function",
  "stack": "TypeError: qb.orderBy is not a function\n    at C:\\laragon\\www\\projectpolda\\backend\\src\\routes\\settings.js:127:6\n    at C:\\laragon\\www\\projectpolda\\backend\\src\\middleware\\errorHandler.js:66:19\n    at Layer.handle [as handle_request] (C:\\laragon\\www\\projectpolda\\backend\\node_modules\\express\\lib\\router\\layer.js:95:5)\n    at next (C:\\laragon\\www\\projectpolda\\backend\\node_modules\\express\\lib\\router\\route.js:149:13)\n    at C:\\laragon\\www\\projectpolda\\backend\\src\\middleware\\role.js:6:5\n    at Layer.handle [as handle_request] (C:\\laragon\\www\\projectpolda\\backend\\node_modules\\express\\lib\\router\\layer.js:95:5)\n    at next (C:\\laragon\\www\\projectpolda\\backend\\node_modules\\express\\lib\\router\\route.js:149:13)\n    at auth (C:\\laragon\\www\\projectpolda\\backend\\src\\middleware\\auth.js:58:5)\n    at Layer.handle [as handle_request] (C:\\laragon\\www\\projectpolda\\backend\\node_modules\\express\\lib\\router\\layer.js:95:5)\n    at next (C:\\laragon\\www\\projectpolda\\backend\\node_modules\\express\\lib\\router\\route.js:149:13)",
  "request": {
    "method": "GET",
    "url": "/api/settings/activity-logs?page=1&perPage=50&filter=id+!%3D+%22%22&sort=-created",
    "ip": "::1",
    "userAgent": "Mozilla/5.0 (Windows NT 10.0; Win64; x64) AppleWebKit/537.36 (KHTML, like Gecko) Chrome/145.0.0.0 Safari/537.36 OPR/129.0.0.0",
    "userId": "b7769927-9a3f-4f83-97e5-1a007169c8f7",
    "userRole": "Admin"
  }
}
{
  "timestamp": "2026-04-18 03:21:25",
  "level": "ERROR",
  "message": "Global error handler qb.orderBy is not a function",
  "statusCode": 500,
  "path": "/api/settings/activity-logs",
  "method": "GET",
  "stack": "TypeError: qb.orderBy is not a function\n    at C:\\laragon\\www\\projectpolda\\backend\\src\\routes\\settings.js:127:6\n    at C:\\laragon\\www\\projectpolda\\backend\\src\\middleware\\errorHandler.js:66:19\n    at Layer.handle [as handle_request] (C:\\laragon\\www\\projectpolda\\backend\\node_modules\\express\\lib\\router\\layer.js:95:5)\n    at next (C:\\laragon\\www\\projectpolda\\backend\\node_modules\\express\\lib\\router\\route.js:149:13)\n    at C:\\laragon\\www\\projectpolda\\backend\\src\\middleware\\role.js:6:5\n    at Layer.handle [as handle_request] (C:\\laragon\\www\\projectpolda\\backend\\node_modules\\express\\lib\\router\\layer.js:95:5)\n    at next (C:\\laragon\\www\\projectpolda\\backend\\node_modules\\express\\lib\\router\\route.js:149:13)\n    at auth (C:\\laragon\\www\\projectpolda\\backend\\src\\middleware\\auth.js:58:5)\n    at Layer.handle [as handle_request] (C:\\laragon\\www\\projectpolda\\backend\\node_modules\\express\\lib\\router\\layer.js:95:5)\n    at next (C:\\laragon\\www\\projectpolda\\backend\\node_modules\\express\\lib\\router\\route.js:149:13)"
}
{
  "timestamp": "2026-04-18 03:22:00",
  "level": "ERROR",
  "message": "Unhandled error",
  "error": "qb.orderBy is not a function",
  "stack": "TypeError: qb.orderBy is not a function\n    at C:\\laragon\\www\\projectpolda\\backend\\src\\routes\\chats.js:68:6\n    at C:\\laragon\\www\\projectpolda\\backend\\src\\middleware\\errorHandler.js:66:19\n    at Layer.handle [as handle_request] (C:\\laragon\\www\\projectpolda\\backend\\node_modules\\express\\lib\\router\\layer.js:95:5)\n    at next (C:\\laragon\\www\\projectpolda\\backend\\node_modules\\express\\lib\\router\\route.js:149:13)\n    at auth (C:\\laragon\\www\\projectpolda\\backend\\src\\middleware\\auth.js:58:5)\n    at Layer.handle [as handle_request] (C:\\laragon\\www\\projectpolda\\backend\\node_modules\\express\\lib\\router\\layer.js:95:5)\n    at next (C:\\laragon\\www\\projectpolda\\backend\\node_modules\\express\\lib\\router\\route.js:149:13)\n    at Route.dispatch (C:\\laragon\\www\\projectpolda\\backend\\node_modules\\express\\lib\\router\\route.js:119:3)\n    at Layer.handle [as handle_request] (C:\\laragon\\www\\projectpolda\\backend\\node_modules\\express\\lib\\router\\layer.js:95:5)\n    at C:\\laragon\\www\\projectpolda\\backend\\node_modules\\express\\lib\\router\\index.js:284:15",
  "request": {
    "method": "GET",
    "url": "/api/chats?page=1&perPage=50&filter=id+!%3D+%22%22&sort=-updated",
    "ip": "::1",
    "userAgent": "Mozilla/5.0 (Windows NT 10.0; Win64; x64) AppleWebKit/537.36 (KHTML, like Gecko) Chrome/145.0.0.0 Safari/537.36 OPR/129.0.0.0",
    "userId": "b7769927-9a3f-4f83-97e5-1a007169c8f7",
    "userRole": "Admin"
  }
}
{
  "timestamp": "2026-04-18 03:22:00",
  "level": "ERROR",
  "message": "Global error handler qb.orderBy is not a function",
  "statusCode": 500,
  "path": "/api/chats",
  "method": "GET",
  "stack": "TypeError: qb.orderBy is not a function\n    at C:\\laragon\\www\\projectpolda\\backend\\src\\routes\\chats.js:68:6\n    at C:\\laragon\\www\\projectpolda\\backend\\src\\middleware\\errorHandler.js:66:19\n    at Layer.handle [as handle_request] (C:\\laragon\\www\\projectpolda\\backend\\node_modules\\express\\lib\\router\\layer.js:95:5)\n    at next (C:\\laragon\\www\\projectpolda\\backend\\node_modules\\express\\lib\\router\\route.js:149:13)\n    at auth (C:\\laragon\\www\\projectpolda\\backend\\src\\middleware\\auth.js:58:5)\n    at Layer.handle [as handle_request] (C:\\laragon\\www\\projectpolda\\backend\\node_modules\\express\\lib\\router\\layer.js:95:5)\n    at next (C:\\laragon\\www\\projectpolda\\backend\\node_modules\\express\\lib\\router\\route.js:149:13)\n    at Route.dispatch (C:\\laragon\\www\\projectpolda\\backend\\node_modules\\express\\lib\\router\\route.js:119:3)\n    at Layer.handle [as handle_request] (C:\\laragon\\www\\projectpolda\\backend\\node_modules\\express\\lib\\router\\layer.js:95:5)\n    at C:\\laragon\\www\\projectpolda\\backend\\node_modules\\express\\lib\\router\\index.js:284:15"
}
{
  "timestamp": "2026-04-18 03:25:06",
  "level": "ERROR",
  "message": "Unhandled error",
  "error": "qb.orderBy is not a function",
  "stack": "TypeError: qb.orderBy is not a function\n    at C:\\laragon\\www\\projectpolda\\backend\\src\\routes\\chats.js:68:6\n    at C:\\laragon\\www\\projectpolda\\backend\\src\\middleware\\errorHandler.js:66:19\n    at Layer.handle [as handle_request] (C:\\laragon\\www\\projectpolda\\backend\\node_modules\\express\\lib\\router\\layer.js:95:5)\n    at next (C:\\laragon\\www\\projectpolda\\backend\\node_modules\\express\\lib\\router\\route.js:149:13)\n    at auth (C:\\laragon\\www\\projectpolda\\backend\\src\\middleware\\auth.js:58:5)\n    at Layer.handle [as handle_request] (C:\\laragon\\www\\projectpolda\\backend\\node_modules\\express\\lib\\router\\layer.js:95:5)\n    at next (C:\\laragon\\www\\projectpolda\\backend\\node_modules\\express\\lib\\router\\route.js:149:13)\n    at Route.dispatch (C:\\laragon\\www\\projectpolda\\backend\\node_modules\\express\\lib\\router\\route.js:119:3)\n    at Layer.handle [as handle_request] (C:\\laragon\\www\\projectpolda\\backend\\node_modules\\express\\lib\\router\\layer.js:95:5)\n    at C:\\laragon\\www\\projectpolda\\backend\\node_modules\\express\\lib\\router\\index.js:284:15",
  "request": {
    "method": "GET",
    "url": "/api/chats?page=1&perPage=50&filter=user_id+%3D+%2228994031-7caa-457f-8745-54fcd81533f6%22&sort=-updated",
    "ip": "::1",
    "userAgent": "Mozilla/5.0 (Windows NT 10.0; Win64; x64) AppleWebKit/537.36 (KHTML, like Gecko) Chrome/145.0.0.0 Safari/537.36 OPR/129.0.0.0",
    "userId": "28994031-7caa-457f-8745-54fcd81533f6",
    "userRole": "User"
  }
}
{
  "timestamp": "2026-04-18 03:25:06",
  "level": "ERROR",
  "message": "Global error handler qb.orderBy is not a function",
  "statusCode": 500,
  "path": "/api/chats",
  "method": "GET",
  "stack": "TypeError: qb.orderBy is not a function\n    at C:\\laragon\\www\\projectpolda\\backend\\src\\routes\\chats.js:68:6\n    at C:\\laragon\\www\\projectpolda\\backend\\src\\middleware\\errorHandler.js:66:19\n    at Layer.handle [as handle_request] (C:\\laragon\\www\\projectpolda\\backend\\node_modules\\express\\lib\\router\\layer.js:95:5)\n    at next (C:\\laragon\\www\\projectpolda\\backend\\node_modules\\express\\lib\\router\\route.js:149:13)\n    at auth (C:\\laragon\\www\\projectpolda\\backend\\src\\middleware\\auth.js:58:5)\n    at Layer.handle [as handle_request] (C:\\laragon\\www\\projectpolda\\backend\\node_modules\\express\\lib\\router\\layer.js:95:5)\n    at next (C:\\laragon\\www\\projectpolda\\backend\\node_modules\\express\\lib\\router\\route.js:149:13)\n    at Route.dispatch (C:\\laragon\\www\\projectpolda\\backend\\node_modules\\express\\lib\\router\\route.js:119:3)\n    at Layer.handle [as handle_request] (C:\\laragon\\www\\projectpolda\\backend\\node_modules\\express\\lib\\router\\layer.js:95:5)\n    at C:\\laragon\\www\\projectpolda\\backend\\node_modules\\express\\lib\\router\\index.js:284:15"
}
{
  "timestamp": "2026-04-18 03:26:54",
  "level": "ERROR",
  "message": "Unhandled error",
  "error": "qb.orderBy is not a function",
  "stack": "TypeError: qb.orderBy is not a function\n    at C:\\laragon\\www\\projectpolda\\backend\\src\\routes\\chats.js:68:6\n    at C:\\laragon\\www\\projectpolda\\backend\\src\\middleware\\errorHandler.js:66:19\n    at Layer.handle [as handle_request] (C:\\laragon\\www\\projectpolda\\backend\\node_modules\\express\\lib\\router\\layer.js:95:5)\n    at next (C:\\laragon\\www\\projectpolda\\backend\\node_modules\\express\\lib\\router\\route.js:149:13)\n    at auth (C:\\laragon\\www\\projectpolda\\backend\\src\\middleware\\auth.js:58:5)\n    at Layer.handle [as handle_request] (C:\\laragon\\www\\projectpolda\\backend\\node_modules\\express\\lib\\router\\layer.js:95:5)\n    at next (C:\\laragon\\www\\projectpolda\\backend\\node_modules\\express\\lib\\router\\route.js:149:13)\n    at Route.dispatch (C:\\laragon\\www\\projectpolda\\backend\\node_modules\\express\\lib\\router\\route.js:119:3)\n    at Layer.handle [as handle_request] (C:\\laragon\\www\\projectpolda\\backend\\node_modules\\express\\lib\\router\\layer.js:95:5)\n    at C:\\laragon\\www\\projectpolda\\backend\\node_modules\\express\\lib\\router\\index.js:284:15",
  "request": {
    "method": "GET",
    "url": "/api/chats?page=1&perPage=50&filter=id+!%3D+%22%22&sort=-updated",
    "ip": "::1",
    "userAgent": "Mozilla/5.0 (Windows NT 10.0; Win64; x64) AppleWebKit/537.36 (KHTML, like Gecko) Chrome/145.0.0.0 Safari/537.36 OPR/129.0.0.0",
    "userId": "b7769927-9a3f-4f83-97e5-1a007169c8f7",
    "userRole": "Admin"
  }
}
{
  "timestamp": "2026-04-18 03:26:54",
  "level": "ERROR",
  "message": "Global error handler qb.orderBy is not a function",
  "statusCode": 500,
  "path": "/api/chats",
  "method": "GET",
  "stack": "TypeError: qb.orderBy is not a function\n    at C:\\laragon\\www\\projectpolda\\backend\\src\\routes\\chats.js:68:6\n    at C:\\laragon\\www\\projectpolda\\backend\\src\\middleware\\errorHandler.js:66:19\n    at Layer.handle [as handle_request] (C:\\laragon\\www\\projectpolda\\backend\\node_modules\\express\\lib\\router\\layer.js:95:5)\n    at next (C:\\laragon\\www\\projectpolda\\backend\\node_modules\\express\\lib\\router\\route.js:149:13)\n    at auth (C:\\laragon\\www\\projectpolda\\backend\\src\\middleware\\auth.js:58:5)\n    at Layer.handle [as handle_request] (C:\\laragon\\www\\projectpolda\\backend\\node_modules\\express\\lib\\router\\layer.js:95:5)\n    at next (C:\\laragon\\www\\projectpolda\\backend\\node_modules\\express\\lib\\router\\route.js:149:13)\n    at Route.dispatch (C:\\laragon\\www\\projectpolda\\backend\\node_modules\\express\\lib\\router\\route.js:119:3)\n    at Layer.handle [as handle_request] (C:\\laragon\\www\\projectpolda\\backend\\node_modules\\express\\lib\\router\\layer.js:95:5)\n    at C:\\laragon\\www\\projectpolda\\backend\\node_modules\\express\\lib\\router\\index.js:284:15"
}
{
  "timestamp": "2026-04-18 03:26:55",
  "level": "ERROR",
  "message": "Unhandled error",
  "error": "qb.orderBy is not a function",
  "stack": "TypeError: qb.orderBy is not a function\n    at C:\\laragon\\www\\projectpolda\\backend\\src\\routes\\settings.js:127:6\n    at C:\\laragon\\www\\projectpolda\\backend\\src\\middleware\\errorHandler.js:66:19\n    at Layer.handle [as handle_request] (C:\\laragon\\www\\projectpolda\\backend\\node_modules\\express\\lib\\router\\layer.js:95:5)\n    at next (C:\\laragon\\www\\projectpolda\\backend\\node_modules\\express\\lib\\router\\route.js:149:13)\n    at C:\\laragon\\www\\projectpolda\\backend\\src\\middleware\\role.js:6:5\n    at Layer.handle [as handle_request] (C:\\laragon\\www\\projectpolda\\backend\\node_modules\\express\\lib\\router\\layer.js:95:5)\n    at next (C:\\laragon\\www\\projectpolda\\backend\\node_modules\\express\\lib\\router\\route.js:149:13)\n    at auth (C:\\laragon\\www\\projectpolda\\backend\\src\\middleware\\auth.js:58:5)\n    at Layer.handle [as handle_request] (C:\\laragon\\www\\projectpolda\\backend\\node_modules\\express\\lib\\router\\layer.js:95:5)\n    at next (C:\\laragon\\www\\projectpolda\\backend\\node_modules\\express\\lib\\router\\route.js:149:13)",
  "request": {
    "method": "GET",
    "url": "/api/settings/activity-logs?page=1&perPage=50&filter=id+!%3D+%22%22&sort=-created",
    "ip": "::1",
    "userAgent": "Mozilla/5.0 (Windows NT 10.0; Win64; x64) AppleWebKit/537.36 (KHTML, like Gecko) Chrome/145.0.0.0 Safari/537.36 OPR/129.0.0.0",
    "userId": "b7769927-9a3f-4f83-97e5-1a007169c8f7",
    "userRole": "Admin"
  }
}
{
  "timestamp": "2026-04-18 03:26:55",
  "level": "ERROR",
  "message": "Global error handler qb.orderBy is not a function",
  "statusCode": 500,
  "path": "/api/settings/activity-logs",
  "method": "GET",
  "stack": "TypeError: qb.orderBy is not a function\n    at C:\\laragon\\www\\projectpolda\\backend\\src\\routes\\settings.js:127:6\n    at C:\\laragon\\www\\projectpolda\\backend\\src\\middleware\\errorHandler.js:66:19\n    at Layer.handle [as handle_request] (C:\\laragon\\www\\projectpolda\\backend\\node_modules\\express\\lib\\router\\layer.js:95:5)\n    at next (C:\\laragon\\www\\projectpolda\\backend\\node_modules\\express\\lib\\router\\route.js:149:13)\n    at C:\\laragon\\www\\projectpolda\\backend\\src\\middleware\\role.js:6:5\n    at Layer.handle [as handle_request] (C:\\laragon\\www\\projectpolda\\backend\\node_modules\\express\\lib\\router\\layer.js:95:5)\n    at next (C:\\laragon\\www\\projectpolda\\backend\\node_modules\\express\\lib\\router\\route.js:149:13)\n    at auth (C:\\laragon\\www\\projectpolda\\backend\\src\\middleware\\auth.js:58:5)\n    at Layer.handle [as handle_request] (C:\\laragon\\www\\projectpolda\\backend\\node_modules\\express\\lib\\router\\layer.js:95:5)\n    at next (C:\\laragon\\www\\projectpolda\\backend\\node_modules\\express\\lib\\router\\route.js:149:13)"
}
{
  "timestamp": "2026-04-18 04:08:25",
  "level": "ERROR",
  "message": "Unhandled error",
  "error": "qb.orderBy is not a function",
  "stack": "TypeError: qb.orderBy is not a function\n    at C:\\laragon\\www\\projectpolda\\backend\\src\\routes\\settings.js:127:6\n    at C:\\laragon\\www\\projectpolda\\backend\\src\\middleware\\errorHandler.js:66:19\n    at Layer.handle [as handle_request] (C:\\laragon\\www\\projectpolda\\backend\\node_modules\\express\\lib\\router\\layer.js:95:5)\n    at next (C:\\laragon\\www\\projectpolda\\backend\\node_modules\\express\\lib\\router\\route.js:149:13)\n    at C:\\laragon\\www\\projectpolda\\backend\\src\\middleware\\role.js:6:5\n    at Layer.handle [as handle_request] (C:\\laragon\\www\\projectpolda\\backend\\node_modules\\express\\lib\\router\\layer.js:95:5)\n    at next (C:\\laragon\\www\\projectpolda\\backend\\node_modules\\express\\lib\\router\\route.js:149:13)\n    at auth (C:\\laragon\\www\\projectpolda\\backend\\src\\middleware\\auth.js:58:5)\n    at Layer.handle [as handle_request] (C:\\laragon\\www\\projectpolda\\backend\\node_modules\\express\\lib\\router\\layer.js:95:5)\n    at next (C:\\laragon\\www\\projectpolda\\backend\\node_modules\\express\\lib\\router\\route.js:149:13)",
  "request": {
    "method": "GET",
    "url": "/api/settings/activity-logs?page=1&perPage=50",
    "ip": "::1",
    "userAgent": "Mozilla/5.0 (Windows NT 10.0; Win64; x64) AppleWebKit/537.36 (KHTML, like Gecko) Chrome/145.0.0.0 Safari/537.36 OPR/129.0.0.0",
    "userId": "b7769927-9a3f-4f83-97e5-1a007169c8f7",
    "userRole": "Admin"
  }
}
{
  "timestamp": "2026-04-18 04:08:25",
  "level": "ERROR",
  "message": "Global error handler qb.orderBy is not a function",
  "statusCode": 500,
  "path": "/api/settings/activity-logs",
  "method": "GET",
  "stack": "TypeError: qb.orderBy is not a function\n    at C:\\laragon\\www\\projectpolda\\backend\\src\\routes\\settings.js:127:6\n    at C:\\laragon\\www\\projectpolda\\backend\\src\\middleware\\errorHandler.js:66:19\n    at Layer.handle [as handle_request] (C:\\laragon\\www\\projectpolda\\backend\\node_modules\\express\\lib\\router\\layer.js:95:5)\n    at next (C:\\laragon\\www\\projectpolda\\backend\\node_modules\\express\\lib\\router\\route.js:149:13)\n    at C:\\laragon\\www\\projectpolda\\backend\\src\\middleware\\role.js:6:5\n    at Layer.handle [as handle_request] (C:\\laragon\\www\\projectpolda\\backend\\node_modules\\express\\lib\\router\\layer.js:95:5)\n    at next (C:\\laragon\\www\\projectpolda\\backend\\node_modules\\express\\lib\\router\\route.js:149:13)\n    at auth (C:\\laragon\\www\\projectpolda\\backend\\src\\middleware\\auth.js:58:5)\n    at Layer.handle [as handle_request] (C:\\laragon\\www\\projectpolda\\backend\\node_modules\\express\\lib\\router\\layer.js:95:5)\n    at next (C:\\laragon\\www\\projectpolda\\backend\\node_modules\\express\\lib\\router\\route.js:149:13)"
}
{
  "timestamp": "2026-04-18 04:08:28",
  "level": "ERROR",
  "message": "Unhandled error",
  "error": "qb.orderBy is not a function",
  "stack": "TypeError: qb.orderBy is not a function\n    at C:\\laragon\\www\\projectpolda\\backend\\src\\routes\\chats.js:68:6\n    at C:\\laragon\\www\\projectpolda\\backend\\src\\middleware\\errorHandler.js:66:19\n    at Layer.handle [as handle_request] (C:\\laragon\\www\\projectpolda\\backend\\node_modules\\express\\lib\\router\\layer.js:95:5)\n    at next (C:\\laragon\\www\\projectpolda\\backend\\node_modules\\express\\lib\\router\\route.js:149:13)\n    at auth (C:\\laragon\\www\\projectpolda\\backend\\src\\middleware\\auth.js:58:5)\n    at Layer.handle [as handle_request] (C:\\laragon\\www\\projectpolda\\backend\\node_modules\\express\\lib\\router\\layer.js:95:5)\n    at next (C:\\laragon\\www\\projectpolda\\backend\\node_modules\\express\\lib\\router\\route.js:149:13)\n    at Route.dispatch (C:\\laragon\\www\\projectpolda\\backend\\node_modules\\express\\lib\\router\\route.js:119:3)\n    at Layer.handle [as handle_request] (C:\\laragon\\www\\projectpolda\\backend\\node_modules\\express\\lib\\router\\layer.js:95:5)\n    at C:\\laragon\\www\\projectpolda\\backend\\node_modules\\express\\lib\\router\\index.js:284:15",
  "request": {
    "method": "GET",
    "url": "/api/chats?page=1&perPage=50",
    "ip": "::1",
    "userAgent": "Mozilla/5.0 (Windows NT 10.0; Win64; x64) AppleWebKit/537.36 (KHTML, like Gecko) Chrome/145.0.0.0 Safari/537.36 OPR/129.0.0.0",
    "userId": "b7769927-9a3f-4f83-97e5-1a007169c8f7",
    "userRole": "Admin"
  }
}
{
  "timestamp": "2026-04-18 04:08:28",
  "level": "ERROR",
  "message": "Global error handler qb.orderBy is not a function",
  "statusCode": 500,
  "path": "/api/chats",
  "method": "GET",
  "stack": "TypeError: qb.orderBy is not a function\n    at C:\\laragon\\www\\projectpolda\\backend\\src\\routes\\chats.js:68:6\n    at C:\\laragon\\www\\projectpolda\\backend\\src\\middleware\\errorHandler.js:66:19\n    at Layer.handle [as handle_request] (C:\\laragon\\www\\projectpolda\\backend\\node_modules\\express\\lib\\router\\layer.js:95:5)\n    at next (C:\\laragon\\www\\projectpolda\\backend\\node_modules\\express\\lib\\router\\route.js:149:13)\n    at auth (C:\\laragon\\www\\projectpolda\\backend\\src\\middleware\\auth.js:58:5)\n    at Layer.handle [as handle_request] (C:\\laragon\\www\\projectpolda\\backend\\node_modules\\express\\lib\\router\\layer.js:95:5)\n    at next (C:\\laragon\\www\\projectpolda\\backend\\node_modules\\express\\lib\\router\\route.js:149:13)\n    at Route.dispatch (C:\\laragon\\www\\projectpolda\\backend\\node_modules\\express\\lib\\router\\route.js:119:3)\n    at Layer.handle [as handle_request] (C:\\laragon\\www\\projectpolda\\backend\\node_modules\\express\\lib\\router\\layer.js:95:5)\n    at C:\\laragon\\www\\projectpolda\\backend\\node_modules\\express\\lib\\router\\index.js:284:15"
}
{
  "timestamp": "2026-04-18 04:09:40",
  "level": "ERROR",
  "message": "Unhandled error",
  "error": "qb.orderBy is not a function",
  "stack": "TypeError: qb.orderBy is not a function\n    at C:\\laragon\\www\\projectpolda\\backend\\src\\routes\\chats.js:68:6\n    at C:\\laragon\\www\\projectpolda\\backend\\src\\middleware\\errorHandler.js:66:19\n    at Layer.handle [as handle_request] (C:\\laragon\\www\\projectpolda\\backend\\node_modules\\express\\lib\\router\\layer.js:95:5)\n    at next (C:\\laragon\\www\\projectpolda\\backend\\node_modules\\express\\lib\\router\\route.js:149:13)\n    at auth (C:\\laragon\\www\\projectpolda\\backend\\src\\middleware\\auth.js:58:5)\n    at Layer.handle [as handle_request] (C:\\laragon\\www\\projectpolda\\backend\\node_modules\\express\\lib\\router\\layer.js:95:5)\n    at next (C:\\laragon\\www\\projectpolda\\backend\\node_modules\\express\\lib\\router\\route.js:149:13)\n    at Route.dispatch (C:\\laragon\\www\\projectpolda\\backend\\node_modules\\express\\lib\\router\\route.js:119:3)\n    at Layer.handle [as handle_request] (C:\\laragon\\www\\projectpolda\\backend\\node_modules\\express\\lib\\router\\layer.js:95:5)\n    at C:\\laragon\\www\\projectpolda\\backend\\node_modules\\express\\lib\\router\\index.js:284:15",
  "request": {
    "method": "GET",
    "url": "/api/chats?page=1&perPage=50",
    "ip": "::1",
    "userAgent": "Mozilla/5.0 (Windows NT 10.0; Win64; x64) AppleWebKit/537.36 (KHTML, like Gecko) Chrome/145.0.0.0 Safari/537.36 OPR/129.0.0.0",
    "userId": "b7769927-9a3f-4f83-97e5-1a007169c8f7",
    "userRole": "Admin"
  }
}
{
  "timestamp": "2026-04-18 04:09:40",
  "level": "ERROR",
  "message": "Global error handler qb.orderBy is not a function",
  "statusCode": 500,
  "path": "/api/chats",
  "method": "GET",
  "stack": "TypeError: qb.orderBy is not a function\n    at C:\\laragon\\www\\projectpolda\\backend\\src\\routes\\chats.js:68:6\n    at C:\\laragon\\www\\projectpolda\\backend\\src\\middleware\\errorHandler.js:66:19\n    at Layer.handle [as handle_request] (C:\\laragon\\www\\projectpolda\\backend\\node_modules\\express\\lib\\router\\layer.js:95:5)\n    at next (C:\\laragon\\www\\projectpolda\\backend\\node_modules\\express\\lib\\router\\route.js:149:13)\n    at auth (C:\\laragon\\www\\projectpolda\\backend\\src\\middleware\\auth.js:58:5)\n    at Layer.handle [as handle_request] (C:\\laragon\\www\\projectpolda\\backend\\node_modules\\express\\lib\\router\\layer.js:95:5)\n    at next (C:\\laragon\\www\\projectpolda\\backend\\node_modules\\express\\lib\\router\\route.js:149:13)\n    at Route.dispatch (C:\\laragon\\www\\projectpolda\\backend\\node_modules\\express\\lib\\router\\route.js:119:3)\n    at Layer.handle [as handle_request] (C:\\laragon\\www\\projectpolda\\backend\\node_modules\\express\\lib\\router\\layer.js:95:5)\n    at C:\\laragon\\www\\projectpolda\\backend\\node_modules\\express\\lib\\router\\index.js:284:15"
}
{
  "timestamp": "2026-04-18 04:10:17",
  "level": "ERROR",
  "message": "Unhandled error",
  "error": "qb.orderBy is not a function",
  "stack": "TypeError: qb.orderBy is not a function\n    at C:\\laragon\\www\\projectpolda\\backend\\src\\routes\\chats.js:68:6\n    at C:\\laragon\\www\\projectpolda\\backend\\src\\middleware\\errorHandler.js:66:19\n    at Layer.handle [as handle_request] (C:\\laragon\\www\\projectpolda\\backend\\node_modules\\express\\lib\\router\\layer.js:95:5)\n    at next (C:\\laragon\\www\\projectpolda\\backend\\node_modules\\express\\lib\\router\\route.js:149:13)\n    at auth (C:\\laragon\\www\\projectpolda\\backend\\src\\middleware\\auth.js:58:5)\n    at Layer.handle [as handle_request] (C:\\laragon\\www\\projectpolda\\backend\\node_modules\\express\\lib\\router\\layer.js:95:5)\n    at next (C:\\laragon\\www\\projectpolda\\backend\\node_modules\\express\\lib\\router\\route.js:149:13)\n    at Route.dispatch (C:\\laragon\\www\\projectpolda\\backend\\node_modules\\express\\lib\\router\\route.js:119:3)\n    at Layer.handle [as handle_request] (C:\\laragon\\www\\projectpolda\\backend\\node_modules\\express\\lib\\router\\layer.js:95:5)\n    at C:\\laragon\\www\\projectpolda\\backend\\node_modules\\express\\lib\\router\\index.js:284:15",
  "request": {
    "method": "GET",
    "url": "/api/chats?page=1&perPage=50",
    "ip": "::1",
    "userAgent": "Mozilla/5.0 (Windows NT 10.0; Win64; x64) AppleWebKit/537.36 (KHTML, like Gecko) Chrome/145.0.0.0 Safari/537.36 OPR/129.0.0.0",
    "userId": "b7769927-9a3f-4f83-97e5-1a007169c8f7",
    "userRole": "Admin"
  }
}
{
  "timestamp": "2026-04-18 04:10:17",
  "level": "ERROR",
  "message": "Global error handler qb.orderBy is not a function",
  "statusCode": 500,
  "path": "/api/chats",
  "method": "GET",
  "stack": "TypeError: qb.orderBy is not a function\n    at C:\\laragon\\www\\projectpolda\\backend\\src\\routes\\chats.js:68:6\n    at C:\\laragon\\www\\projectpolda\\backend\\src\\middleware\\errorHandler.js:66:19\n    at Layer.handle [as handle_request] (C:\\laragon\\www\\projectpolda\\backend\\node_modules\\express\\lib\\router\\layer.js:95:5)\n    at next (C:\\laragon\\www\\projectpolda\\backend\\node_modules\\express\\lib\\router\\route.js:149:13)\n    at auth (C:\\laragon\\www\\projectpolda\\backend\\src\\middleware\\auth.js:58:5)\n    at Layer.handle [as handle_request] (C:\\laragon\\www\\projectpolda\\backend\\node_modules\\express\\lib\\router\\layer.js:95:5)\n    at next (C:\\laragon\\www\\projectpolda\\backend\\node_modules\\express\\lib\\router\\route.js:149:13)\n    at Route.dispatch (C:\\laragon\\www\\projectpolda\\backend\\node_modules\\express\\lib\\router\\route.js:119:3)\n    at Layer.handle [as handle_request] (C:\\laragon\\www\\projectpolda\\backend\\node_modules\\express\\lib\\router\\layer.js:95:5)\n    at C:\\laragon\\www\\projectpolda\\backend\\node_modules\\express\\lib\\router\\index.js:284:15"
}
{
  "timestamp": "2026-04-18 04:10:29",
  "level": "ERROR",
  "message": "Unhandled error",
  "error": "qb.orderBy is not a function",
  "stack": "TypeError: qb.orderBy is not a function\n    at C:\\laragon\\www\\projectpolda\\backend\\src\\routes\\settings.js:127:6\n    at C:\\laragon\\www\\projectpolda\\backend\\src\\middleware\\errorHandler.js:66:19\n    at Layer.handle [as handle_request] (C:\\laragon\\www\\projectpolda\\backend\\node_modules\\express\\lib\\router\\layer.js:95:5)\n    at next (C:\\laragon\\www\\projectpolda\\backend\\node_modules\\express\\lib\\router\\route.js:149:13)\n    at C:\\laragon\\www\\projectpolda\\backend\\src\\middleware\\role.js:6:5\n    at Layer.handle [as handle_request] (C:\\laragon\\www\\projectpolda\\backend\\node_modules\\express\\lib\\router\\layer.js:95:5)\n    at next (C:\\laragon\\www\\projectpolda\\backend\\node_modules\\express\\lib\\router\\route.js:149:13)\n    at auth (C:\\laragon\\www\\projectpolda\\backend\\src\\middleware\\auth.js:58:5)\n    at Layer.handle [as handle_request] (C:\\laragon\\www\\projectpolda\\backend\\node_modules\\express\\lib\\router\\layer.js:95:5)\n    at next (C:\\laragon\\www\\projectpolda\\backend\\node_modules\\express\\lib\\router\\route.js:149:13)",
  "request": {
    "method": "GET",
    "url": "/api/settings/activity-logs?page=1&perPage=50",
    "ip": "::1",
    "userAgent": "Mozilla/5.0 (Windows NT 10.0; Win64; x64) AppleWebKit/537.36 (KHTML, like Gecko) Chrome/145.0.0.0 Safari/537.36 OPR/129.0.0.0",
    "userId": "b7769927-9a3f-4f83-97e5-1a007169c8f7",
    "userRole": "Admin"
  }
}
{
  "timestamp": "2026-04-18 04:10:29",
  "level": "ERROR",
  "message": "Global error handler qb.orderBy is not a function",
  "statusCode": 500,
  "path": "/api/settings/activity-logs",
  "method": "GET",
  "stack": "TypeError: qb.orderBy is not a function\n    at C:\\laragon\\www\\projectpolda\\backend\\src\\routes\\settings.js:127:6\n    at C:\\laragon\\www\\projectpolda\\backend\\src\\middleware\\errorHandler.js:66:19\n    at Layer.handle [as handle_request] (C:\\laragon\\www\\projectpolda\\backend\\node_modules\\express\\lib\\router\\layer.js:95:5)\n    at next (C:\\laragon\\www\\projectpolda\\backend\\node_modules\\express\\lib\\router\\route.js:149:13)\n    at C:\\laragon\\www\\projectpolda\\backend\\src\\middleware\\role.js:6:5\n    at Layer.handle [as handle_request] (C:\\laragon\\www\\projectpolda\\backend\\node_modules\\express\\lib\\router\\layer.js:95:5)\n    at next (C:\\laragon\\www\\projectpolda\\backend\\node_modules\\express\\lib\\router\\route.js:149:13)\n    at auth (C:\\laragon\\www\\projectpolda\\backend\\src\\middleware\\auth.js:58:5)\n    at Layer.handle [as handle_request] (C:\\laragon\\www\\projectpolda\\backend\\node_modules\\express\\lib\\router\\layer.js:95:5)\n    at next (C:\\laragon\\www\\projectpolda\\backend\\node_modules\\express\\lib\\router\\route.js:149:13)"
}
{
  "timestamp": "2026-04-18 04:10:29",
  "level": "ERROR",
  "message": "Unhandled error",
  "error": "qb.orderBy is not a function",
  "stack": "TypeError: qb.orderBy is not a function\n    at C:\\laragon\\www\\projectpolda\\backend\\src\\routes\\chats.js:68:6\n    at C:\\laragon\\www\\projectpolda\\backend\\src\\middleware\\errorHandler.js:66:19\n    at Layer.handle [as handle_request] (C:\\laragon\\www\\projectpolda\\backend\\node_modules\\express\\lib\\router\\layer.js:95:5)\n    at next (C:\\laragon\\www\\projectpolda\\backend\\node_modules\\express\\lib\\router\\route.js:149:13)\n    at auth (C:\\laragon\\www\\projectpolda\\backend\\src\\middleware\\auth.js:58:5)\n    at Layer.handle [as handle_request] (C:\\laragon\\www\\projectpolda\\backend\\node_modules\\express\\lib\\router\\layer.js:95:5)\n    at next (C:\\laragon\\www\\projectpolda\\backend\\node_modules\\express\\lib\\router\\route.js:149:13)\n    at Route.dispatch (C:\\laragon\\www\\projectpolda\\backend\\node_modules\\express\\lib\\router\\route.js:119:3)\n    at Layer.handle [as handle_request] (C:\\laragon\\www\\projectpolda\\backend\\node_modules\\express\\lib\\router\\layer.js:95:5)\n    at C:\\laragon\\www\\projectpolda\\backend\\node_modules\\express\\lib\\router\\index.js:284:15",
  "request": {
    "method": "GET",
    "url": "/api/chats?page=1&perPage=50",
    "ip": "::1",
    "userAgent": "Mozilla/5.0 (Windows NT 10.0; Win64; x64) AppleWebKit/537.36 (KHTML, like Gecko) Chrome/145.0.0.0 Safari/537.36 OPR/129.0.0.0",
    "userId": "b7769927-9a3f-4f83-97e5-1a007169c8f7",
    "userRole": "Admin"
  }
}
{
  "timestamp": "2026-04-18 04:10:29",
  "level": "ERROR",
  "message": "Global error handler qb.orderBy is not a function",
  "statusCode": 500,
  "path": "/api/chats",
  "method": "GET",
  "stack": "TypeError: qb.orderBy is not a function\n    at C:\\laragon\\www\\projectpolda\\backend\\src\\routes\\chats.js:68:6\n    at C:\\laragon\\www\\projectpolda\\backend\\src\\middleware\\errorHandler.js:66:19\n    at Layer.handle [as handle_request] (C:\\laragon\\www\\projectpolda\\backend\\node_modules\\express\\lib\\router\\layer.js:95:5)\n    at next (C:\\laragon\\www\\projectpolda\\backend\\node_modules\\express\\lib\\router\\route.js:149:13)\n    at auth (C:\\laragon\\www\\projectpolda\\backend\\src\\middleware\\auth.js:58:5)\n    at Layer.handle [as handle_request] (C:\\laragon\\www\\projectpolda\\backend\\node_modules\\express\\lib\\router\\layer.js:95:5)\n    at next (C:\\laragon\\www\\projectpolda\\backend\\node_modules\\express\\lib\\router\\route.js:149:13)\n    at Route.dispatch (C:\\laragon\\www\\projectpolda\\backend\\node_modules\\express\\lib\\router\\route.js:119:3)\n    at Layer.handle [as handle_request] (C:\\laragon\\www\\projectpolda\\backend\\node_modules\\express\\lib\\router\\layer.js:95:5)\n    at C:\\laragon\\www\\projectpolda\\backend\\node_modules\\express\\lib\\router\\index.js:284:15"
}
{
  "timestamp": "2026-04-18 04:11:18",
  "level": "ERROR",
  "message": "Unhandled error",
  "error": "qb.orderBy is not a function",
  "stack": "TypeError: qb.orderBy is not a function\n    at C:\\laragon\\www\\projectpolda\\backend\\src\\routes\\chats.js:68:6\n    at C:\\laragon\\www\\projectpolda\\backend\\src\\middleware\\errorHandler.js:66:19\n    at Layer.handle [as handle_request] (C:\\laragon\\www\\projectpolda\\backend\\node_modules\\express\\lib\\router\\layer.js:95:5)\n    at next (C:\\laragon\\www\\projectpolda\\backend\\node_modules\\express\\lib\\router\\route.js:149:13)\n    at auth (C:\\laragon\\www\\projectpolda\\backend\\src\\middleware\\auth.js:58:5)\n    at Layer.handle [as handle_request] (C:\\laragon\\www\\projectpolda\\backend\\node_modules\\express\\lib\\router\\layer.js:95:5)\n    at next (C:\\laragon\\www\\projectpolda\\backend\\node_modules\\express\\lib\\router\\route.js:149:13)\n    at Route.dispatch (C:\\laragon\\www\\projectpolda\\backend\\node_modules\\express\\lib\\router\\route.js:119:3)\n    at Layer.handle [as handle_request] (C:\\laragon\\www\\projectpolda\\backend\\node_modules\\express\\lib\\router\\layer.js:95:5)\n    at C:\\laragon\\www\\projectpolda\\backend\\node_modules\\express\\lib\\router\\index.js:284:15",
  "request": {
    "method": "GET",
    "url": "/api/chats?page=1&perPage=50",
    "ip": "::1",
    "userAgent": "Mozilla/5.0 (Windows NT 10.0; Win64; x64) AppleWebKit/537.36 (KHTML, like Gecko) Chrome/145.0.0.0 Safari/537.36 OPR/129.0.0.0",
    "userId": "b7769927-9a3f-4f83-97e5-1a007169c8f7",
    "userRole": "Admin"
  }
}
{
  "timestamp": "2026-04-18 04:11:18",
  "level": "ERROR",
  "message": "Global error handler qb.orderBy is not a function",
  "statusCode": 500,
  "path": "/api/chats",
  "method": "GET",
  "stack": "TypeError: qb.orderBy is not a function\n    at C:\\laragon\\www\\projectpolda\\backend\\src\\routes\\chats.js:68:6\n    at C:\\laragon\\www\\projectpolda\\backend\\src\\middleware\\errorHandler.js:66:19\n    at Layer.handle [as handle_request] (C:\\laragon\\www\\projectpolda\\backend\\node_modules\\express\\lib\\router\\layer.js:95:5)\n    at next (C:\\laragon\\www\\projectpolda\\backend\\node_modules\\express\\lib\\router\\route.js:149:13)\n    at auth (C:\\laragon\\www\\projectpolda\\backend\\src\\middleware\\auth.js:58:5)\n    at Layer.handle [as handle_request] (C:\\laragon\\www\\projectpolda\\backend\\node_modules\\express\\lib\\router\\layer.js:95:5)\n    at next (C:\\laragon\\www\\projectpolda\\backend\\node_modules\\express\\lib\\router\\route.js:149:13)\n    at Route.dispatch (C:\\laragon\\www\\projectpolda\\backend\\node_modules\\express\\lib\\router\\route.js:119:3)\n    at Layer.handle [as handle_request] (C:\\laragon\\www\\projectpolda\\backend\\node_modules\\express\\lib\\router\\layer.js:95:5)\n    at C:\\laragon\\www\\projectpolda\\backend\\node_modules\\express\\lib\\router\\index.js:284:15"
}
{
  "timestamp": "2026-04-18 04:12:58",
  "level": "ERROR",
  "message": "Failed to connect to Redis",
  "error": ""
}
{
  "timestamp": "2026-04-18 04:14:41",
  "level": "ERROR",
  "message": "Unhandled error",
  "error": "qb.orderBy is not a function",
  "stack": "TypeError: qb.orderBy is not a function\n    at C:\\laragon\\www\\projectpolda\\backend\\src\\routes\\chats.js:68:6\n    at C:\\laragon\\www\\projectpolda\\backend\\src\\middleware\\errorHandler.js:66:19\n    at Layer.handle [as handle_request] (C:\\laragon\\www\\projectpolda\\backend\\node_modules\\express\\lib\\router\\layer.js:95:5)\n    at next (C:\\laragon\\www\\projectpolda\\backend\\node_modules\\express\\lib\\router\\route.js:149:13)\n    at auth (C:\\laragon\\www\\projectpolda\\backend\\src\\middleware\\auth.js:58:5)\n    at Layer.handle [as handle_request] (C:\\laragon\\www\\projectpolda\\backend\\node_modules\\express\\lib\\router\\layer.js:95:5)\n    at next (C:\\laragon\\www\\projectpolda\\backend\\node_modules\\express\\lib\\router\\route.js:149:13)\n    at Route.dispatch (C:\\laragon\\www\\projectpolda\\backend\\node_modules\\express\\lib\\router\\route.js:119:3)\n    at Layer.handle [as handle_request] (C:\\laragon\\www\\projectpolda\\backend\\node_modules\\express\\lib\\router\\layer.js:95:5)\n    at C:\\laragon\\www\\projectpolda\\backend\\node_modules\\express\\lib\\router\\index.js:284:15",
  "request": {
    "method": "GET",
    "url": "/api/chats?page=1&perPage=1&filter=ticket_id%3D%22d3a4da92-601a-4d7b-922d-fff3e59f5c32%22",
    "ip": "::1",
    "userAgent": "Mozilla/5.0 (Windows NT 10.0; Win64; x64) AppleWebKit/537.36 (KHTML, like Gecko) Chrome/147.0.0.0 Safari/537.36 Edg/147.0.0.0",
    "userId": "28994031-7caa-457f-8745-54fcd81533f6",
    "userRole": "User"
  }
}
{
  "timestamp": "2026-04-18 04:14:41",
  "level": "ERROR",
  "message": "Global error handler qb.orderBy is not a function",
  "statusCode": 500,
  "path": "/api/chats",
  "method": "GET",
  "stack": "TypeError: qb.orderBy is not a function\n    at C:\\laragon\\www\\projectpolda\\backend\\src\\routes\\chats.js:68:6\n    at C:\\laragon\\www\\projectpolda\\backend\\src\\middleware\\errorHandler.js:66:19\n    at Layer.handle [as handle_request] (C:\\laragon\\www\\projectpolda\\backend\\node_modules\\express\\lib\\router\\layer.js:95:5)\n    at next (C:\\laragon\\www\\projectpolda\\backend\\node_modules\\express\\lib\\router\\route.js:149:13)\n    at auth (C:\\laragon\\www\\projectpolda\\backend\\src\\middleware\\auth.js:58:5)\n    at Layer.handle [as handle_request] (C:\\laragon\\www\\projectpolda\\backend\\node_modules\\express\\lib\\router\\layer.js:95:5)\n    at next (C:\\laragon\\www\\projectpolda\\backend\\node_modules\\express\\lib\\router\\route.js:149:13)\n    at Route.dispatch (C:\\laragon\\www\\projectpolda\\backend\\node_modules\\express\\lib\\router\\route.js:119:3)\n    at Layer.handle [as handle_request] (C:\\laragon\\www\\projectpolda\\backend\\node_modules\\express\\lib\\router\\layer.js:95:5)\n    at C:\\laragon\\www\\projectpolda\\backend\\node_modules\\express\\lib\\router\\index.js:284:15"
}
{
  "timestamp": "2026-04-18 04:15:24",
  "level": "ERROR",
  "message": "Unhandled error",
  "error": "qb.orderBy is not a function",
  "stack": "TypeError: qb.orderBy is not a function\n    at C:\\laragon\\www\\projectpolda\\backend\\src\\routes\\chats.js:68:6\n    at C:\\laragon\\www\\projectpolda\\backend\\src\\middleware\\errorHandler.js:66:19\n    at Layer.handle [as handle_request] (C:\\laragon\\www\\projectpolda\\backend\\node_modules\\express\\lib\\router\\layer.js:95:5)\n    at next (C:\\laragon\\www\\projectpolda\\backend\\node_modules\\express\\lib\\router\\route.js:149:13)\n    at auth (C:\\laragon\\www\\projectpolda\\backend\\src\\middleware\\auth.js:58:5)\n    at Layer.handle [as handle_request] (C:\\laragon\\www\\projectpolda\\backend\\node_modules\\express\\lib\\router\\layer.js:95:5)\n    at next (C:\\laragon\\www\\projectpolda\\backend\\node_modules\\express\\lib\\router\\route.js:149:13)\n    at Route.dispatch (C:\\laragon\\www\\projectpolda\\backend\\node_modules\\express\\lib\\router\\route.js:119:3)\n    at Layer.handle [as handle_request] (C:\\laragon\\www\\projectpolda\\backend\\node_modules\\express\\lib\\router\\layer.js:95:5)\n    at C:\\laragon\\www\\projectpolda\\backend\\node_modules\\express\\lib\\router\\index.js:284:15",
  "request": {
    "method": "GET",
    "url": "/api/chats?page=1&perPage=1&filter=ticket_id%3D%22d3a4da92-601a-4d7b-922d-fff3e59f5c32%22",
    "ip": "::1",
    "userAgent": "Mozilla/5.0 (Windows NT 10.0; Win64; x64) AppleWebKit/537.36 (KHTML, like Gecko) Chrome/147.0.0.0 Safari/537.36 Edg/147.0.0.0",
    "userId": "28994031-7caa-457f-8745-54fcd81533f6",
    "userRole": "User"
  }
}
{
  "timestamp": "2026-04-18 04:15:24",
  "level": "ERROR",
  "message": "Global error handler qb.orderBy is not a function",
  "statusCode": 500,
  "path": "/api/chats",
  "method": "GET",
  "stack": "TypeError: qb.orderBy is not a function\n    at C:\\laragon\\www\\projectpolda\\backend\\src\\routes\\chats.js:68:6\n    at C:\\laragon\\www\\projectpolda\\backend\\src\\middleware\\errorHandler.js:66:19\n    at Layer.handle [as handle_request] (C:\\laragon\\www\\projectpolda\\backend\\node_modules\\express\\lib\\router\\layer.js:95:5)\n    at next (C:\\laragon\\www\\projectpolda\\backend\\node_modules\\express\\lib\\router\\route.js:149:13)\n    at auth (C:\\laragon\\www\\projectpolda\\backend\\src\\middleware\\auth.js:58:5)\n    at Layer.handle [as handle_request] (C:\\laragon\\www\\projectpolda\\backend\\node_modules\\express\\lib\\router\\layer.js:95:5)\n    at next (C:\\laragon\\www\\projectpolda\\backend\\node_modules\\express\\lib\\router\\route.js:149:13)\n    at Route.dispatch (C:\\laragon\\www\\projectpolda\\backend\\node_modules\\express\\lib\\router\\route.js:119:3)\n    at Layer.handle [as handle_request] (C:\\laragon\\www\\projectpolda\\backend\\node_modules\\express\\lib\\router\\layer.js:95:5)\n    at C:\\laragon\\www\\projectpolda\\backend\\node_modules\\express\\lib\\router\\index.js:284:15"
}
{
  "timestamp": "2026-04-18 04:15:40",
  "level": "ERROR",
  "message": "Unhandled error",
  "error": "qb.orderBy is not a function",
  "stack": "TypeError: qb.orderBy is not a function\n    at C:\\laragon\\www\\projectpolda\\backend\\src\\routes\\chats.js:68:6\n    at C:\\laragon\\www\\projectpolda\\backend\\src\\middleware\\errorHandler.js:66:19\n    at Layer.handle [as handle_request] (C:\\laragon\\www\\projectpolda\\backend\\node_modules\\express\\lib\\router\\layer.js:95:5)\n    at next (C:\\laragon\\www\\projectpolda\\backend\\node_modules\\express\\lib\\router\\route.js:149:13)\n    at auth (C:\\laragon\\www\\projectpolda\\backend\\src\\middleware\\auth.js:58:5)\n    at Layer.handle [as handle_request] (C:\\laragon\\www\\projectpolda\\backend\\node_modules\\express\\lib\\router\\layer.js:95:5)\n    at next (C:\\laragon\\www\\projectpolda\\backend\\node_modules\\express\\lib\\router\\route.js:149:13)\n    at Route.dispatch (C:\\laragon\\www\\projectpolda\\backend\\node_modules\\express\\lib\\router\\route.js:119:3)\n    at Layer.handle [as handle_request] (C:\\laragon\\www\\projectpolda\\backend\\node_modules\\express\\lib\\router\\layer.js:95:5)\n    at C:\\laragon\\www\\projectpolda\\backend\\node_modules\\express\\lib\\router\\index.js:284:15",
  "request": {
    "method": "GET",
    "url": "/api/chats?page=1&perPage=50&filter=technician_id+%3D+%2270e770f6-1d37-4bbc-8745-e9f8fac346fe%22&sort=-updated",
    "ip": "::1",
    "userAgent": "Mozilla/5.0 (Windows NT 10.0; Win64; x64) AppleWebKit/537.36 (KHTML, like Gecko) Chrome/147.0.0.0 Safari/537.36",
    "userId": "70e770f6-1d37-4bbc-8745-e9f8fac346fe",
    "userRole": "User"
  }
}
{
  "timestamp": "2026-04-18 04:15:40",
  "level": "ERROR",
  "message": "Global error handler qb.orderBy is not a function",
  "statusCode": 500,
  "path": "/api/chats",
  "method": "GET",
  "stack": "TypeError: qb.orderBy is not a function\n    at C:\\laragon\\www\\projectpolda\\backend\\src\\routes\\chats.js:68:6\n    at C:\\laragon\\www\\projectpolda\\backend\\src\\middleware\\errorHandler.js:66:19\n    at Layer.handle [as handle_request] (C:\\laragon\\www\\projectpolda\\backend\\node_modules\\express\\lib\\router\\layer.js:95:5)\n    at next (C:\\laragon\\www\\projectpolda\\backend\\node_modules\\express\\lib\\router\\route.js:149:13)\n    at auth (C:\\laragon\\www\\projectpolda\\backend\\src\\middleware\\auth.js:58:5)\n    at Layer.handle [as handle_request] (C:\\laragon\\www\\projectpolda\\backend\\node_modules\\express\\lib\\router\\layer.js:95:5)\n    at next (C:\\laragon\\www\\projectpolda\\backend\\node_modules\\express\\lib\\router\\route.js:149:13)\n    at Route.dispatch (C:\\laragon\\www\\projectpolda\\backend\\node_modules\\express\\lib\\router\\route.js:119:3)\n    at Layer.handle [as handle_request] (C:\\laragon\\www\\projectpolda\\backend\\node_modules\\express\\lib\\router\\layer.js:95:5)\n    at C:\\laragon\\www\\projectpolda\\backend\\node_modules\\express\\lib\\router\\index.js:284:15"
}
{
  "timestamp": "2026-04-18 04:15:43",
  "level": "ERROR",
  "message": "Unhandled error",
  "error": "qb.orderBy is not a function",
  "stack": "TypeError: qb.orderBy is not a function\n    at C:\\laragon\\www\\projectpolda\\backend\\src\\routes\\chats.js:68:6\n    at C:\\laragon\\www\\projectpolda\\backend\\src\\middleware\\errorHandler.js:66:19\n    at Layer.handle [as handle_request] (C:\\laragon\\www\\projectpolda\\backend\\node_modules\\express\\lib\\router\\layer.js:95:5)\n    at next (C:\\laragon\\www\\projectpolda\\backend\\node_modules\\express\\lib\\router\\route.js:149:13)\n    at auth (C:\\laragon\\www\\projectpolda\\backend\\src\\middleware\\auth.js:58:5)\n    at Layer.handle [as handle_request] (C:\\laragon\\www\\projectpolda\\backend\\node_modules\\express\\lib\\router\\layer.js:95:5)\n    at next (C:\\laragon\\www\\projectpolda\\backend\\node_modules\\express\\lib\\router\\route.js:149:13)\n    at Route.dispatch (C:\\laragon\\www\\projectpolda\\backend\\node_modules\\express\\lib\\router\\route.js:119:3)\n    at Layer.handle [as handle_request] (C:\\laragon\\www\\projectpolda\\backend\\node_modules\\express\\lib\\router\\layer.js:95:5)\n    at C:\\laragon\\www\\projectpolda\\backend\\node_modules\\express\\lib\\router\\index.js:284:15",
  "request": {
    "method": "GET",
    "url": "/api/chats?page=1&perPage=1&filter=ticket_id%3D%22d3a4da92-601a-4d7b-922d-fff3e59f5c32%22",
    "ip": "::1",
    "userAgent": "Mozilla/5.0 (Windows NT 10.0; Win64; x64) AppleWebKit/537.36 (KHTML, like Gecko) Chrome/147.0.0.0 Safari/537.36 Edg/147.0.0.0",
    "userId": "28994031-7caa-457f-8745-54fcd81533f6",
    "userRole": "User"
  }
}
{
  "timestamp": "2026-04-18 04:15:43",
  "level": "ERROR",
  "message": "Global error handler qb.orderBy is not a function",
  "statusCode": 500,
  "path": "/api/chats",
  "method": "GET",
  "stack": "TypeError: qb.orderBy is not a function\n    at C:\\laragon\\www\\projectpolda\\backend\\src\\routes\\chats.js:68:6\n    at C:\\laragon\\www\\projectpolda\\backend\\src\\middleware\\errorHandler.js:66:19\n    at Layer.handle [as handle_request] (C:\\laragon\\www\\projectpolda\\backend\\node_modules\\express\\lib\\router\\layer.js:95:5)\n    at next (C:\\laragon\\www\\projectpolda\\backend\\node_modules\\express\\lib\\router\\route.js:149:13)\n    at auth (C:\\laragon\\www\\projectpolda\\backend\\src\\middleware\\auth.js:58:5)\n    at Layer.handle [as handle_request] (C:\\laragon\\www\\projectpolda\\backend\\node_modules\\express\\lib\\router\\layer.js:95:5)\n    at next (C:\\laragon\\www\\projectpolda\\backend\\node_modules\\express\\lib\\router\\route.js:149:13)\n    at Route.dispatch (C:\\laragon\\www\\projectpolda\\backend\\node_modules\\express\\lib\\router\\route.js:119:3)\n    at Layer.handle [as handle_request] (C:\\laragon\\www\\projectpolda\\backend\\node_modules\\express\\lib\\router\\layer.js:95:5)\n    at C:\\laragon\\www\\projectpolda\\backend\\node_modules\\express\\lib\\router\\index.js:284:15"
}
{
  "timestamp": "2026-04-18 04:15:46",
  "level": "ERROR",
  "message": "Unhandled error",
  "error": "qb.orderBy is not a function",
  "stack": "TypeError: qb.orderBy is not a function\n    at C:\\laragon\\www\\projectpolda\\backend\\src\\routes\\chats.js:68:6\n    at C:\\laragon\\www\\projectpolda\\backend\\src\\middleware\\errorHandler.js:66:19\n    at Layer.handle [as handle_request] (C:\\laragon\\www\\projectpolda\\backend\\node_modules\\express\\lib\\router\\layer.js:95:5)\n    at next (C:\\laragon\\www\\projectpolda\\backend\\node_modules\\express\\lib\\router\\route.js:149:13)\n    at auth (C:\\laragon\\www\\projectpolda\\backend\\src\\middleware\\auth.js:58:5)\n    at Layer.handle [as handle_request] (C:\\laragon\\www\\projectpolda\\backend\\node_modules\\express\\lib\\router\\layer.js:95:5)\n    at next (C:\\laragon\\www\\projectpolda\\backend\\node_modules\\express\\lib\\router\\route.js:149:13)\n    at Route.dispatch (C:\\laragon\\www\\projectpolda\\backend\\node_modules\\express\\lib\\router\\route.js:119:3)\n    at Layer.handle [as handle_request] (C:\\laragon\\www\\projectpolda\\backend\\node_modules\\express\\lib\\router\\layer.js:95:5)\n    at C:\\laragon\\www\\projectpolda\\backend\\node_modules\\express\\lib\\router\\index.js:284:15",
  "request": {
    "method": "GET",
    "url": "/api/chats?page=1&perPage=50&filter=user_id+%3D+%2228994031-7caa-457f-8745-54fcd81533f6%22&sort=-updated",
    "ip": "::1",
    "userAgent": "Mozilla/5.0 (Windows NT 10.0; Win64; x64) AppleWebKit/537.36 (KHTML, like Gecko) Chrome/147.0.0.0 Safari/537.36 Edg/147.0.0.0",
    "userId": "28994031-7caa-457f-8745-54fcd81533f6",
    "userRole": "User"
  }
}
{
  "timestamp": "2026-04-18 04:15:46",
  "level": "ERROR",
  "message": "Global error handler qb.orderBy is not a function",
  "statusCode": 500,
  "path": "/api/chats",
  "method": "GET",
  "stack": "TypeError: qb.orderBy is not a function\n    at C:\\laragon\\www\\projectpolda\\backend\\src\\routes\\chats.js:68:6\n    at C:\\laragon\\www\\projectpolda\\backend\\src\\middleware\\errorHandler.js:66:19\n    at Layer.handle [as handle_request] (C:\\laragon\\www\\projectpolda\\backend\\node_modules\\express\\lib\\router\\layer.js:95:5)\n    at next (C:\\laragon\\www\\projectpolda\\backend\\node_modules\\express\\lib\\router\\route.js:149:13)\n    at auth (C:\\laragon\\www\\projectpolda\\backend\\src\\middleware\\auth.js:58:5)\n    at Layer.handle [as handle_request] (C:\\laragon\\www\\projectpolda\\backend\\node_modules\\express\\lib\\router\\layer.js:95:5)\n    at next (C:\\laragon\\www\\projectpolda\\backend\\node_modules\\express\\lib\\router\\route.js:149:13)\n    at Route.dispatch (C:\\laragon\\www\\projectpolda\\backend\\node_modules\\express\\lib\\router\\route.js:119:3)\n    at Layer.handle [as handle_request] (C:\\laragon\\www\\projectpolda\\backend\\node_modules\\express\\lib\\router\\layer.js:95:5)\n    at C:\\laragon\\www\\projectpolda\\backend\\node_modules\\express\\lib\\router\\index.js:284:15"
}
{
  "timestamp": "2026-04-18 04:18:09",
  "level": "ERROR",
  "message": "Unhandled error",
  "error": "qb.orderBy is not a function",
  "stack": "TypeError: qb.orderBy is not a function\n    at C:\\laragon\\www\\projectpolda\\backend\\src\\routes\\chats.js:68:6\n    at C:\\laragon\\www\\projectpolda\\backend\\src\\middleware\\errorHandler.js:66:19\n    at Layer.handle [as handle_request] (C:\\laragon\\www\\projectpolda\\backend\\node_modules\\express\\lib\\router\\layer.js:95:5)\n    at next (C:\\laragon\\www\\projectpolda\\backend\\node_modules\\express\\lib\\router\\route.js:149:13)\n    at auth (C:\\laragon\\www\\projectpolda\\backend\\src\\middleware\\auth.js:58:5)\n    at Layer.handle [as handle_request] (C:\\laragon\\www\\projectpolda\\backend\\node_modules\\express\\lib\\router\\layer.js:95:5)\n    at next (C:\\laragon\\www\\projectpolda\\backend\\node_modules\\express\\lib\\router\\route.js:149:13)\n    at Route.dispatch (C:\\laragon\\www\\projectpolda\\backend\\node_modules\\express\\lib\\router\\route.js:119:3)\n    at Layer.handle [as handle_request] (C:\\laragon\\www\\projectpolda\\backend\\node_modules\\express\\lib\\router\\layer.js:95:5)\n    at C:\\laragon\\www\\projectpolda\\backend\\node_modules\\express\\lib\\router\\index.js:284:15",
  "request": {
    "method": "GET",
    "url": "/api/chats?page=1&perPage=50&filter=user_id+%3D+%2228994031-7caa-457f-8745-54fcd81533f6%22&sort=-updated",
    "ip": "::1",
    "userAgent": "Mozilla/5.0 (Windows NT 10.0; Win64; x64) AppleWebKit/537.36 (KHTML, like Gecko) Chrome/147.0.0.0 Safari/537.36 Edg/147.0.0.0",
    "userId": "28994031-7caa-457f-8745-54fcd81533f6",
    "userRole": "User"
  }
}
{
  "timestamp": "2026-04-18 04:18:09",
  "level": "ERROR",
  "message": "Global error handler qb.orderBy is not a function",
  "statusCode": 500,
  "path": "/api/chats",
  "method": "GET",
  "stack": "TypeError: qb.orderBy is not a function\n    at C:\\laragon\\www\\projectpolda\\backend\\src\\routes\\chats.js:68:6\n    at C:\\laragon\\www\\projectpolda\\backend\\src\\middleware\\errorHandler.js:66:19\n    at Layer.handle [as handle_request] (C:\\laragon\\www\\projectpolda\\backend\\node_modules\\express\\lib\\router\\layer.js:95:5)\n    at next (C:\\laragon\\www\\projectpolda\\backend\\node_modules\\express\\lib\\router\\route.js:149:13)\n    at auth (C:\\laragon\\www\\projectpolda\\backend\\src\\middleware\\auth.js:58:5)\n    at Layer.handle [as handle_request] (C:\\laragon\\www\\projectpolda\\backend\\node_modules\\express\\lib\\router\\layer.js:95:5)\n    at next (C:\\laragon\\www\\projectpolda\\backend\\node_modules\\express\\lib\\router\\route.js:149:13)\n    at Route.dispatch (C:\\laragon\\www\\projectpolda\\backend\\node_modules\\express\\lib\\router\\route.js:119:3)\n    at Layer.handle [as handle_request] (C:\\laragon\\www\\projectpolda\\backend\\node_modules\\express\\lib\\router\\layer.js:95:5)\n    at C:\\laragon\\www\\projectpolda\\backend\\node_modules\\express\\lib\\router\\index.js:284:15"
}
{
  "timestamp": "2026-04-18 04:18:11",
  "level": "ERROR",
  "message": "Unhandled error",
  "error": "qb.orderBy is not a function",
  "stack": "TypeError: qb.orderBy is not a function\n    at C:\\laragon\\www\\projectpolda\\backend\\src\\routes\\chats.js:68:6\n    at C:\\laragon\\www\\projectpolda\\backend\\src\\middleware\\errorHandler.js:66:19\n    at Layer.handle [as handle_request] (C:\\laragon\\www\\projectpolda\\backend\\node_modules\\express\\lib\\router\\layer.js:95:5)\n    at next (C:\\laragon\\www\\projectpolda\\backend\\node_modules\\express\\lib\\router\\route.js:149:13)\n    at auth (C:\\laragon\\www\\projectpolda\\backend\\src\\middleware\\auth.js:58:5)\n    at Layer.handle [as handle_request] (C:\\laragon\\www\\projectpolda\\backend\\node_modules\\express\\lib\\router\\layer.js:95:5)\n    at next (C:\\laragon\\www\\projectpolda\\backend\\node_modules\\express\\lib\\router\\route.js:149:13)\n    at Route.dispatch (C:\\laragon\\www\\projectpolda\\backend\\node_modules\\express\\lib\\router\\route.js:119:3)\n    at Layer.handle [as handle_request] (C:\\laragon\\www\\projectpolda\\backend\\node_modules\\express\\lib\\router\\layer.js:95:5)\n    at C:\\laragon\\www\\projectpolda\\backend\\node_modules\\express\\lib\\router\\index.js:284:15",
  "request": {
    "method": "GET",
    "url": "/api/chats?page=1&perPage=50&filter=technician_id+%3D+%2270e770f6-1d37-4bbc-8745-e9f8fac346fe%22&sort=-updated",
    "ip": "::1",
    "userAgent": "Mozilla/5.0 (Windows NT 10.0; Win64; x64) AppleWebKit/537.36 (KHTML, like Gecko) Chrome/147.0.0.0 Safari/537.36",
    "userId": "70e770f6-1d37-4bbc-8745-e9f8fac346fe",
    "userRole": "User"
  }
}
{
  "timestamp": "2026-04-18 04:18:11",
  "level": "ERROR",
  "message": "Global error handler qb.orderBy is not a function",
  "statusCode": 500,
  "path": "/api/chats",
  "method": "GET",
  "stack": "TypeError: qb.orderBy is not a function\n    at C:\\laragon\\www\\projectpolda\\backend\\src\\routes\\chats.js:68:6\n    at C:\\laragon\\www\\projectpolda\\backend\\src\\middleware\\errorHandler.js:66:19\n    at Layer.handle [as handle_request] (C:\\laragon\\www\\projectpolda\\backend\\node_modules\\express\\lib\\router\\layer.js:95:5)\n    at next (C:\\laragon\\www\\projectpolda\\backend\\node_modules\\express\\lib\\router\\route.js:149:13)\n    at auth (C:\\laragon\\www\\projectpolda\\backend\\src\\middleware\\auth.js:58:5)\n    at Layer.handle [as handle_request] (C:\\laragon\\www\\projectpolda\\backend\\node_modules\\express\\lib\\router\\layer.js:95:5)\n    at next (C:\\laragon\\www\\projectpolda\\backend\\node_modules\\express\\lib\\router\\route.js:149:13)\n    at Route.dispatch (C:\\laragon\\www\\projectpolda\\backend\\node_modules\\express\\lib\\router\\route.js:119:3)\n    at Layer.handle [as handle_request] (C:\\laragon\\www\\projectpolda\\backend\\node_modules\\express\\lib\\router\\layer.js:95:5)\n    at C:\\laragon\\www\\projectpolda\\backend\\node_modules\\express\\lib\\router\\index.js:284:15"
}
{
  "timestamp": "2026-04-18 04:19:22",
  "level": "ERROR",
  "message": "Failed to connect to Redis",
  "error": ""
}
{
  "timestamp": "2026-04-18 04:19:39",
  "level": "ERROR",
  "message": "Failed to connect to Redis",
  "error": ""
}
{
  "timestamp": "2026-04-18 04:19:59",
  "level": "ERROR",
  "message": "Failed to connect to Redis",
  "error": ""
}
{
  "timestamp": "2026-04-18 04:30:23",
  "level": "ERROR",
  "message": "Failed to connect to Redis",
  "error": ""
}
{
  "timestamp": "2026-04-18 04:40:01",
  "level": "ERROR",
  "message": "Unhandled error",
  "error": "Cannot read properties of undefined (reading 'total')",
  "stack": "TypeError: Cannot read properties of undefined (reading 'total')\n    at C:\\laragon\\www\\projectpolda\\backend\\src\\routes\\chats.js:72:13\n    at process.processTicksAndRejections (node:internal/process/task_queues:105:5)",
  "request": {
    "method": "GET",
    "url": "/api/chats?page=1&perPage=50&filter=user_id+%3D+%2228994031-7caa-457f-8745-54fcd81533f6%22&sort=-updated",
    "ip": "::1",
    "userAgent": "Mozilla/5.0 (Windows NT 10.0; Win64; x64) AppleWebKit/537.36 (KHTML, like Gecko) Chrome/147.0.0.0 Safari/537.36 Edg/147.0.0.0",
    "userId": "28994031-7caa-457f-8745-54fcd81533f6",
    "userRole": "User"
  }
}
{
  "timestamp": "2026-04-18 04:40:01",
  "level": "ERROR",
  "message": "Global error handler Cannot read properties of undefined (reading 'total')",
  "statusCode": 500,
  "path": "/api/chats",
  "method": "GET",
  "stack": "TypeError: Cannot read properties of undefined (reading 'total')\n    at C:\\laragon\\www\\projectpolda\\backend\\src\\routes\\chats.js:72:13\n    at process.processTicksAndRejections (node:internal/process/task_queues:105:5)"
}
{
  "timestamp": "2026-04-18 04:40:59",
  "level": "ERROR",
  "message": "Failed to connect to Redis",
  "error": ""
}
{
  "timestamp": "2026-04-18 04:42:06",
  "level": "ERROR",
  "message": "Failed to connect to Redis",
  "error": ""
}
{
  "timestamp": "2026-04-18 04:46:09",
  "level": "ERROR",
  "message": "Failed to connect to Redis",
  "error": ""
}
{
  "timestamp": "2026-04-18 05:02:22",
  "level": "ERROR",
  "message": "Failed to connect to Redis",
  "error": ""
}
{
  "timestamp": "2026-04-18 12:50:50",
  "level": "ERROR",
  "message": "Failed to connect to Redis",
  "error": ""
}
{
  "timestamp": "2026-04-18 12:51:06",
  "level": "ERROR",
  "message": "Unhandled error",
  "error": "Cannot read properties of undefined (reading 'total')",
  "stack": "TypeError: Cannot read properties of undefined (reading 'total')\n    at C:\\laragon\\www\\projectpolda\\backend\\src\\routes\\chats.js:72:13\n    at process.processTicksAndRejections (node:internal/process/task_queues:105:5)",
  "request": {
    "method": "GET",
    "url": "/api/chats?page=1&perPage=50",
    "ip": "::1",
    "userAgent": "Mozilla/5.0 (Windows NT 10.0; Win64; x64) AppleWebKit/537.36 (KHTML, like Gecko) Chrome/145.0.0.0 Safari/537.36 OPR/129.0.0.0",
    "userId": "b7769927-9a3f-4f83-97e5-1a007169c8f7",
    "userRole": "Admin"
  }
}
{
  "timestamp": "2026-04-18 12:51:07",
  "level": "ERROR",
  "message": "Global error handler Cannot read properties of undefined (reading 'total')",
  "statusCode": 500,
  "path": "/api/chats",
  "method": "GET",
  "stack": "TypeError: Cannot read properties of undefined (reading 'total')\n    at C:\\laragon\\www\\projectpolda\\backend\\src\\routes\\chats.js:72:13\n    at process.processTicksAndRejections (node:internal/process/task_queues:105:5)"
}
{
  "timestamp": "2026-04-18 12:52:20",
  "level": "ERROR",
  "message": "Failed to get technician dashboard summary",
  "error": "Unknown column 'ts.auto_assign' in 'field list'",
  "userId": "70e770f6-1d37-4bbc-8745-e9f8fac346fe"
}
{
  "timestamp": "2026-04-18 12:52:29",
  "level": "ERROR",
  "message": "Failed to get technician dashboard summary",
  "error": "Unknown column 'ts.auto_assign' in 'field list'",
  "userId": "70e770f6-1d37-4bbc-8745-e9f8fac346fe"
}
{
  "timestamp": "2026-04-18 12:53:18",
  "level": "ERROR",
  "message": "Unhandled error",
  "error": "Cannot read properties of undefined (reading 'total')",
  "stack": "TypeError: Cannot read properties of undefined (reading 'total')\n    at C:\\laragon\\www\\projectpolda\\backend\\src\\routes\\chats.js:72:13\n    at process.processTicksAndRejections (node:internal/process/task_queues:105:5)",
  "request": {
    "method": "GET",
    "url": "/api/chats?page=1&perPage=50&filter=technician_id+%3D+%2270e770f6-1d37-4bbc-8745-e9f8fac346fe%22&sort=-updated",
    "ip": "::1",
    "userAgent": "Mozilla/5.0 (Windows NT 10.0; Win64; x64) AppleWebKit/537.36 (KHTML, like Gecko) Chrome/147.0.0.0 Safari/537.36",
    "userId": "70e770f6-1d37-4bbc-8745-e9f8fac346fe",
    "userRole": "Teknisi"
  }
}
{
  "timestamp": "2026-04-18 12:53:18",
  "level": "ERROR",
  "message": "Global error handler Cannot read properties of undefined (reading 'total')",
  "statusCode": 500,
  "path": "/api/chats",
  "method": "GET",
  "stack": "TypeError: Cannot read properties of undefined (reading 'total')\n    at C:\\laragon\\www\\projectpolda\\backend\\src\\routes\\chats.js:72:13\n    at process.processTicksAndRejections (node:internal/process/task_queues:105:5)"
}
{
  "timestamp": "2026-04-18 12:53:55",
  "level": "ERROR",
  "message": "Failed to get technician dashboard summary",
  "error": "Unknown column 'ts.auto_assign' in 'field list'",
  "userId": "70e770f6-1d37-4bbc-8745-e9f8fac346fe"
}
{
  "timestamp": "2026-04-18 12:54:10",
  "level": "ERROR",
  "message": "Failed to get technician dashboard summary",
  "error": "Unknown column 'ts.auto_assign' in 'field list'",
  "userId": "70e770f6-1d37-4bbc-8745-e9f8fac346fe"
}
{
  "timestamp": "2026-04-18 12:54:40",
  "level": "ERROR",
  "message": "Failed to get technician dashboard summary",
  "error": "Unknown column 'ts.auto_assign' in 'field list'",
  "userId": "70e770f6-1d37-4bbc-8745-e9f8fac346fe"
}
{
  "timestamp": "2026-04-18 12:54:48",
  "level": "ERROR",
  "message": "Failed to get technician dashboard summary",
  "error": "Unknown column 'ts.auto_assign' in 'field list'",
  "userId": "70e770f6-1d37-4bbc-8745-e9f8fac346fe"
}
{
  "timestamp": "2026-04-18 12:55:39",
  "level": "ERROR",
  "message": "Unhandled error",
  "error": "Cannot read properties of undefined (reading 'total')",
  "stack": "TypeError: Cannot read properties of undefined (reading 'total')\n    at C:\\laragon\\www\\projectpolda\\backend\\src\\routes\\chats.js:72:13\n    at process.processTicksAndRejections (node:internal/process/task_queues:105:5)",
  "request": {
    "method": "GET",
    "url": "/api/chats?page=1&perPage=50&filter=user_id+%3D+%2228994031-7caa-457f-8745-54fcd81533f6%22&sort=-updated",
    "ip": "::1",
    "userAgent": "Mozilla/5.0 (Windows NT 10.0; Win64; x64) AppleWebKit/537.36 (KHTML, like Gecko) Chrome/147.0.0.0 Safari/537.36 Edg/147.0.0.0",
    "userId": "28994031-7caa-457f-8745-54fcd81533f6",
    "userRole": "User"
  }
}
{
  "timestamp": "2026-04-18 12:55:39",
  "level": "ERROR",
  "message": "Global error handler Cannot read properties of undefined (reading 'total')",
  "statusCode": 500,
  "path": "/api/chats",
  "method": "GET",
  "stack": "TypeError: Cannot read properties of undefined (reading 'total')\n    at C:\\laragon\\www\\projectpolda\\backend\\src\\routes\\chats.js:72:13\n    at process.processTicksAndRejections (node:internal/process/task_queues:105:5)"
}
{
  "timestamp": "2026-04-18 12:55:59",
  "level": "ERROR",
  "message": "Unhandled error",
  "error": "Cannot read properties of undefined (reading 'total')",
  "stack": "TypeError: Cannot read properties of undefined (reading 'total')\n    at C:\\laragon\\www\\projectpolda\\backend\\src\\routes\\chats.js:72:13\n    at process.processTicksAndRejections (node:internal/process/task_queues:105:5)",
  "request": {
    "method": "GET",
    "url": "/api/chats?page=1&perPage=50&filter=user_id+%3D+%2228994031-7caa-457f-8745-54fcd81533f6%22&sort=-updated",
    "ip": "::1",
    "userAgent": "Mozilla/5.0 (Windows NT 10.0; Win64; x64) AppleWebKit/537.36 (KHTML, like Gecko) Chrome/147.0.0.0 Safari/537.36 Edg/147.0.0.0",
    "userId": "28994031-7caa-457f-8745-54fcd81533f6",
    "userRole": "User"
  }
}
{
  "timestamp": "2026-04-18 12:55:59",
  "level": "ERROR",
  "message": "Global error handler Cannot read properties of undefined (reading 'total')",
  "statusCode": 500,
  "path": "/api/chats",
  "method": "GET",
  "stack": "TypeError: Cannot read properties of undefined (reading 'total')\n    at C:\\laragon\\www\\projectpolda\\backend\\src\\routes\\chats.js:72:13\n    at process.processTicksAndRejections (node:internal/process/task_queues:105:5)"
}
{
  "timestamp": "2026-04-18 12:57:04",
  "level": "ERROR",
  "message": "Unhandled error",
  "error": "Cannot read properties of undefined (reading 'total')",
  "stack": "TypeError: Cannot read properties of undefined (reading 'total')\n    at C:\\laragon\\www\\projectpolda\\backend\\src\\routes\\chats.js:72:13\n    at process.processTicksAndRejections (node:internal/process/task_queues:105:5)",
  "request": {
    "method": "GET",
    "url": "/api/chats?page=1&perPage=50&filter=user_id+%3D+%2228994031-7caa-457f-8745-54fcd81533f6%22&sort=-updated",
    "ip": "::1",
    "userAgent": "Mozilla/5.0 (Windows NT 10.0; Win64; x64) AppleWebKit/537.36 (KHTML, like Gecko) Chrome/147.0.0.0 Safari/537.36 Edg/147.0.0.0",
    "userId": "28994031-7caa-457f-8745-54fcd81533f6",
    "userRole": "User"
  }
}
{
  "timestamp": "2026-04-18 12:57:04",
  "level": "ERROR",
  "message": "Global error handler Cannot read properties of undefined (reading 'total')",
  "statusCode": 500,
  "path": "/api/chats",
  "method": "GET",
  "stack": "TypeError: Cannot read properties of undefined (reading 'total')\n    at C:\\laragon\\www\\projectpolda\\backend\\src\\routes\\chats.js:72:13\n    at process.processTicksAndRejections (node:internal/process/task_queues:105:5)"
}
{
  "timestamp": "2026-04-18 12:59:06",
  "level": "ERROR",
  "message": "Failed to get technician dashboard summary",
  "error": "Unknown column 'ts.auto_assign' in 'field list'",
  "userId": "70e770f6-1d37-4bbc-8745-e9f8fac346fe"
}
{
  "timestamp": "2026-04-18 13:00:14",
  "level": "ERROR",
  "message": "Failed to connect to Redis",
  "error": ""
}
{
  "timestamp": "2026-04-18 13:01:30",
  "level": "ERROR",
  "message": "Failed to get technician dashboard summary",
  "error": "Unknown column 'ts.updated_at' in 'field list'",
  "userId": "70e770f6-1d37-4bbc-8745-e9f8fac346fe"
}
{
  "timestamp": "2026-04-18 13:02:14",
  "level": "ERROR",
  "message": "Failed to connect to Redis",
  "error": ""
}
{
  "timestamp": "2026-04-18 13:03:02",
  "level": "ERROR",
  "message": "Failed to connect to Redis",
  "error": ""
}
{
  "timestamp": "2026-04-18 13:03:54",
  "level": "ERROR",
  "message": "Failed to connect to Redis",
  "error": ""
}
{
  "timestamp": "2026-04-18 13:05:08",
  "level": "ERROR",
  "message": "Unhandled error",
  "error": "Incorrect datetime value: '2026-04-18T05:05:08.414Z' for column 'updated_at' at row 1",
  "stack": "Error: Incorrect datetime value: '2026-04-18T05:05:08.414Z' for column 'updated_at' at row 1\n    at C:\\laragon\\www\\projectpolda\\backend\\node_modules\\mysql2\\lib\\promise\\make_done_cb.js:6:24\n    at cmdQuery.onResult (C:\\laragon\\www\\projectpolda\\backend\\node_modules\\mysql2\\lib\\base\\pool.js:237:13)\n    at Query.execute (C:\\laragon\\www\\projectpolda\\backend\\node_modules\\mysql2\\lib\\commands\\command.js:36:14)\n    at PoolConnection.handlePacket (C:\\laragon\\www\\projectpolda\\backend\\node_modules\\mysql2\\lib\\base\\connection.js:552:34)\n    at PacketParser.onPacket (C:\\laragon\\www\\projectpolda\\backend\\node_modules\\mysql2\\lib\\base\\connection.js:102:12)\n    at PacketParser.executeStart (C:\\laragon\\www\\projectpolda\\backend\\node_modules\\mysql2\\lib\\packet_parser.js:75:16)\n    at Socket.<anonymous> (C:\\laragon\\www\\projectpolda\\backend\\node_modules\\mysql2\\lib\\base\\connection.js:109:25)\n    at Socket.emit (node:events:519:28)\n    at addChunk (node:internal/streams/readable:561:12)\n    at readableAddChunkPushByteMode (node:internal/streams/readable:512:3)",
  "request": {
    "method": "PATCH",
    "url": "/api/chats/1493457a-971d-4073-b6d6-5abe640cc30a",
    "ip": "::1",
    "userAgent": "Mozilla/5.0 (Windows NT 10.0; Win64; x64) AppleWebKit/537.36 (KHTML, like Gecko) Chrome/147.0.0.0 Safari/537.36 Edg/147.0.0.0",
    "userId": "28994031-7caa-457f-8745-54fcd81533f6",
    "userRole": "User"
  }
}
{
  "timestamp": "2026-04-18 13:05:08",
  "level": "ERROR",
  "message": "Global error handler Incorrect datetime value: '2026-04-18T05:05:08.414Z' for column 'updated_at' at row 1",
  "statusCode": 500,
  "path": "/api/chats/1493457a-971d-4073-b6d6-5abe640cc30a",
  "method": "PATCH",
  "stack": "Error: Incorrect datetime value: '2026-04-18T05:05:08.414Z' for column 'updated_at' at row 1\n    at C:\\laragon\\www\\projectpolda\\backend\\node_modules\\mysql2\\lib\\promise\\make_done_cb.js:6:24\n    at cmdQuery.onResult (C:\\laragon\\www\\projectpolda\\backend\\node_modules\\mysql2\\lib\\base\\pool.js:237:13)\n    at Query.execute (C:\\laragon\\www\\projectpolda\\backend\\node_modules\\mysql2\\lib\\commands\\command.js:36:14)\n    at PoolConnection.handlePacket (C:\\laragon\\www\\projectpolda\\backend\\node_modules\\mysql2\\lib\\base\\connection.js:552:34)\n    at PacketParser.onPacket (C:\\laragon\\www\\projectpolda\\backend\\node_modules\\mysql2\\lib\\base\\connection.js:102:12)\n    at PacketParser.executeStart (C:\\laragon\\www\\projectpolda\\backend\\node_modules\\mysql2\\lib\\packet_parser.js:75:16)\n    at Socket.<anonymous> (C:\\laragon\\www\\projectpolda\\backend\\node_modules\\mysql2\\lib\\base\\connection.js:109:25)\n    at Socket.emit (node:events:519:28)\n    at addChunk (node:internal/streams/readable:561:12)\n    at readableAddChunkPushByteMode (node:internal/streams/readable:512:3)"
}
{
  "timestamp": "2026-04-18 13:05:11",
  "level": "ERROR",
  "message": "Unhandled error",
  "error": "Incorrect datetime value: '2026-04-18T05:05:11.217Z' for column 'updated_at' at row 1",
  "stack": "Error: Incorrect datetime value: '2026-04-18T05:05:11.217Z' for column 'updated_at' at row 1\n    at C:\\laragon\\www\\projectpolda\\backend\\node_modules\\mysql2\\lib\\promise\\make_done_cb.js:6:24\n    at cmdQuery.onResult (C:\\laragon\\www\\projectpolda\\backend\\node_modules\\mysql2\\lib\\base\\pool.js:237:13)\n    at Query.execute (C:\\laragon\\www\\projectpolda\\backend\\node_modules\\mysql2\\lib\\commands\\command.js:36:14)\n    at PoolConnection.handlePacket (C:\\laragon\\www\\projectpolda\\backend\\node_modules\\mysql2\\lib\\base\\connection.js:552:34)\n    at PacketParser.onPacket (C:\\laragon\\www\\projectpolda\\backend\\node_modules\\mysql2\\lib\\base\\connection.js:102:12)\n    at PacketParser.executeStart (C:\\laragon\\www\\projectpolda\\backend\\node_modules\\mysql2\\lib\\packet_parser.js:75:16)\n    at Socket.<anonymous> (C:\\laragon\\www\\projectpolda\\backend\\node_modules\\mysql2\\lib\\base\\connection.js:109:25)\n    at Socket.emit (node:events:519:28)\n    at addChunk (node:internal/streams/readable:561:12)\n    at readableAddChunkPushByteMode (node:internal/streams/readable:512:3)",
  "request": {
    "method": "PATCH",
    "url": "/api/chats/1493457a-971d-4073-b6d6-5abe640cc30a",
    "ip": "::1",
    "userAgent": "Mozilla/5.0 (Windows NT 10.0; Win64; x64) AppleWebKit/537.36 (KHTML, like Gecko) Chrome/147.0.0.0 Safari/537.36 Edg/147.0.0.0",
    "userId": "28994031-7caa-457f-8745-54fcd81533f6",
    "userRole": "User"
  }
}
{
  "timestamp": "2026-04-18 13:05:11",
  "level": "ERROR",
  "message": "Global error handler Incorrect datetime value: '2026-04-18T05:05:11.217Z' for column 'updated_at' at row 1",
  "statusCode": 500,
  "path": "/api/chats/1493457a-971d-4073-b6d6-5abe640cc30a",
  "method": "PATCH",
  "stack": "Error: Incorrect datetime value: '2026-04-18T05:05:11.217Z' for column 'updated_at' at row 1\n    at C:\\laragon\\www\\projectpolda\\backend\\node_modules\\mysql2\\lib\\promise\\make_done_cb.js:6:24\n    at cmdQuery.onResult (C:\\laragon\\www\\projectpolda\\backend\\node_modules\\mysql2\\lib\\base\\pool.js:237:13)\n    at Query.execute (C:\\laragon\\www\\projectpolda\\backend\\node_modules\\mysql2\\lib\\commands\\command.js:36:14)\n    at PoolConnection.handlePacket (C:\\laragon\\www\\projectpolda\\backend\\node_modules\\mysql2\\lib\\base\\connection.js:552:34)\n    at PacketParser.onPacket (C:\\laragon\\www\\projectpolda\\backend\\node_modules\\mysql2\\lib\\base\\connection.js:102:12)\n    at PacketParser.executeStart (C:\\laragon\\www\\projectpolda\\backend\\node_modules\\mysql2\\lib\\packet_parser.js:75:16)\n    at Socket.<anonymous> (C:\\laragon\\www\\projectpolda\\backend\\node_modules\\mysql2\\lib\\base\\connection.js:109:25)\n    at Socket.emit (node:events:519:28)\n    at addChunk (node:internal/streams/readable:561:12)\n    at readableAddChunkPushByteMode (node:internal/streams/readable:512:3)"
}
{
  "timestamp": "2026-04-18 13:05:12",
  "level": "ERROR",
  "message": "Unhandled error",
  "error": "Incorrect datetime value: '2026-04-18T05:05:12.854Z' for column 'updated_at' at row 1",
  "stack": "Error: Incorrect datetime value: '2026-04-18T05:05:12.854Z' for column 'updated_at' at row 1\n    at C:\\laragon\\www\\projectpolda\\backend\\node_modules\\mysql2\\lib\\promise\\make_done_cb.js:6:24\n    at cmdQuery.onResult (C:\\laragon\\www\\projectpolda\\backend\\node_modules\\mysql2\\lib\\base\\pool.js:237:13)\n    at Query.execute (C:\\laragon\\www\\projectpolda\\backend\\node_modules\\mysql2\\lib\\commands\\command.js:36:14)\n    at PoolConnection.handlePacket (C:\\laragon\\www\\projectpolda\\backend\\node_modules\\mysql2\\lib\\base\\connection.js:552:34)\n    at PacketParser.onPacket (C:\\laragon\\www\\projectpolda\\backend\\node_modules\\mysql2\\lib\\base\\connection.js:102:12)\n    at PacketParser.executeStart (C:\\laragon\\www\\projectpolda\\backend\\node_modules\\mysql2\\lib\\packet_parser.js:75:16)\n    at Socket.<anonymous> (C:\\laragon\\www\\projectpolda\\backend\\node_modules\\mysql2\\lib\\base\\connection.js:109:25)\n    at Socket.emit (node:events:519:28)\n    at addChunk (node:internal/streams/readable:561:12)\n    at readableAddChunkPushByteMode (node:internal/streams/readable:512:3)",
  "request": {
    "method": "PATCH",
    "url": "/api/chats/1493457a-971d-4073-b6d6-5abe640cc30a",
    "ip": "::1",
    "userAgent": "Mozilla/5.0 (Windows NT 10.0; Win64; x64) AppleWebKit/537.36 (KHTML, like Gecko) Chrome/147.0.0.0 Safari/537.36 Edg/147.0.0.0",
    "userId": "28994031-7caa-457f-8745-54fcd81533f6",
    "userRole": "User"
  }
}
{
  "timestamp": "2026-04-18 13:05:12",
  "level": "ERROR",
  "message": "Global error handler Incorrect datetime value: '2026-04-18T05:05:12.854Z' for column 'updated_at' at row 1",
  "statusCode": 500,
  "path": "/api/chats/1493457a-971d-4073-b6d6-5abe640cc30a",
  "method": "PATCH",
  "stack": "Error: Incorrect datetime value: '2026-04-18T05:05:12.854Z' for column 'updated_at' at row 1\n    at C:\\laragon\\www\\projectpolda\\backend\\node_modules\\mysql2\\lib\\promise\\make_done_cb.js:6:24\n    at cmdQuery.onResult (C:\\laragon\\www\\projectpolda\\backend\\node_modules\\mysql2\\lib\\base\\pool.js:237:13)\n    at Query.execute (C:\\laragon\\www\\projectpolda\\backend\\node_modules\\mysql2\\lib\\commands\\command.js:36:14)\n    at PoolConnection.handlePacket (C:\\laragon\\www\\projectpolda\\backend\\node_modules\\mysql2\\lib\\base\\connection.js:552:34)\n    at PacketParser.onPacket (C:\\laragon\\www\\projectpolda\\backend\\node_modules\\mysql2\\lib\\base\\connection.js:102:12)\n    at PacketParser.executeStart (C:\\laragon\\www\\projectpolda\\backend\\node_modules\\mysql2\\lib\\packet_parser.js:75:16)\n    at Socket.<anonymous> (C:\\laragon\\www\\projectpolda\\backend\\node_modules\\mysql2\\lib\\base\\connection.js:109:25)\n    at Socket.emit (node:events:519:28)\n    at addChunk (node:internal/streams/readable:561:12)\n    at readableAddChunkPushByteMode (node:internal/streams/readable:512:3)"
}
{
  "timestamp": "2026-04-18 13:05:20",
  "level": "ERROR",
  "message": "Unhandled error",
  "error": "Incorrect datetime value: '2026-04-18T05:05:20.892Z' for column 'updated_at' at row 1",
  "stack": "Error: Incorrect datetime value: '2026-04-18T05:05:20.892Z' for column 'updated_at' at row 1\n    at C:\\laragon\\www\\projectpolda\\backend\\node_modules\\mysql2\\lib\\promise\\make_done_cb.js:6:24\n    at cmdQuery.onResult (C:\\laragon\\www\\projectpolda\\backend\\node_modules\\mysql2\\lib\\base\\pool.js:237:13)\n    at Query.execute (C:\\laragon\\www\\projectpolda\\backend\\node_modules\\mysql2\\lib\\commands\\command.js:36:14)\n    at PoolConnection.handlePacket (C:\\laragon\\www\\projectpolda\\backend\\node_modules\\mysql2\\lib\\base\\connection.js:552:34)\n    at PacketParser.onPacket (C:\\laragon\\www\\projectpolda\\backend\\node_modules\\mysql2\\lib\\base\\connection.js:102:12)\n    at PacketParser.executeStart (C:\\laragon\\www\\projectpolda\\backend\\node_modules\\mysql2\\lib\\packet_parser.js:75:16)\n    at Socket.<anonymous> (C:\\laragon\\www\\projectpolda\\backend\\node_modules\\mysql2\\lib\\base\\connection.js:109:25)\n    at Socket.emit (node:events:519:28)\n    at addChunk (node:internal/streams/readable:561:12)\n    at readableAddChunkPushByteMode (node:internal/streams/readable:512:3)",
  "request": {
    "method": "PATCH",
    "url": "/api/chats/1493457a-971d-4073-b6d6-5abe640cc30a",
    "ip": "::1",
    "userAgent": "Mozilla/5.0 (Windows NT 10.0; Win64; x64) AppleWebKit/537.36 (KHTML, like Gecko) Chrome/147.0.0.0 Safari/537.36",
    "userId": "70e770f6-1d37-4bbc-8745-e9f8fac346fe",
    "userRole": "Teknisi"
  }
}
{
  "timestamp": "2026-04-18 13:05:20",
  "level": "ERROR",
  "message": "Global error handler Incorrect datetime value: '2026-04-18T05:05:20.892Z' for column 'updated_at' at row 1",
  "statusCode": 500,
  "path": "/api/chats/1493457a-971d-4073-b6d6-5abe640cc30a",
  "method": "PATCH",
  "stack": "Error: Incorrect datetime value: '2026-04-18T05:05:20.892Z' for column 'updated_at' at row 1\n    at C:\\laragon\\www\\projectpolda\\backend\\node_modules\\mysql2\\lib\\promise\\make_done_cb.js:6:24\n    at cmdQuery.onResult (C:\\laragon\\www\\projectpolda\\backend\\node_modules\\mysql2\\lib\\base\\pool.js:237:13)\n    at Query.execute (C:\\laragon\\www\\projectpolda\\backend\\node_modules\\mysql2\\lib\\commands\\command.js:36:14)\n    at PoolConnection.handlePacket (C:\\laragon\\www\\projectpolda\\backend\\node_modules\\mysql2\\lib\\base\\connection.js:552:34)\n    at PacketParser.onPacket (C:\\laragon\\www\\projectpolda\\backend\\node_modules\\mysql2\\lib\\base\\connection.js:102:12)\n    at PacketParser.executeStart (C:\\laragon\\www\\projectpolda\\backend\\node_modules\\mysql2\\lib\\packet_parser.js:75:16)\n    at Socket.<anonymous> (C:\\laragon\\www\\projectpolda\\backend\\node_modules\\mysql2\\lib\\base\\connection.js:109:25)\n    at Socket.emit (node:events:519:28)\n    at addChunk (node:internal/streams/readable:561:12)\n    at readableAddChunkPushByteMode (node:internal/streams/readable:512:3)"
}
{
  "timestamp": "2026-04-18 13:05:45",
  "level": "ERROR",
  "message": "Unhandled error",
  "error": "Incorrect datetime value: '2026-04-18T05:05:45.863Z' for column 'updated_at' at row 1",
  "stack": "Error: Incorrect datetime value: '2026-04-18T05:05:45.863Z' for column 'updated_at' at row 1\n    at C:\\laragon\\www\\projectpolda\\backend\\node_modules\\mysql2\\lib\\promise\\make_done_cb.js:6:24\n    at cmdQuery.onResult (C:\\laragon\\www\\projectpolda\\backend\\node_modules\\mysql2\\lib\\base\\pool.js:237:13)\n    at Query.execute (C:\\laragon\\www\\projectpolda\\backend\\node_modules\\mysql2\\lib\\commands\\command.js:36:14)\n    at PoolConnection.handlePacket (C:\\laragon\\www\\projectpolda\\backend\\node_modules\\mysql2\\lib\\base\\connection.js:552:34)\n    at PacketParser.onPacket (C:\\laragon\\www\\projectpolda\\backend\\node_modules\\mysql2\\lib\\base\\connection.js:102:12)\n    at PacketParser.executeStart (C:\\laragon\\www\\projectpolda\\backend\\node_modules\\mysql2\\lib\\packet_parser.js:75:16)\n    at Socket.<anonymous> (C:\\laragon\\www\\projectpolda\\backend\\node_modules\\mysql2\\lib\\base\\connection.js:109:25)\n    at Socket.emit (node:events:519:28)\n    at addChunk (node:internal/streams/readable:561:12)\n    at readableAddChunkPushByteMode (node:internal/streams/readable:512:3)",
  "request": {
    "method": "PATCH",
    "url": "/api/chats/1493457a-971d-4073-b6d6-5abe640cc30a",
    "ip": "::1",
    "userAgent": "Mozilla/5.0 (Windows NT 10.0; Win64; x64) AppleWebKit/537.36 (KHTML, like Gecko) Chrome/147.0.0.0 Safari/537.36",
    "userId": "70e770f6-1d37-4bbc-8745-e9f8fac346fe",
    "userRole": "Teknisi"
  }
}
{
  "timestamp": "2026-04-18 13:05:45",
  "level": "ERROR",
  "message": "Global error handler Incorrect datetime value: '2026-04-18T05:05:45.863Z' for column 'updated_at' at row 1",
  "statusCode": 500,
  "path": "/api/chats/1493457a-971d-4073-b6d6-5abe640cc30a",
  "method": "PATCH",
  "stack": "Error: Incorrect datetime value: '2026-04-18T05:05:45.863Z' for column 'updated_at' at row 1\n    at C:\\laragon\\www\\projectpolda\\backend\\node_modules\\mysql2\\lib\\promise\\make_done_cb.js:6:24\n    at cmdQuery.onResult (C:\\laragon\\www\\projectpolda\\backend\\node_modules\\mysql2\\lib\\base\\pool.js:237:13)\n    at Query.execute (C:\\laragon\\www\\projectpolda\\backend\\node_modules\\mysql2\\lib\\commands\\command.js:36:14)\n    at PoolConnection.handlePacket (C:\\laragon\\www\\projectpolda\\backend\\node_modules\\mysql2\\lib\\base\\connection.js:552:34)\n    at PacketParser.onPacket (C:\\laragon\\www\\projectpolda\\backend\\node_modules\\mysql2\\lib\\base\\connection.js:102:12)\n    at PacketParser.executeStart (C:\\laragon\\www\\projectpolda\\backend\\node_modules\\mysql2\\lib\\packet_parser.js:75:16)\n    at Socket.<anonymous> (C:\\laragon\\www\\projectpolda\\backend\\node_modules\\mysql2\\lib\\base\\connection.js:109:25)\n    at Socket.emit (node:events:519:28)\n    at addChunk (node:internal/streams/readable:561:12)\n    at readableAddChunkPushByteMode (node:internal/streams/readable:512:3)"
}
{
  "timestamp": "2026-04-18 13:14:13",
  "level": "ERROR",
  "message": "Failed to connect to Redis",
  "error": ""
}
{
  "timestamp": "2026-04-18 13:18:42",
  "level": "ERROR",
  "message": "Failed to connect to Redis",
  "error": ""
}
{
  "timestamp": "2026-04-18 15:18:06",
  "level": "ERROR",
  "message": "Unhandled error",
  "error": "File too large",
  "stack": "MulterError: File too large\n    at abortWithCode (C:\\laragon\\www\\projectpolda\\backend\\node_modules\\multer\\lib\\make-middleware.js:73:22)\n    at FileStream.<anonymous> (C:\\laragon\\www\\projectpolda\\backend\\node_modules\\multer\\lib\\make-middleware.js:136:11)\n    at FileStream.emit (node:events:519:28)\n    at SBMH.ssCb [as _cb] (C:\\laragon\\www\\projectpolda\\backend\\node_modules\\busboy\\lib\\types\\multipart.js:479:32)\n    at feed (C:\\laragon\\www\\projectpolda\\backend\\node_modules\\streamsearch\\lib\\sbmh.js:248:10)\n    at SBMH.push (C:\\laragon\\www\\projectpolda\\backend\\node_modules\\streamsearch\\lib\\sbmh.js:104:16)\n    at Multipart._write (C:\\laragon\\www\\projectpolda\\backend\\node_modules\\busboy\\lib\\types\\multipart.js:567:19)\n    at writeOrBuffer (node:internal/streams/writable:572:12)\n    at _write (node:internal/streams/writable:501:10)\n    at Writable.write (node:internal/streams/writable:510:10)",
  "request": {
    "method": "POST",
    "url": "/api/uploads/ticket/d818e8d5-1e52-42f6-9b1e-46b7a19b9526",
    "ip": "::1",
    "userAgent": "Mozilla/5.0 (Windows NT 10.0; Win64; x64) AppleWebKit/537.36 (KHTML, like Gecko) Chrome/147.0.0.0 Safari/537.36 Edg/147.0.0.0",
    "userId": "28994031-7caa-457f-8745-54fcd81533f6",
    "userRole": "User"
  }
}
{
  "timestamp": "2026-04-18 15:18:07",
  "level": "ERROR",
  "message": "Global error handler File too large",
  "statusCode": 400,
  "path": "/api/uploads/ticket/d818e8d5-1e52-42f6-9b1e-46b7a19b9526",
  "method": "POST",
  "stack": "MulterError: File too large\n    at abortWithCode (C:\\laragon\\www\\projectpolda\\backend\\node_modules\\multer\\lib\\make-middleware.js:73:22)\n    at FileStream.<anonymous> (C:\\laragon\\www\\projectpolda\\backend\\node_modules\\multer\\lib\\make-middleware.js:136:11)\n    at FileStream.emit (node:events:519:28)\n    at SBMH.ssCb [as _cb] (C:\\laragon\\www\\projectpolda\\backend\\node_modules\\busboy\\lib\\types\\multipart.js:479:32)\n    at feed (C:\\laragon\\www\\projectpolda\\backend\\node_modules\\streamsearch\\lib\\sbmh.js:248:10)\n    at SBMH.push (C:\\laragon\\www\\projectpolda\\backend\\node_modules\\streamsearch\\lib\\sbmh.js:104:16)\n    at Multipart._write (C:\\laragon\\www\\projectpolda\\backend\\node_modules\\busboy\\lib\\types\\multipart.js:567:19)\n    at writeOrBuffer (node:internal/streams/writable:572:12)\n    at _write (node:internal/streams/writable:501:10)\n    at Writable.write (node:internal/streams/writable:510:10)"
}
{
  "timestamp": "2026-04-18 21:05:57",
  "level": "ERROR",
  "message": "Failed to connect to Redis",
  "error": ""
}
