{
  "timestamp": "2026-04-21 01:21:38",
  "level": "ERROR",
  "message": "[DEBUG] Error creating ticket",
  "error": "Unknown column 'category' in 'field list'",
  "stack": "Error: Unknown column 'category' in 'field list'\n    at C:\\laragon\\www\\projectpolda\\backend\\node_modules\\mysql2\\lib\\promise\\make_done_cb.js:6:24\n    at Query.cmdQuery.onResult (C:\\laragon\\www\\projectpolda\\backend\\node_modules\\mysql2\\lib\\base\\pool.js:237:13)\n    at Query.execute (C:\\laragon\\www\\projectpolda\\backend\\node_modules\\mysql2\\lib\\commands\\command.js:36:14)\n    at PoolConnection.handlePacket (C:\\laragon\\www\\projectpolda\\backend\\node_modules\\mysql2\\lib\\base\\connection.js:552:34)\n    at PacketParser.onPacket (C:\\laragon\\www\\projectpolda\\backend\\node_modules\\mysql2\\lib\\base\\connection.js:102:12)\n    at PacketParser.executeStart (C:\\laragon\\www\\projectpolda\\backend\\node_modules\\mysql2\\lib\\packet_parser.js:75:16)\n    at Socket.<anonymous> (C:\\laragon\\www\\projectpolda\\backend\\node_modules\\mysql2\\lib\\base\\connection.js:109:25)\n    at Socket.emit (node:events:508:28)\n    at addChunk (node:internal/streams/readable:563:12)\n    at readableAddChunkPushByteMode (node:internal/streams/readable:514:3)\n    at Socket.Readable.push (node:internal/streams/readable:394:5)\n    at TCP.onStreamRead (node:internal/stream_base_commons:189:23)",
  "body": {
    "title": "Contract Test Ticket",
    "description": "Test ticket for contract",
    "urgency": "Sedang",
    "category": "General"
  },
  "user": {
    "id": "phase2-contract-user",
    "role": "User",
    "name": "Phase 2 Contract User",
    "email": "phase2.contract@test.local",
    "iat": 1776705698,
    "exp": 1776709298
  }
}
{
  "timestamp": "2026-04-21 01:21:38",
  "level": "ERROR",
  "message": "Unhandled error",
  "error": "Unknown column 'category' in 'field list'",
  "stack": "Error: Unknown column 'category' in 'field list'\n    at C:\\laragon\\www\\projectpolda\\backend\\node_modules\\mysql2\\lib\\promise\\make_done_cb.js:6:24\n    at Query.cmdQuery.onResult (C:\\laragon\\www\\projectpolda\\backend\\node_modules\\mysql2\\lib\\base\\pool.js:237:13)\n    at Query.execute (C:\\laragon\\www\\projectpolda\\backend\\node_modules\\mysql2\\lib\\commands\\command.js:36:14)\n    at PoolConnection.handlePacket (C:\\laragon\\www\\projectpolda\\backend\\node_modules\\mysql2\\lib\\base\\connection.js:552:34)\n    at PacketParser.onPacket (C:\\laragon\\www\\projectpolda\\backend\\node_modules\\mysql2\\lib\\base\\connection.js:102:12)\n    at PacketParser.executeStart (C:\\laragon\\www\\projectpolda\\backend\\node_modules\\mysql2\\lib\\packet_parser.js:75:16)\n    at Socket.<anonymous> (C:\\laragon\\www\\projectpolda\\backend\\node_modules\\mysql2\\lib\\base\\connection.js:109:25)\n    at Socket.emit (node:events:508:28)\n    at addChunk (node:internal/streams/readable:563:12)\n    at readableAddChunkPushByteMode (node:internal/streams/readable:514:3)\n    at Socket.Readable.push (node:internal/streams/readable:394:5)\n    at TCP.onStreamRead (node:internal/stream_base_commons:189:23)",
  "request": {
    "method": "POST",
    "url": "/api/tickets",
    "ip": "::ffff:127.0.0.1",
    "userId": "phase2-contract-user",
    "userRole": "User"
  }
}
{
  "timestamp": "2026-04-21 01:23:23",
  "level": "ERROR",
  "message": "[DEBUG] Error creating ticket",
  "error": "Unknown column 'category' in 'field list'",
  "stack": "Error: Unknown column 'category' in 'field list'\n    at C:\\laragon\\www\\projectpolda\\backend\\node_modules\\mysql2\\lib\\promise\\make_done_cb.js:6:24\n    at Query.cmdQuery.onResult (C:\\laragon\\www\\projectpolda\\backend\\node_modules\\mysql2\\lib\\base\\pool.js:237:13)\n    at Query.execute (C:\\laragon\\www\\projectpolda\\backend\\node_modules\\mysql2\\lib\\commands\\command.js:36:14)\n    at PoolConnection.handlePacket (C:\\laragon\\www\\projectpolda\\backend\\node_modules\\mysql2\\lib\\base\\connection.js:552:34)\n    at PacketParser.onPacket (C:\\laragon\\www\\projectpolda\\backend\\node_modules\\mysql2\\lib\\base\\connection.js:102:12)\n    at PacketParser.executeStart (C:\\laragon\\www\\projectpolda\\backend\\node_modules\\mysql2\\lib\\packet_parser.js:75:16)\n    at Socket.<anonymous> (C:\\laragon\\www\\projectpolda\\backend\\node_modules\\mysql2\\lib\\base\\connection.js:109:25)\n    at Socket.emit (node:events:508:28)\n    at addChunk (node:internal/streams/readable:563:12)\n    at readableAddChunkPushByteMode (node:internal/streams/readable:514:3)\n    at Socket.Readable.push (node:internal/streams/readable:394:5)\n    at TCP.onStreamRead (node:internal/stream_base_commons:189:23)",
  "body": {
    "title": "Contract Test Ticket",
    "description": "Test ticket for contract",
    "urgency": "Sedang",
    "category": "General"
  },
  "user": {
    "id": "phase2-contract-user",
    "role": "User",
    "name": "Phase 2 Contract User",
    "email": "phase2.contract@test.local",
    "iat": 1776705803,
    "exp": 1776709403
  }
}
{
  "timestamp": "2026-04-21 01:23:23",
  "level": "ERROR",
  "message": "Unhandled error",
  "error": "Unknown column 'category' in 'field list'",
  "stack": "Error: Unknown column 'category' in 'field list'\n    at C:\\laragon\\www\\projectpolda\\backend\\node_modules\\mysql2\\lib\\promise\\make_done_cb.js:6:24\n    at Query.cmdQuery.onResult (C:\\laragon\\www\\projectpolda\\backend\\node_modules\\mysql2\\lib\\base\\pool.js:237:13)\n    at Query.execute (C:\\laragon\\www\\projectpolda\\backend\\node_modules\\mysql2\\lib\\commands\\command.js:36:14)\n    at PoolConnection.handlePacket (C:\\laragon\\www\\projectpolda\\backend\\node_modules\\mysql2\\lib\\base\\connection.js:552:34)\n    at PacketParser.onPacket (C:\\laragon\\www\\projectpolda\\backend\\node_modules\\mysql2\\lib\\base\\connection.js:102:12)\n    at PacketParser.executeStart (C:\\laragon\\www\\projectpolda\\backend\\node_modules\\mysql2\\lib\\packet_parser.js:75:16)\n    at Socket.<anonymous> (C:\\laragon\\www\\projectpolda\\backend\\node_modules\\mysql2\\lib\\base\\connection.js:109:25)\n    at Socket.emit (node:events:508:28)\n    at addChunk (node:internal/streams/readable:563:12)\n    at readableAddChunkPushByteMode (node:internal/streams/readable:514:3)\n    at Socket.Readable.push (node:internal/streams/readable:394:5)\n    at TCP.onStreamRead (node:internal/stream_base_commons:189:23)",
  "request": {
    "method": "POST",
    "url": "/api/tickets",
    "ip": "::ffff:127.0.0.1",
    "userId": "phase2-contract-user",
    "userRole": "User"
  }
}
{
  "timestamp": "2026-04-21 01:23:49",
  "level": "ERROR",
  "message": "Failed to connect to Redis",
  "error": ""
}
{
  "timestamp": "2026-04-21 01:25:20",
  "level": "ERROR",
  "message": "[DEBUG] Error creating ticket",
  "error": "Unknown column 'category' in 'field list'",
  "stack": "Error: Unknown column 'category' in 'field list'\n    at C:\\laragon\\www\\projectpolda\\backend\\node_modules\\mysql2\\lib\\promise\\make_done_cb.js:6:24\n    at Query.cmdQuery.onResult (C:\\laragon\\www\\projectpolda\\backend\\node_modules\\mysql2\\lib\\base\\pool.js:237:13)\n    at Query.execute (C:\\laragon\\www\\projectpolda\\backend\\node_modules\\mysql2\\lib\\commands\\command.js:36:14)\n    at PoolConnection.handlePacket (C:\\laragon\\www\\projectpolda\\backend\\node_modules\\mysql2\\lib\\base\\connection.js:552:34)\n    at PacketParser.onPacket (C:\\laragon\\www\\projectpolda\\backend\\node_modules\\mysql2\\lib\\base\\connection.js:102:12)\n    at PacketParser.executeStart (C:\\laragon\\www\\projectpolda\\backend\\node_modules\\mysql2\\lib\\packet_parser.js:75:16)\n    at Socket.<anonymous> (C:\\laragon\\www\\projectpolda\\backend\\node_modules\\mysql2\\lib\\base\\connection.js:109:25)\n    at Socket.emit (node:events:508:28)\n    at addChunk (node:internal/streams/readable:563:12)\n    at readableAddChunkPushByteMode (node:internal/streams/readable:514:3)\n    at Socket.Readable.push (node:internal/streams/readable:394:5)\n    at TCP.onStreamRead (node:internal/stream_base_commons:189:23)",
  "body": {
    "title": "Contract Test Ticket",
    "description": "Test ticket for contract",
    "urgency": "Sedang",
    "category": "General"
  },
  "user": {
    "id": "phase2-contract-user",
    "role": "User",
    "name": "Phase 2 Contract User",
    "email": "phase2.contract@test.local",
    "iat": 1776705920,
    "exp": 1776709520
  }
}
{
  "timestamp": "2026-04-21 01:25:20",
  "level": "ERROR",
  "message": "Unhandled error",
  "error": "Unknown column 'category' in 'field list'",
  "stack": "Error: Unknown column 'category' in 'field list'\n    at C:\\laragon\\www\\projectpolda\\backend\\node_modules\\mysql2\\lib\\promise\\make_done_cb.js:6:24\n    at Query.cmdQuery.onResult (C:\\laragon\\www\\projectpolda\\backend\\node_modules\\mysql2\\lib\\base\\pool.js:237:13)\n    at Query.execute (C:\\laragon\\www\\projectpolda\\backend\\node_modules\\mysql2\\lib\\commands\\command.js:36:14)\n    at PoolConnection.handlePacket (C:\\laragon\\www\\projectpolda\\backend\\node_modules\\mysql2\\lib\\base\\connection.js:552:34)\n    at PacketParser.onPacket (C:\\laragon\\www\\projectpolda\\backend\\node_modules\\mysql2\\lib\\base\\connection.js:102:12)\n    at PacketParser.executeStart (C:\\laragon\\www\\projectpolda\\backend\\node_modules\\mysql2\\lib\\packet_parser.js:75:16)\n    at Socket.<anonymous> (C:\\laragon\\www\\projectpolda\\backend\\node_modules\\mysql2\\lib\\base\\connection.js:109:25)\n    at Socket.emit (node:events:508:28)\n    at addChunk (node:internal/streams/readable:563:12)\n    at readableAddChunkPushByteMode (node:internal/streams/readable:514:3)\n    at Socket.Readable.push (node:internal/streams/readable:394:5)\n    at TCP.onStreamRead (node:internal/stream_base_commons:189:23)",
  "request": {
    "method": "POST",
    "url": "/api/tickets",
    "ip": "::ffff:127.0.0.1",
    "userId": "phase2-contract-user",
    "userRole": "User"
  }
}
{
  "timestamp": "2026-04-21 01:25:26",
  "level": "ERROR",
  "message": "Failed to connect to Redis",
  "error": ""
}
{
  "timestamp": "2026-04-21 01:26:15",
  "level": "ERROR",
  "message": "Failed to connect to Redis",
  "error": ""
}
{
  "timestamp": "2026-04-21 01:33:15",
  "level": "ERROR",
  "message": "Failed to connect to Redis",
  "error": ""
}
{
  "timestamp": "2026-04-21 07:09:27",
  "level": "ERROR",
  "message": "Failed to connect to Redis",
  "error": ""
}
{
  "timestamp": "2026-04-21 07:10:08",
  "level": "ERROR",
  "message": "Failed to connect to Redis",
  "error": ""
}
{
  "timestamp": "2026-04-21 07:10:42",
  "level": "ERROR",
  "message": "Failed to connect to Redis",
  "error": ""
}
{
  "timestamp": "2026-04-21 07:11:19",
  "level": "ERROR",
  "message": "Failed to connect to Redis",
  "error": ""
}
{
  "timestamp": "2026-04-21 07:12:33",
  "level": "ERROR",
  "message": "Failed to connect to Redis",
  "error": ""
}
{
  "timestamp": "2026-04-21 07:12:42",
  "level": "ERROR",
  "message": "Database connection failed",
  "error": ""
}
